mode: set
github.com/IBM/fp-go/v2/readerresult/array.go:33.74,35.2 1 0
github.com/IBM/fp-go/v2/readerresult/array.go:49.98,51.2 1 0
github.com/IBM/fp-go/v2/readerresult/array.go:68.76,70.2 1 1
github.com/IBM/fp-go/v2/readerresult/bind.go:42.22,44.2 1 1
github.com/IBM/fp-go/v2/readerresult/bind.go:93.49,95.2 1 1
github.com/IBM/fp-go/v2/readerresult/bind.go:103.49,105.2 1 0
github.com/IBM/fp-go/v2/readerresult/bind.go:113.49,115.2 1 0
github.com/IBM/fp-go/v2/readerresult/bind.go:122.22,124.2 1 0
github.com/IBM/fp-go/v2/readerresult/bind.go:172.49,174.2 1 1
github.com/IBM/fp-go/v2/readerresult/bind.go:211.21,213.2 1 0
github.com/IBM/fp-go/v2/readerresult/bind.go:252.21,254.2 1 0
github.com/IBM/fp-go/v2/readerresult/bind.go:288.21,290.2 1 0
github.com/IBM/fp-go/v2/readerresult/bind.go:321.21,323.2 1 0
github.com/IBM/fp-go/v2/readerresult/curry.go:35.64,37.2 1 1
github.com/IBM/fp-go/v2/readerresult/curry.go:46.81,48.2 1 1
github.com/IBM/fp-go/v2/readerresult/curry.go:58.98,60.2 1 1
github.com/IBM/fp-go/v2/readerresult/curry.go:69.115,71.2 1 1
github.com/IBM/fp-go/v2/readerresult/curry.go:81.83,83.2 1 1
github.com/IBM/fp-go/v2/readerresult/curry.go:92.100,94.2 1 1
github.com/IBM/fp-go/v2/readerresult/curry.go:103.117,105.2 1 1
github.com/IBM/fp-go/v2/readerresult/from.go:33.70,35.2 1 1
github.com/IBM/fp-go/v2/readerresult/from.go:45.80,47.2 1 1
github.com/IBM/fp-go/v2/readerresult/from.go:57.92,59.2 1 1
github.com/IBM/fp-go/v2/readerresult/from.go:69.104,71.2 1 1
github.com/IBM/fp-go/v2/readerresult/monoid.go:37.62,45.2 1 1
github.com/IBM/fp-go/v2/readerresult/monoid.go:64.70,69.2 1 1
github.com/IBM/fp-go/v2/readerresult/monoid.go:91.62,98.2 1 1
github.com/IBM/fp-go/v2/readerresult/reader.go:41.59,43.2 1 1
github.com/IBM/fp-go/v2/readerresult/reader.go:49.59,51.2 1 1
github.com/IBM/fp-go/v2/readerresult/reader.go:61.63,63.2 1 1
github.com/IBM/fp-go/v2/readerresult/reader.go:73.66,75.2 1 1
github.com/IBM/fp-go/v2/readerresult/reader.go:85.49,87.2 1 1
github.com/IBM/fp-go/v2/readerresult/reader.go:98.46,100.2 1 1
github.com/IBM/fp-go/v2/readerresult/reader.go:106.62,108.2 1 1
github.com/IBM/fp-go/v2/readerresult/reader.go:120.83,122.2 1 1
github.com/IBM/fp-go/v2/readerresult/reader.go:133.54,135.2 1 1
github.com/IBM/fp-go/v2/readerresult/reader.go:147.92,149.2 1 1
github.com/IBM/fp-go/v2/readerresult/reader.go:160.63,162.2 1 1
github.com/IBM/fp-go/v2/readerresult/reader.go:173.43,175.2 1 1
github.com/IBM/fp-go/v2/readerresult/reader.go:189.101,191.2 1 1
github.com/IBM/fp-go/v2/readerresult/reader.go:197.71,199.2 1 1
github.com/IBM/fp-go/v2/readerresult/reader.go:215.89,217.2 1 1
github.com/IBM/fp-go/v2/readerresult/reader.go:234.131,236.2 1 1
github.com/IBM/fp-go/v2/readerresult/reader.go:249.100,251.2 1 1
github.com/IBM/fp-go/v2/readerresult/reader.go:265.70,267.2 1 1
github.com/IBM/fp-go/v2/readerresult/reader.go:282.81,289.2 1 1
github.com/IBM/fp-go/v2/readerresult/reader.go:303.38,305.2 1 1
github.com/IBM/fp-go/v2/readerresult/reader.go:317.56,319.2 1 1
github.com/IBM/fp-go/v2/readerresult/reader.go:330.103,337.2 1 0
github.com/IBM/fp-go/v2/readerresult/reader.go:348.74,354.2 1 1
github.com/IBM/fp-go/v2/readerresult/reader.go:367.97,369.2 1 1
github.com/IBM/fp-go/v2/readerresult/reader.go:381.84,383.2 1 1
github.com/IBM/fp-go/v2/readerresult/reader.go:395.108,397.2 1 0
github.com/IBM/fp-go/v2/readerresult/reader.go:409.79,411.2 1 1
github.com/IBM/fp-go/v2/readerresult/reader.go:426.88,428.2 1 1
github.com/IBM/fp-go/v2/readerresult/reader.go:440.61,442.2 1 1
github.com/IBM/fp-go/v2/readerresult/reader.go:453.85,455.2 1 1
github.com/IBM/fp-go/v2/readerresult/reader.go:460.55,462.2 1 0
github.com/IBM/fp-go/v2/readerresult/reader.go:473.94,475.2 1 0
github.com/IBM/fp-go/v2/readerresult/reader.go:486.65,488.2 1 1
github.com/IBM/fp-go/v2/readerresult/reader.go:494.103,502.2 1 1
github.com/IBM/fp-go/v2/readerresult/reader.go:508.71,515.2 1 0
github.com/IBM/fp-go/v2/readerresult/sequence.go:35.78,40.2 1 1
github.com/IBM/fp-go/v2/readerresult/sequence.go:54.35,60.2 1 1
github.com/IBM/fp-go/v2/readerresult/sequence.go:75.38,82.2 1 1
github.com/IBM/fp-go/v2/readerresult/sequence.go:95.41,103.2 1 1
