mode: set
github.com/IBM/fp-go/v2/array/any.go:34.65,36.2 1 1
github.com/IBM/fp-go/v2/array/any.go:48.51,50.2 1 1
github.com/IBM/fp-go/v2/array/array.go:30.33,32.2 1 1
github.com/IBM/fp-go/v2/array/array.go:37.52,39.2 1 1
github.com/IBM/fp-go/v2/array/array.go:44.39,46.2 1 1
github.com/IBM/fp-go/v2/array/array.go:52.50,54.2 1 1
github.com/IBM/fp-go/v2/array/array.go:58.54,61.23 3 1
github.com/IBM/fp-go/v2/array/array.go:61.23,63.3 1 1
github.com/IBM/fp-go/v2/array/array.go:64.2,64.11 1 1
github.com/IBM/fp-go/v2/array/array.go:70.62,72.2 1 1
github.com/IBM/fp-go/v2/array/array.go:83.48,85.2 1 1
github.com/IBM/fp-go/v2/array/array.go:89.52,91.2 1 1
github.com/IBM/fp-go/v2/array/array.go:93.55,96.23 3 1
github.com/IBM/fp-go/v2/array/array.go:96.23,98.14 2 1
github.com/IBM/fp-go/v2/array/array.go:98.14,100.4 1 1
github.com/IBM/fp-go/v2/array/array.go:102.2,102.15 1 1
github.com/IBM/fp-go/v2/array/array.go:105.75,108.23 3 1
github.com/IBM/fp-go/v2/array/array.go:108.23,110.14 2 1
github.com/IBM/fp-go/v2/array/array.go:110.14,112.4 1 1
github.com/IBM/fp-go/v2/array/array.go:114.2,114.15 1 1
github.com/IBM/fp-go/v2/array/array.go:120.54,122.2 1 1
github.com/IBM/fp-go/v2/array/array.go:127.68,129.2 1 1
github.com/IBM/fp-go/v2/array/array.go:132.58,134.2 1 1
github.com/IBM/fp-go/v2/array/array.go:140.67,142.2 1 1
github.com/IBM/fp-go/v2/array/array.go:148.78,150.2 1 1
github.com/IBM/fp-go/v2/array/array.go:155.65,157.2 1 1
github.com/IBM/fp-go/v2/array/array.go:162.76,164.2 1 1
github.com/IBM/fp-go/v2/array/array.go:169.69,171.2 1 1
github.com/IBM/fp-go/v2/array/array.go:174.80,175.26 1 1
github.com/IBM/fp-go/v2/array/array.go:175.26,177.3 1 1
github.com/IBM/fp-go/v2/array/array.go:180.64,182.25 2 1
github.com/IBM/fp-go/v2/array/array.go:182.25,184.3 1 1
github.com/IBM/fp-go/v2/array/array.go:185.2,185.16 1 1
github.com/IBM/fp-go/v2/array/array.go:189.65,191.2 1 0
github.com/IBM/fp-go/v2/array/array.go:201.62,203.2 1 1
github.com/IBM/fp-go/v2/array/array.go:209.76,211.2 1 1
github.com/IBM/fp-go/v2/array/array.go:216.67,218.2 1 1
github.com/IBM/fp-go/v2/array/array.go:224.81,226.2 1 1
github.com/IBM/fp-go/v2/array/array.go:230.66,231.24 1 1
github.com/IBM/fp-go/v2/array/array.go:231.24,233.3 1 1
github.com/IBM/fp-go/v2/array/array.go:239.37,241.2 1 0
github.com/IBM/fp-go/v2/array/array.go:246.34,248.2 1 1
github.com/IBM/fp-go/v2/array/array.go:251.37,253.2 1 1
github.com/IBM/fp-go/v2/array/array.go:258.25,260.2 1 1
github.com/IBM/fp-go/v2/array/array.go:265.24,267.2 1 1
github.com/IBM/fp-go/v2/array/array.go:272.25,274.2 1 1
github.com/IBM/fp-go/v2/array/array.go:280.56,282.2 1 1
github.com/IBM/fp-go/v2/array/array.go:293.54,295.2 1 1
github.com/IBM/fp-go/v2/array/array.go:301.53,303.2 1 1
github.com/IBM/fp-go/v2/array/array.go:309.50,311.2 1 1
github.com/IBM/fp-go/v2/array/array.go:316.76,318.2 1 1
github.com/IBM/fp-go/v2/array/array.go:323.83,325.2 1 1
github.com/IBM/fp-go/v2/array/array.go:331.38,333.2 1 1
github.com/IBM/fp-go/v2/array/array.go:339.36,341.2 1 1
github.com/IBM/fp-go/v2/array/array.go:347.37,349.2 1 1
github.com/IBM/fp-go/v2/array/array.go:355.36,357.2 1 1
github.com/IBM/fp-go/v2/array/array.go:360.49,361.26 1 1
github.com/IBM/fp-go/v2/array/array.go:361.26,365.35 4 1
github.com/IBM/fp-go/v2/array/array.go:365.35,370.4 4 1
github.com/IBM/fp-go/v2/array/array.go:371.3,371.16 1 1
github.com/IBM/fp-go/v2/array/array.go:380.50,382.26 2 1
github.com/IBM/fp-go/v2/array/array.go:382.26,383.18 1 1
github.com/IBM/fp-go/v2/array/array.go:383.18,385.4 1 1
github.com/IBM/fp-go/v2/array/array.go:386.3,386.25 1 1
github.com/IBM/fp-go/v2/array/array.go:391.60,392.36 1 1
github.com/IBM/fp-go/v2/array/array.go:392.36,394.3 1 1
github.com/IBM/fp-go/v2/array/array.go:404.36,406.2 1 1
github.com/IBM/fp-go/v2/array/array.go:409.49,411.2 1 1
github.com/IBM/fp-go/v2/array/array.go:417.49,419.2 1 1
github.com/IBM/fp-go/v2/array/array.go:425.42,427.2 1 1
github.com/IBM/fp-go/v2/array/array.go:432.30,434.2 1 1
github.com/IBM/fp-go/v2/array/array.go:441.78,443.2 1 1
github.com/IBM/fp-go/v2/array/array.go:449.75,451.2 1 1
github.com/IBM/fp-go/v2/array/array.go:454.32,456.2 1 1
github.com/IBM/fp-go/v2/array/array.go:459.35,461.2 1 1
github.com/IBM/fp-go/v2/array/array.go:464.28,466.2 1 1
github.com/IBM/fp-go/v2/array/array.go:471.50,473.2 1 1
github.com/IBM/fp-go/v2/array/array.go:478.29,480.2 1 1
github.com/IBM/fp-go/v2/array/array.go:485.47,487.2 1 1
github.com/IBM/fp-go/v2/array/array.go:492.67,494.2 1 1
github.com/IBM/fp-go/v2/array/array.go:499.81,501.2 1 1
github.com/IBM/fp-go/v2/array/array.go:506.45,508.2 1 1
github.com/IBM/fp-go/v2/array/array.go:513.38,515.2 1 1
github.com/IBM/fp-go/v2/array/array.go:521.52,523.2 1 1
github.com/IBM/fp-go/v2/array/array.go:529.49,531.2 1 1
github.com/IBM/fp-go/v2/array/array.go:536.44,538.2 1 1
github.com/IBM/fp-go/v2/array/bind.go:36.7,38.2 1 1
github.com/IBM/fp-go/v2/array/bind.go:60.20,62.2 1 1
github.com/IBM/fp-go/v2/array/bind.go:82.20,84.2 1 1
github.com/IBM/fp-go/v2/array/bind.go:104.20,106.2 1 1
github.com/IBM/fp-go/v2/array/bind.go:123.19,125.2 1 1
github.com/IBM/fp-go/v2/array/bind.go:146.20,148.2 1 1
github.com/IBM/fp-go/v2/array/eq.go:22.66,23.29 1 1
github.com/IBM/fp-go/v2/array/eq.go:23.29,25.3 1 1
github.com/IBM/fp-go/v2/array/eq.go:26.2,26.26 1 1
github.com/IBM/fp-go/v2/array/eq.go:26.26,28.18 2 1
github.com/IBM/fp-go/v2/array/eq.go:28.18,30.4 1 1
github.com/IBM/fp-go/v2/array/eq.go:32.2,32.13 1 1
github.com/IBM/fp-go/v2/array/eq.go:46.37,48.49 2 1
github.com/IBM/fp-go/v2/array/eq.go:48.49,50.3 1 1
github.com/IBM/fp-go/v2/array/find.go:33.65,35.2 1 1
github.com/IBM/fp-go/v2/array/find.go:48.79,50.2 1 1
github.com/IBM/fp-go/v2/array/find.go:68.78,70.2 1 1
github.com/IBM/fp-go/v2/array/find.go:76.89,78.2 1 1
github.com/IBM/fp-go/v2/array/find.go:89.64,91.2 1 1
github.com/IBM/fp-go/v2/array/find.go:97.78,99.2 1 1
github.com/IBM/fp-go/v2/array/find.go:105.77,107.2 1 1
github.com/IBM/fp-go/v2/array/find.go:113.88,115.2 1 1
github.com/IBM/fp-go/v2/array/magma.go:38.50,40.2 1 1
github.com/IBM/fp-go/v2/array/monad.go:39.65,41.2 1 1
github.com/IBM/fp-go/v2/array/monoid.go:35.36,37.2 1 1
github.com/IBM/fp-go/v2/array/monoid.go:48.42,50.2 1 1
github.com/IBM/fp-go/v2/array/monoid.go:52.45,54.2 1 1
github.com/IBM/fp-go/v2/array/monoid.go:68.45,73.48 3 1
github.com/IBM/fp-go/v2/array/monoid.go:73.48,75.3 1 1
github.com/IBM/fp-go/v2/array/monoid.go:77.2,77.12 1 1
github.com/IBM/fp-go/v2/array/sequence.go:27.19,29.2 1 1
github.com/IBM/fp-go/v2/array/sequence.go:69.22,71.2 1 0
github.com/IBM/fp-go/v2/array/sequence.go:92.53,98.2 1 1
github.com/IBM/fp-go/v2/array/sort.go:35.47,37.2 1 1
github.com/IBM/fp-go/v2/array/sort.go:65.68,67.2 1 1
github.com/IBM/fp-go/v2/array/sort.go:96.51,98.2 1 1
github.com/IBM/fp-go/v2/array/traverse.go:62.34,64.2 1 1
github.com/IBM/fp-go/v2/array/traverse.go:79.24,82.2 1 0
github.com/IBM/fp-go/v2/array/traverse.go:90.39,92.2 1 0
github.com/IBM/fp-go/v2/array/traverse.go:101.29,104.2 1 0
github.com/IBM/fp-go/v2/array/uniq.go:20.43,22.2 1 1
github.com/IBM/fp-go/v2/array/uniq.go:49.60,51.2 1 1
github.com/IBM/fp-go/v2/array/zip.go:38.73,40.2 1 1
github.com/IBM/fp-go/v2/array/zip.go:58.55,60.2 1 1
github.com/IBM/fp-go/v2/array/zip.go:81.62,83.2 1 1
github.com/IBM/fp-go/v2/main.go:28.13,36.41 2 0
github.com/IBM/fp-go/v2/main.go:36.41,38.3 1 0
github.com/IBM/fp-go/v2/array/generic/any.go:24.85,29.2 1 0
github.com/IBM/fp-go/v2/array/generic/any.go:32.71,34.2 1 0
github.com/IBM/fp-go/v2/array/generic/array.go:30.37,32.2 1 0
github.com/IBM/fp-go/v2/array/generic/array.go:34.70,35.23 1 0
github.com/IBM/fp-go/v2/array/generic/array.go:35.23,37.3 1 0
github.com/IBM/fp-go/v2/array/generic/array.go:40.84,41.23 1 0
github.com/IBM/fp-go/v2/array/generic/array.go:41.23,43.3 1 0
github.com/IBM/fp-go/v2/array/generic/array.go:46.75,47.23 1 0
github.com/IBM/fp-go/v2/array/generic/array.go:47.23,49.3 1 0
github.com/IBM/fp-go/v2/array/generic/array.go:52.89,53.23 1 0
github.com/IBM/fp-go/v2/array/generic/array.go:53.23,55.3 1 0
github.com/IBM/fp-go/v2/array/generic/array.go:58.73,60.2 1 0
github.com/IBM/fp-go/v2/array/generic/array.go:62.87,64.2 1 0
github.com/IBM/fp-go/v2/array/generic/array.go:66.78,68.2 1 0
github.com/IBM/fp-go/v2/array/generic/array.go:70.92,72.2 1 0
github.com/IBM/fp-go/v2/array/generic/array.go:75.41,77.2 1 0
github.com/IBM/fp-go/v2/array/generic/array.go:80.60,82.12 1 0
github.com/IBM/fp-go/v2/array/generic/array.go:82.12,84.3 1 0
github.com/IBM/fp-go/v2/array/generic/array.go:86.2,87.19 2 0
github.com/IBM/fp-go/v2/array/generic/array.go:87.19,89.3 1 0
github.com/IBM/fp-go/v2/array/generic/array.go:90.2,90.11 1 0
github.com/IBM/fp-go/v2/array/generic/array.go:93.47,95.2 1 0
github.com/IBM/fp-go/v2/array/generic/array.go:97.59,99.13 2 0
github.com/IBM/fp-go/v2/array/generic/array.go:99.13,101.3 1 0
github.com/IBM/fp-go/v2/array/generic/array.go:102.2,102.33 1 0
github.com/IBM/fp-go/v2/array/generic/array.go:102.33,103.20 1 0
github.com/IBM/fp-go/v2/array/generic/array.go:103.20,105.4 1 0
github.com/IBM/fp-go/v2/array/generic/array.go:106.3,106.14 1 0
github.com/IBM/fp-go/v2/array/generic/array.go:110.47,111.23 1 0
github.com/IBM/fp-go/v2/array/generic/array.go:111.23,113.3 1 0
github.com/IBM/fp-go/v2/array/generic/array.go:114.2,114.23 1 0
github.com/IBM/fp-go/v2/array/generic/array.go:117.46,118.23 1 0
github.com/IBM/fp-go/v2/array/generic/array.go:118.23,120.3 1 0
github.com/IBM/fp-go/v2/array/generic/array.go:121.2,121.22 1 0
github.com/IBM/fp-go/v2/array/generic/array.go:124.47,126.2 1 0
github.com/IBM/fp-go/v2/array/generic/array.go:128.46,129.23 1 0
github.com/IBM/fp-go/v2/array/generic/array.go:129.23,131.3 1 0
github.com/IBM/fp-go/v2/array/generic/array.go:132.2,132.30 1 0
github.com/IBM/fp-go/v2/array/generic/array.go:135.44,137.2 1 0
github.com/IBM/fp-go/v2/array/generic/array.go:139.33,141.2 1 0
github.com/IBM/fp-go/v2/array/generic/array.go:143.48,145.2 1 0
github.com/IBM/fp-go/v2/array/generic/array.go:147.68,149.2 1 0
github.com/IBM/fp-go/v2/array/generic/array.go:151.65,153.2 1 0
github.com/IBM/fp-go/v2/array/generic/array.go:155.80,157.2 1 0
github.com/IBM/fp-go/v2/array/generic/array.go:159.77,161.2 1 0
github.com/IBM/fp-go/v2/array/generic/array.go:163.38,165.2 1 0
github.com/IBM/fp-go/v2/array/generic/array.go:167.77,169.23 2 0
github.com/IBM/fp-go/v2/array/generic/array.go:169.23,170.34 1 0
github.com/IBM/fp-go/v2/array/generic/array.go:170.34,172.4 1 0
github.com/IBM/fp-go/v2/array/generic/array.go:174.2,174.15 1 0
github.com/IBM/fp-go/v2/array/generic/array.go:177.91,179.23 2 0
github.com/IBM/fp-go/v2/array/generic/array.go:179.23,180.37 1 0
github.com/IBM/fp-go/v2/array/generic/array.go:180.37,182.4 1 0
github.com/IBM/fp-go/v2/array/generic/array.go:184.2,184.15 1 0
github.com/IBM/fp-go/v2/array/generic/array.go:187.82,189.2 1 0
github.com/IBM/fp-go/v2/array/generic/array.go:191.96,193.2 1 0
github.com/IBM/fp-go/v2/array/generic/array.go:195.84,197.23 2 0
github.com/IBM/fp-go/v2/array/generic/array.go:197.23,198.17 1 0
github.com/IBM/fp-go/v2/array/generic/array.go:198.17,200.4 1 0
github.com/IBM/fp-go/v2/array/generic/array.go:202.2,202.15 1 0
github.com/IBM/fp-go/v2/array/generic/array.go:205.86,207.2 1 0
github.com/IBM/fp-go/v2/array/generic/array.go:209.72,211.2 1 0
github.com/IBM/fp-go/v2/array/generic/array.go:213.84,218.2 1 0
github.com/IBM/fp-go/v2/array/generic/array.go:220.53,222.2 1 0
github.com/IBM/fp-go/v2/array/generic/array.go:224.79,226.2 1 0
github.com/IBM/fp-go/v2/array/generic/array.go:228.93,230.2 1 0
github.com/IBM/fp-go/v2/array/generic/array.go:232.84,235.42 3 0
github.com/IBM/fp-go/v2/array/generic/array.go:235.42,236.14 1 0
github.com/IBM/fp-go/v2/array/generic/array.go:236.14,238.4 1 0
github.com/IBM/fp-go/v2/array/generic/array.go:238.9,240.4 1 0
github.com/IBM/fp-go/v2/array/generic/array.go:241.3,241.11 1 0
github.com/IBM/fp-go/v2/array/generic/array.go:244.2,244.38 1 0
github.com/IBM/fp-go/v2/array/generic/array.go:247.81,249.2 1 0
github.com/IBM/fp-go/v2/array/generic/array.go:251.71,252.46 1 0
github.com/IBM/fp-go/v2/array/generic/array.go:252.46,254.3 1 0
github.com/IBM/fp-go/v2/array/generic/array.go:257.66,259.2 1 0
github.com/IBM/fp-go/v2/array/generic/array.go:261.79,263.2 1 0
github.com/IBM/fp-go/v2/array/generic/array.go:265.75,267.2 1 0
github.com/IBM/fp-go/v2/array/generic/array.go:269.42,271.2 1 0
github.com/IBM/fp-go/v2/array/generic/array.go:273.40,275.2 1 0
github.com/IBM/fp-go/v2/array/generic/array.go:277.43,279.2 1 0
github.com/IBM/fp-go/v2/array/generic/array.go:281.83,282.23 1 0
github.com/IBM/fp-go/v2/array/generic/array.go:282.23,283.18 1 0
github.com/IBM/fp-go/v2/array/generic/array.go:283.18,285.4 1 0
github.com/IBM/fp-go/v2/array/generic/array.go:286.3,286.24 1 0
github.com/IBM/fp-go/v2/array/generic/array.go:290.90,291.23 1 0
github.com/IBM/fp-go/v2/array/generic/array.go:291.23,292.18 1 0
github.com/IBM/fp-go/v2/array/generic/array.go:292.18,294.4 1 0
github.com/IBM/fp-go/v2/array/generic/array.go:295.3,295.35 1 0
github.com/IBM/fp-go/v2/array/generic/array.go:300.60,302.2 1 0
github.com/IBM/fp-go/v2/array/generic/array.go:305.56,307.2 1 0
github.com/IBM/fp-go/v2/array/generic/array.go:309.36,313.2 3 0
github.com/IBM/fp-go/v2/array/generic/array.go:315.56,318.2 1 0
github.com/IBM/fp-go/v2/array/generic/array.go:320.75,323.38 3 0
github.com/IBM/fp-go/v2/array/generic/array.go:323.38,324.24 1 0
github.com/IBM/fp-go/v2/array/generic/array.go:324.24,325.47 1 0
github.com/IBM/fp-go/v2/array/generic/array.go:325.47,327.5 1 0
github.com/IBM/fp-go/v2/array/generic/array.go:332.89,335.43 3 0
github.com/IBM/fp-go/v2/array/generic/array.go:335.43,336.24 1 0
github.com/IBM/fp-go/v2/array/generic/array.go:336.24,337.65 1 0
github.com/IBM/fp-go/v2/array/generic/array.go:337.65,339.5 1 0
github.com/IBM/fp-go/v2/array/generic/array.go:344.53,347.23 3 0
github.com/IBM/fp-go/v2/array/generic/array.go:347.23,349.3 1 0
github.com/IBM/fp-go/v2/array/generic/array.go:352.56,354.2 1 0
github.com/IBM/fp-go/v2/array/generic/array.go:356.82,358.2 1 0
github.com/IBM/fp-go/v2/array/generic/array.go:360.78,362.2 1 0
github.com/IBM/fp-go/v2/array/generic/array.go:364.61,366.2 1 0
github.com/IBM/fp-go/v2/array/generic/bind.go:36.6,38.2 1 0
github.com/IBM/fp-go/v2/array/generic/bind.go:77.17,84.2 1 0
github.com/IBM/fp-go/v2/array/generic/bind.go:90.17,96.2 1 0
github.com/IBM/fp-go/v2/array/generic/bind.go:102.17,108.2 1 0
github.com/IBM/fp-go/v2/array/generic/bind.go:113.16,118.2 1 0
github.com/IBM/fp-go/v2/array/generic/bind.go:156.17,163.2 1 0
github.com/IBM/fp-go/v2/array/generic/find.go:24.98,26.33 2 0
github.com/IBM/fp-go/v2/array/generic/find.go:26.33,27.24 1 0
github.com/IBM/fp-go/v2/array/generic/find.go:27.24,28.18 1 0
github.com/IBM/fp-go/v2/array/generic/find.go:28.18,30.5 1 0
github.com/IBM/fp-go/v2/array/generic/find.go:32.3,32.14 1 0
github.com/IBM/fp-go/v2/array/generic/find.go:37.84,39.2 1 0
github.com/IBM/fp-go/v2/array/generic/find.go:42.111,44.33 2 0
github.com/IBM/fp-go/v2/array/generic/find.go:44.33,45.26 1 0
github.com/IBM/fp-go/v2/array/generic/find.go:45.26,47.21 2 0
github.com/IBM/fp-go/v2/array/generic/find.go:47.21,49.5 1 0
github.com/IBM/fp-go/v2/array/generic/find.go:51.3,51.14 1 0
github.com/IBM/fp-go/v2/array/generic/find.go:56.97,58.2 1 0
github.com/IBM/fp-go/v2/array/generic/find.go:61.97,63.33 2 0
github.com/IBM/fp-go/v2/array/generic/find.go:63.33,64.37 1 0
github.com/IBM/fp-go/v2/array/generic/find.go:64.37,66.18 2 0
github.com/IBM/fp-go/v2/array/generic/find.go:66.18,68.5 1 0
github.com/IBM/fp-go/v2/array/generic/find.go:70.3,70.14 1 0
github.com/IBM/fp-go/v2/array/generic/find.go:75.83,77.2 1 0
github.com/IBM/fp-go/v2/array/generic/find.go:80.110,82.33 2 0
github.com/IBM/fp-go/v2/array/generic/find.go:82.33,83.37 1 0
github.com/IBM/fp-go/v2/array/generic/find.go:83.37,85.21 2 0
github.com/IBM/fp-go/v2/array/generic/find.go:85.21,87.5 1 0
github.com/IBM/fp-go/v2/array/generic/find.go:89.3,89.14 1 0
github.com/IBM/fp-go/v2/array/generic/find.go:94.96,96.2 1 0
github.com/IBM/fp-go/v2/array/generic/monad.go:24.52,26.2 1 0
github.com/IBM/fp-go/v2/array/generic/monad.go:28.70,30.2 1 0
github.com/IBM/fp-go/v2/array/generic/monad.go:32.73,34.2 1 0
github.com/IBM/fp-go/v2/array/generic/monad.go:36.64,38.2 1 0
github.com/IBM/fp-go/v2/array/generic/monad.go:41.91,43.2 1 0
github.com/IBM/fp-go/v2/array/generic/monoid.go:19.44,21.2 1 0
github.com/IBM/fp-go/v2/array/generic/monoid.go:32.50,34.2 1 0
github.com/IBM/fp-go/v2/array/generic/sort.go:26.56,28.2 1 0
github.com/IBM/fp-go/v2/array/generic/sort.go:31.77,33.24 1 0
github.com/IBM/fp-go/v2/array/generic/sort.go:33.24,36.12 2 0
github.com/IBM/fp-go/v2/array/generic/sort.go:36.12,38.4 1 0
github.com/IBM/fp-go/v2/array/generic/sort.go:40.3,42.39 3 0
github.com/IBM/fp-go/v2/array/generic/sort.go:42.39,44.4 1 0
github.com/IBM/fp-go/v2/array/generic/sort.go:45.3,45.13 1 0
github.com/IBM/fp-go/v2/array/generic/sort.go:50.68,56.2 1 0
github.com/IBM/fp-go/v2/array/generic/uniq.go:7.50,9.2 1 0
github.com/IBM/fp-go/v2/array/generic/uniq.go:12.87,14.31 2 0
github.com/IBM/fp-go/v2/array/generic/uniq.go:14.31,17.10 3 0
github.com/IBM/fp-go/v2/array/generic/uniq.go:17.10,19.4 1 0
github.com/IBM/fp-go/v2/array/generic/uniq.go:20.3,21.14 2 0
github.com/IBM/fp-go/v2/array/generic/uniq.go:27.81,28.24 1 0
github.com/IBM/fp-go/v2/array/generic/uniq.go:28.24,31.3 1 0
github.com/IBM/fp-go/v2/array/generic/zip.go:26.97,29.19 3 0
github.com/IBM/fp-go/v2/array/generic/zip.go:29.19,31.3 1 0
github.com/IBM/fp-go/v2/array/generic/zip.go:32.2,32.12 1 0
github.com/IBM/fp-go/v2/array/generic/zip.go:37.79,39.2 1 0
github.com/IBM/fp-go/v2/array/generic/zip.go:42.86,46.19 4 0
github.com/IBM/fp-go/v2/array/generic/zip.go:46.19,50.3 3 0
github.com/IBM/fp-go/v2/array/generic/zip.go:51.2,51.29 1 0
github.com/IBM/fp-go/v2/array/nonempty/array.go:30.42,32.2 1 0
github.com/IBM/fp-go/v2/array/nonempty/array.go:35.55,37.16 2 0
github.com/IBM/fp-go/v2/array/nonempty/array.go:37.16,39.3 1 0
github.com/IBM/fp-go/v2/array/nonempty/array.go:41.2,44.15 4 0
github.com/IBM/fp-go/v2/array/nonempty/array.go:47.46,49.2 1 0
github.com/IBM/fp-go/v2/array/nonempty/array.go:51.49,53.2 1 0
github.com/IBM/fp-go/v2/array/nonempty/array.go:55.78,57.2 1 0
github.com/IBM/fp-go/v2/array/nonempty/array.go:59.75,61.2 1 0
github.com/IBM/fp-go/v2/array/nonempty/array.go:63.75,64.37 1 0
github.com/IBM/fp-go/v2/array/nonempty/array.go:64.37,66.3 1 0
github.com/IBM/fp-go/v2/array/nonempty/array.go:69.80,70.37 1 0
github.com/IBM/fp-go/v2/array/nonempty/array.go:70.37,72.3 1 0
github.com/IBM/fp-go/v2/array/nonempty/array.go:75.43,77.2 1 0
github.com/IBM/fp-go/v2/array/nonempty/array.go:79.41,81.2 1 0
github.com/IBM/fp-go/v2/array/nonempty/array.go:83.42,85.2 1 0
github.com/IBM/fp-go/v2/array/nonempty/array.go:87.41,89.2 1 0
github.com/IBM/fp-go/v2/array/nonempty/array.go:91.43,93.2 1 0
github.com/IBM/fp-go/v2/array/nonempty/array.go:95.75,97.2 1 0
github.com/IBM/fp-go/v2/array/nonempty/array.go:99.95,101.2 1 0
github.com/IBM/fp-go/v2/array/nonempty/array.go:103.90,105.2 1 0
github.com/IBM/fp-go/v2/array/nonempty/array.go:107.92,109.2 1 0
github.com/IBM/fp-go/v2/array/nonempty/array.go:111.88,113.2 1 0
github.com/IBM/fp-go/v2/array/nonempty/array.go:116.83,117.52 1 0
github.com/IBM/fp-go/v2/array/nonempty/array.go:117.52,118.38 1 0
github.com/IBM/fp-go/v2/array/nonempty/array.go:118.38,119.53 1 0
github.com/IBM/fp-go/v2/array/nonempty/array.go:119.53,121.5 1 0
github.com/IBM/fp-go/v2/array/nonempty/array.go:127.61,128.37 1 0
github.com/IBM/fp-go/v2/array/nonempty/array.go:128.37,130.3 1 0
github.com/IBM/fp-go/v2/array/nonempty/array.go:134.63,136.2 1 0
github.com/IBM/fp-go/v2/array/testing/laws.go:34.18,74.2 1 1
github.com/IBM/fp-go/v2/assert/assert.go:130.140,131.31 1 1
github.com/IBM/fp-go/v2/assert/assert.go:131.31,132.34 1 1
github.com/IBM/fp-go/v2/assert/assert.go:132.34,134.4 1 1
github.com/IBM/fp-go/v2/assert/assert.go:150.45,152.2 1 1
github.com/IBM/fp-go/v2/assert/assert.go:176.42,178.2 1 1
github.com/IBM/fp-go/v2/assert/assert.go:191.43,192.33 1 1
github.com/IBM/fp-go/v2/assert/assert.go:192.33,194.3 1 1
github.com/IBM/fp-go/v2/assert/assert.go:208.61,209.33 1 1
github.com/IBM/fp-go/v2/assert/assert.go:209.33,211.3 1 1
github.com/IBM/fp-go/v2/assert/assert.go:225.38,226.33 1 0
github.com/IBM/fp-go/v2/assert/assert.go:226.33,228.3 1 0
github.com/IBM/fp-go/v2/assert/assert.go:240.52,241.33 1 1
github.com/IBM/fp-go/v2/assert/assert.go:241.33,242.34 1 1
github.com/IBM/fp-go/v2/assert/assert.go:242.34,244.4 1 1
github.com/IBM/fp-go/v2/assert/assert.go:257.71,258.37 1 1
github.com/IBM/fp-go/v2/assert/assert.go:258.37,259.34 1 1
github.com/IBM/fp-go/v2/assert/assert.go:259.34,261.4 1 1
github.com/IBM/fp-go/v2/assert/assert.go:274.70,275.36 1 1
github.com/IBM/fp-go/v2/assert/assert.go:275.36,276.34 1 1
github.com/IBM/fp-go/v2/assert/assert.go:276.34,278.4 1 1
github.com/IBM/fp-go/v2/assert/assert.go:298.32,299.33 1 1
github.com/IBM/fp-go/v2/assert/assert.go:299.33,301.3 1 1
github.com/IBM/fp-go/v2/assert/assert.go:317.30,318.33 1 1
github.com/IBM/fp-go/v2/assert/assert.go:318.33,320.3 1 1
github.com/IBM/fp-go/v2/assert/assert.go:336.43,338.2 1 1
github.com/IBM/fp-go/v2/assert/assert.go:353.43,355.2 1 1
github.com/IBM/fp-go/v2/assert/assert.go:369.52,370.33 1 1
github.com/IBM/fp-go/v2/assert/assert.go:370.33,371.34 1 1
github.com/IBM/fp-go/v2/assert/assert.go:371.34,373.4 1 1
github.com/IBM/fp-go/v2/assert/assert.go:386.68,387.37 1 1
github.com/IBM/fp-go/v2/assert/assert.go:387.37,388.34 1 1
github.com/IBM/fp-go/v2/assert/assert.go:388.34,390.4 1 1
github.com/IBM/fp-go/v2/assert/assert.go:403.71,404.37 1 1
github.com/IBM/fp-go/v2/assert/assert.go:404.37,405.34 1 1
github.com/IBM/fp-go/v2/assert/assert.go:405.34,407.4 1 1
github.com/IBM/fp-go/v2/assert/assert.go:436.48,437.26 1 1
github.com/IBM/fp-go/v2/assert/assert.go:437.26,438.34 1 1
github.com/IBM/fp-go/v2/assert/assert.go:438.34,439.15 1 1
github.com/IBM/fp-go/v2/assert/assert.go:439.15,441.5 1 1
github.com/IBM/fp-go/v2/assert/assert.go:442.4,442.87 1 1
github.com/IBM/fp-go/v2/assert/assert.go:475.37,477.2 1 1
github.com/IBM/fp-go/v2/assert/assert.go:506.49,507.33 1 1
github.com/IBM/fp-go/v2/assert/assert.go:507.33,509.31 2 1
github.com/IBM/fp-go/v2/assert/assert.go:509.31,510.54 1 1
github.com/IBM/fp-go/v2/assert/assert.go:510.54,512.5 1 1
github.com/IBM/fp-go/v2/assert/assert.go:514.3,514.17 1 1
github.com/IBM/fp-go/v2/assert/assert.go:551.69,553.2 1 1
github.com/IBM/fp-go/v2/assert/assert.go:592.65,594.2 1 0
github.com/IBM/fp-go/v2/assert/assert.go:598.98,599.26 1 1
github.com/IBM/fp-go/v2/assert/assert.go:599.26,600.34 1 1
github.com/IBM/fp-go/v2/assert/assert.go:600.34,602.4 1 1
github.com/IBM/fp-go/v2/assert/assert.go:657.74,659.2 1 1
github.com/IBM/fp-go/v2/assert/assert.go:708.66,710.2 1 1
github.com/IBM/fp-go/v2/boolean/boolean.go:27.24,29.4 1 1
github.com/IBM/fp-go/v2/boolean/boolean.go:35.24,37.4 1 1
github.com/IBM/fp-go/v2/boolean/boolean.go:45.40,46.8 1 1
github.com/IBM/fp-go/v2/boolean/boolean.go:46.8,47.9 1 1
github.com/IBM/fp-go/v2/boolean/boolean.go:47.9,49.5 1 1
github.com/IBM/fp-go/v2/boolean/boolean.go:50.4,50.13 1 1
github.com/IBM/fp-go/v2/boolean/boolean.go:52.3,52.8 1 1
github.com/IBM/fp-go/v2/boolean/boolean.go:52.8,54.4 1 1
github.com/IBM/fp-go/v2/boolean/boolean.go:55.3,55.11 1 1
github.com/IBM/fp-go/v2/boolean/boolean.go:56.26,58.3 1 1
github.com/IBM/fp-go/v2/builder/prism.go:10.71,12.2 1 0
github.com/IBM/fp-go/v2/bounded/bounded.go:33.41,35.2 1 1
github.com/IBM/fp-go/v2/bounded/bounded.go:37.41,39.2 1 1
github.com/IBM/fp-go/v2/bounded/bounded.go:41.29,43.2 1 1
github.com/IBM/fp-go/v2/bounded/bounded.go:45.32,47.2 1 1
github.com/IBM/fp-go/v2/bounded/bounded.go:50.58,52.2 1 1
github.com/IBM/fp-go/v2/bounded/bounded.go:55.43,57.2 1 1
github.com/IBM/fp-go/v2/bounded/bounded.go:60.46,62.2 1 1
github.com/IBM/fp-go/v2/bytes/bytes.go:55.21,57.2 1 1
github.com/IBM/fp-go/v2/bytes/bytes.go:111.32,113.2 1 1
github.com/IBM/fp-go/v2/bytes/bytes.go:175.26,177.2 1 1
github.com/IBM/fp-go/v2/cli/templates/functions.go:13.67,15.2 1 0
github.com/IBM/fp-go/v2/cli/apply.go:28.47,34.25 5 0
github.com/IBM/fp-go/v2/cli/apply.go:34.25,35.12 1 0
github.com/IBM/fp-go/v2/cli/apply.go:35.12,37.4 1 0
github.com/IBM/fp-go/v2/cli/apply.go:38.3,38.35 1 0
github.com/IBM/fp-go/v2/cli/apply.go:40.2,44.11 5 0
github.com/IBM/fp-go/v2/cli/apply.go:44.11,46.26 2 0
github.com/IBM/fp-go/v2/cli/apply.go:46.26,48.4 1 0
github.com/IBM/fp-go/v2/cli/apply.go:49.8,51.3 1 0
github.com/IBM/fp-go/v2/cli/apply.go:52.2,54.25 2 0
github.com/IBM/fp-go/v2/cli/apply.go:54.25,58.26 4 0
github.com/IBM/fp-go/v2/cli/apply.go:58.26,60.4 1 0
github.com/IBM/fp-go/v2/cli/apply.go:61.3,62.14 2 0
github.com/IBM/fp-go/v2/cli/apply.go:62.14,64.31 2 0
github.com/IBM/fp-go/v2/cli/apply.go:64.31,66.5 1 0
github.com/IBM/fp-go/v2/cli/apply.go:67.9,69.4 1 0
github.com/IBM/fp-go/v2/cli/apply.go:70.3,70.24 1 0
github.com/IBM/fp-go/v2/cli/apply.go:72.2,72.25 1 0
github.com/IBM/fp-go/v2/cli/apply.go:72.25,74.3 1 0
github.com/IBM/fp-go/v2/cli/apply.go:75.2,75.25 1 0
github.com/IBM/fp-go/v2/cli/apply.go:75.25,77.3 1 0
github.com/IBM/fp-go/v2/cli/apply.go:78.2,78.25 1 0
github.com/IBM/fp-go/v2/cli/apply.go:78.25,80.3 1 0
github.com/IBM/fp-go/v2/cli/apply.go:81.2,81.25 1 0
github.com/IBM/fp-go/v2/cli/apply.go:81.25,83.26 2 0
github.com/IBM/fp-go/v2/cli/apply.go:83.26,85.4 1 0
github.com/IBM/fp-go/v2/cli/apply.go:86.3,87.26 2 0
github.com/IBM/fp-go/v2/cli/apply.go:87.26,89.4 1 0
github.com/IBM/fp-go/v2/cli/apply.go:90.3,92.24 3 0
github.com/IBM/fp-go/v2/cli/apply.go:94.2,101.25 6 0
github.com/IBM/fp-go/v2/cli/apply.go:101.25,103.3 1 0
github.com/IBM/fp-go/v2/cli/apply.go:105.2,105.26 1 0
github.com/IBM/fp-go/v2/cli/apply.go:105.26,107.3 1 0
github.com/IBM/fp-go/v2/cli/apply.go:109.2,110.25 2 0
github.com/IBM/fp-go/v2/cli/apply.go:110.25,111.12 1 0
github.com/IBM/fp-go/v2/cli/apply.go:111.12,113.4 1 0
github.com/IBM/fp-go/v2/cli/apply.go:114.3,114.29 1 0
github.com/IBM/fp-go/v2/cli/apply.go:116.2,122.25 6 0
github.com/IBM/fp-go/v2/cli/apply.go:122.25,123.12 1 0
github.com/IBM/fp-go/v2/cli/apply.go:123.12,125.4 1 0
github.com/IBM/fp-go/v2/cli/apply.go:126.3,126.29 1 0
github.com/IBM/fp-go/v2/cli/apply.go:128.2,129.25 2 0
github.com/IBM/fp-go/v2/cli/apply.go:129.25,131.3 1 0
github.com/IBM/fp-go/v2/cli/apply.go:132.2,133.23 2 0
github.com/IBM/fp-go/v2/cli/apply.go:136.47,142.25 5 0
github.com/IBM/fp-go/v2/cli/apply.go:142.25,143.12 1 0
github.com/IBM/fp-go/v2/cli/apply.go:143.12,145.4 1 0
github.com/IBM/fp-go/v2/cli/apply.go:146.3,146.35 1 0
github.com/IBM/fp-go/v2/cli/apply.go:148.2,152.11 5 0
github.com/IBM/fp-go/v2/cli/apply.go:152.11,154.26 2 0
github.com/IBM/fp-go/v2/cli/apply.go:154.26,156.4 1 0
github.com/IBM/fp-go/v2/cli/apply.go:157.8,159.3 1 0
github.com/IBM/fp-go/v2/cli/apply.go:160.2,162.25 2 0
github.com/IBM/fp-go/v2/cli/apply.go:162.25,166.26 4 0
github.com/IBM/fp-go/v2/cli/apply.go:166.26,168.4 1 0
github.com/IBM/fp-go/v2/cli/apply.go:169.3,170.14 2 0
github.com/IBM/fp-go/v2/cli/apply.go:170.14,172.31 2 0
github.com/IBM/fp-go/v2/cli/apply.go:172.31,174.5 1 0
github.com/IBM/fp-go/v2/cli/apply.go:175.9,177.4 1 0
github.com/IBM/fp-go/v2/cli/apply.go:178.3,178.24 1 0
github.com/IBM/fp-go/v2/cli/apply.go:181.2,181.25 1 0
github.com/IBM/fp-go/v2/cli/apply.go:181.25,183.3 1 0
github.com/IBM/fp-go/v2/cli/apply.go:184.2,184.25 1 0
github.com/IBM/fp-go/v2/cli/apply.go:184.25,186.3 1 0
github.com/IBM/fp-go/v2/cli/apply.go:187.2,187.25 1 0
github.com/IBM/fp-go/v2/cli/apply.go:187.25,189.26 2 0
github.com/IBM/fp-go/v2/cli/apply.go:189.26,191.4 1 0
github.com/IBM/fp-go/v2/cli/apply.go:192.3,193.26 2 0
github.com/IBM/fp-go/v2/cli/apply.go:193.26,195.4 1 0
github.com/IBM/fp-go/v2/cli/apply.go:196.3,198.24 3 0
github.com/IBM/fp-go/v2/cli/apply.go:200.2,207.25 6 0
github.com/IBM/fp-go/v2/cli/apply.go:207.25,209.3 1 0
github.com/IBM/fp-go/v2/cli/apply.go:211.2,212.25 2 0
github.com/IBM/fp-go/v2/cli/apply.go:212.25,213.12 1 0
github.com/IBM/fp-go/v2/cli/apply.go:213.12,215.4 1 0
github.com/IBM/fp-go/v2/cli/apply.go:216.3,216.33 1 0
github.com/IBM/fp-go/v2/cli/apply.go:218.2,224.25 6 0
github.com/IBM/fp-go/v2/cli/apply.go:224.25,225.12 1 0
github.com/IBM/fp-go/v2/cli/apply.go:225.12,227.4 1 0
github.com/IBM/fp-go/v2/cli/apply.go:228.3,228.29 1 0
github.com/IBM/fp-go/v2/cli/apply.go:230.2,231.25 2 0
github.com/IBM/fp-go/v2/cli/apply.go:231.25,233.3 1 0
github.com/IBM/fp-go/v2/cli/apply.go:234.2,235.23 2 0
github.com/IBM/fp-go/v2/cli/apply.go:238.43,244.25 5 0
github.com/IBM/fp-go/v2/cli/apply.go:244.25,245.12 1 0
github.com/IBM/fp-go/v2/cli/apply.go:245.12,247.4 1 0
github.com/IBM/fp-go/v2/cli/apply.go:248.3,248.35 1 0
github.com/IBM/fp-go/v2/cli/apply.go:250.2,254.11 5 0
github.com/IBM/fp-go/v2/cli/apply.go:254.11,256.26 2 0
github.com/IBM/fp-go/v2/cli/apply.go:256.26,258.4 1 0
github.com/IBM/fp-go/v2/cli/apply.go:259.8,261.3 1 0
github.com/IBM/fp-go/v2/cli/apply.go:262.2,264.25 2 0
github.com/IBM/fp-go/v2/cli/apply.go:264.25,268.26 4 0
github.com/IBM/fp-go/v2/cli/apply.go:268.26,270.4 1 0
github.com/IBM/fp-go/v2/cli/apply.go:271.3,272.14 2 0
github.com/IBM/fp-go/v2/cli/apply.go:272.14,274.31 2 0
github.com/IBM/fp-go/v2/cli/apply.go:274.31,276.5 1 0
github.com/IBM/fp-go/v2/cli/apply.go:277.9,279.4 1 0
github.com/IBM/fp-go/v2/cli/apply.go:280.3,280.24 1 0
github.com/IBM/fp-go/v2/cli/apply.go:283.2,283.25 1 0
github.com/IBM/fp-go/v2/cli/apply.go:283.25,285.3 1 0
github.com/IBM/fp-go/v2/cli/apply.go:286.2,286.25 1 0
github.com/IBM/fp-go/v2/cli/apply.go:286.25,288.3 1 0
github.com/IBM/fp-go/v2/cli/apply.go:289.2,289.25 1 0
github.com/IBM/fp-go/v2/cli/apply.go:289.25,291.26 2 0
github.com/IBM/fp-go/v2/cli/apply.go:291.26,293.4 1 0
github.com/IBM/fp-go/v2/cli/apply.go:294.3,295.26 2 0
github.com/IBM/fp-go/v2/cli/apply.go:295.26,297.4 1 0
github.com/IBM/fp-go/v2/cli/apply.go:298.3,300.24 3 0
github.com/IBM/fp-go/v2/cli/apply.go:302.2,309.25 6 0
github.com/IBM/fp-go/v2/cli/apply.go:309.25,311.3 1 0
github.com/IBM/fp-go/v2/cli/apply.go:313.2,313.25 1 0
github.com/IBM/fp-go/v2/cli/apply.go:313.25,315.3 1 0
github.com/IBM/fp-go/v2/cli/apply.go:316.2,321.25 5 0
github.com/IBM/fp-go/v2/cli/apply.go:321.25,322.12 1 0
github.com/IBM/fp-go/v2/cli/apply.go:322.12,324.4 1 0
github.com/IBM/fp-go/v2/cli/apply.go:325.3,325.29 1 0
github.com/IBM/fp-go/v2/cli/apply.go:327.2,328.25 2 0
github.com/IBM/fp-go/v2/cli/apply.go:328.25,330.3 1 0
github.com/IBM/fp-go/v2/cli/apply.go:331.2,332.23 2 0
github.com/IBM/fp-go/v2/cli/apply.go:335.50,339.25 3 0
github.com/IBM/fp-go/v2/cli/apply.go:339.25,340.12 1 0
github.com/IBM/fp-go/v2/cli/apply.go:340.12,342.4 1 0
github.com/IBM/fp-go/v2/cli/apply.go:343.3,343.29 1 0
github.com/IBM/fp-go/v2/cli/apply.go:345.2,346.25 2 0
github.com/IBM/fp-go/v2/cli/apply.go:346.25,348.3 1 0
github.com/IBM/fp-go/v2/cli/apply.go:349.2,350.25 2 0
github.com/IBM/fp-go/v2/cli/apply.go:350.25,351.12 1 0
github.com/IBM/fp-go/v2/cli/apply.go:351.12,353.4 1 0
github.com/IBM/fp-go/v2/cli/apply.go:354.3,354.29 1 0
github.com/IBM/fp-go/v2/cli/apply.go:356.2,359.25 3 0
github.com/IBM/fp-go/v2/cli/apply.go:359.25,360.12 1 0
github.com/IBM/fp-go/v2/cli/apply.go:360.12,362.4 1 0
github.com/IBM/fp-go/v2/cli/apply.go:363.3,363.29 1 0
github.com/IBM/fp-go/v2/cli/apply.go:365.2,367.23 2 0
github.com/IBM/fp-go/v2/cli/apply.go:370.61,372.16 2 0
github.com/IBM/fp-go/v2/cli/apply.go:372.16,374.3 1 0
github.com/IBM/fp-go/v2/cli/apply.go:375.2,376.16 2 0
github.com/IBM/fp-go/v2/cli/apply.go:376.16,378.3 1 0
github.com/IBM/fp-go/v2/cli/apply.go:379.2,381.16 3 0
github.com/IBM/fp-go/v2/cli/apply.go:381.16,383.3 1 0
github.com/IBM/fp-go/v2/cli/apply.go:384.2,403.30 8 0
github.com/IBM/fp-go/v2/cli/apply.go:403.30,412.3 4 0
github.com/IBM/fp-go/v2/cli/apply.go:414.2,414.12 1 0
github.com/IBM/fp-go/v2/cli/apply.go:417.32,425.38 1 0
github.com/IBM/fp-go/v2/cli/apply.go:425.38,430.4 1 0
github.com/IBM/fp-go/v2/cli/bind.go:28.57,30.12 2 0
github.com/IBM/fp-go/v2/cli/bind.go:30.12,32.3 1 0
github.com/IBM/fp-go/v2/cli/bind.go:33.2,34.28 2 0
github.com/IBM/fp-go/v2/cli/bind.go:34.28,40.3 4 0
github.com/IBM/fp-go/v2/cli/bind.go:41.2,41.12 1 0
github.com/IBM/fp-go/v2/cli/bind.go:44.45,47.27 3 0
github.com/IBM/fp-go/v2/cli/bind.go:47.27,49.3 1 0
github.com/IBM/fp-go/v2/cli/bind.go:50.2,50.30 1 0
github.com/IBM/fp-go/v2/cli/bind.go:50.30,52.10 2 0
github.com/IBM/fp-go/v2/cli/bind.go:52.10,54.4 1 0
github.com/IBM/fp-go/v2/cli/bind.go:56.2,56.12 1 0
github.com/IBM/fp-go/v2/cli/bind.go:59.66,60.25 1 0
github.com/IBM/fp-go/v2/cli/bind.go:60.25,66.25 3 0
github.com/IBM/fp-go/v2/cli/bind.go:66.25,68.4 1 0
github.com/IBM/fp-go/v2/cli/bind.go:69.3,70.25 2 0
github.com/IBM/fp-go/v2/cli/bind.go:70.25,71.13 1 0
github.com/IBM/fp-go/v2/cli/bind.go:71.13,73.5 1 0
github.com/IBM/fp-go/v2/cli/bind.go:74.4,74.29 1 0
github.com/IBM/fp-go/v2/cli/bind.go:76.3,77.27 2 0
github.com/IBM/fp-go/v2/cli/bind.go:77.27,78.13 1 0
github.com/IBM/fp-go/v2/cli/bind.go:78.13,80.5 1 0
github.com/IBM/fp-go/v2/cli/bind.go:81.4,81.29 1 0
github.com/IBM/fp-go/v2/cli/bind.go:83.3,85.25 3 0
github.com/IBM/fp-go/v2/cli/bind.go:85.25,87.4 1 0
github.com/IBM/fp-go/v2/cli/bind.go:88.3,89.30 2 0
github.com/IBM/fp-go/v2/cli/bind.go:89.30,90.13 1 0
github.com/IBM/fp-go/v2/cli/bind.go:90.13,92.5 1 0
github.com/IBM/fp-go/v2/cli/bind.go:93.4,93.30 1 0
github.com/IBM/fp-go/v2/cli/bind.go:95.3,96.30 2 0
github.com/IBM/fp-go/v2/cli/bind.go:96.30,98.4 1 0
github.com/IBM/fp-go/v2/cli/bind.go:99.3,100.25 2 0
github.com/IBM/fp-go/v2/cli/bind.go:100.25,101.13 1 0
github.com/IBM/fp-go/v2/cli/bind.go:101.13,103.5 1 0
github.com/IBM/fp-go/v2/cli/bind.go:104.4,104.30 1 0
github.com/IBM/fp-go/v2/cli/bind.go:106.3,107.27 2 0
github.com/IBM/fp-go/v2/cli/bind.go:107.27,108.13 1 0
github.com/IBM/fp-go/v2/cli/bind.go:108.13,110.5 1 0
github.com/IBM/fp-go/v2/cli/bind.go:111.4,111.30 1 0
github.com/IBM/fp-go/v2/cli/bind.go:113.3,117.25 3 0
github.com/IBM/fp-go/v2/cli/bind.go:117.25,118.13 1 0
github.com/IBM/fp-go/v2/cli/bind.go:118.13,120.5 1 0
github.com/IBM/fp-go/v2/cli/bind.go:121.4,121.39 1 0
github.com/IBM/fp-go/v2/cli/bind.go:123.3,124.27 2 0
github.com/IBM/fp-go/v2/cli/bind.go:124.27,125.13 1 0
github.com/IBM/fp-go/v2/cli/bind.go:125.13,127.5 1 0
github.com/IBM/fp-go/v2/cli/bind.go:128.4,128.30 1 0
github.com/IBM/fp-go/v2/cli/bind.go:130.3,133.27 3 0
github.com/IBM/fp-go/v2/cli/bind.go:133.27,134.13 1 0
github.com/IBM/fp-go/v2/cli/bind.go:134.13,136.5 1 0
github.com/IBM/fp-go/v2/cli/bind.go:137.4,137.39 1 0
github.com/IBM/fp-go/v2/cli/bind.go:139.3,142.31 3 0
github.com/IBM/fp-go/v2/cli/bind.go:142.31,143.13 1 0
github.com/IBM/fp-go/v2/cli/bind.go:143.13,145.5 1 0
github.com/IBM/fp-go/v2/cli/bind.go:146.4,146.28 1 0
github.com/IBM/fp-go/v2/cli/bind.go:148.3,156.25 6 0
github.com/IBM/fp-go/v2/cli/bind.go:156.25,158.4 1 0
github.com/IBM/fp-go/v2/cli/bind.go:159.3,160.25 2 0
github.com/IBM/fp-go/v2/cli/bind.go:160.25,161.13 1 0
github.com/IBM/fp-go/v2/cli/bind.go:161.13,163.5 1 0
github.com/IBM/fp-go/v2/cli/bind.go:164.4,164.29 1 0
github.com/IBM/fp-go/v2/cli/bind.go:166.3,168.25 3 0
github.com/IBM/fp-go/v2/cli/bind.go:168.25,170.4 1 0
github.com/IBM/fp-go/v2/cli/bind.go:171.3,173.25 2 0
github.com/IBM/fp-go/v2/cli/bind.go:173.25,174.13 1 0
github.com/IBM/fp-go/v2/cli/bind.go:174.13,176.5 1 0
github.com/IBM/fp-go/v2/cli/bind.go:177.4,177.30 1 0
github.com/IBM/fp-go/v2/cli/bind.go:179.3,179.17 1 0
github.com/IBM/fp-go/v2/cli/bind.go:179.17,181.4 1 0
github.com/IBM/fp-go/v2/cli/bind.go:182.3,183.27 2 0
github.com/IBM/fp-go/v2/cli/bind.go:183.27,184.13 1 0
github.com/IBM/fp-go/v2/cli/bind.go:184.13,186.5 1 0
github.com/IBM/fp-go/v2/cli/bind.go:187.4,187.30 1 0
github.com/IBM/fp-go/v2/cli/bind.go:189.3,190.27 2 0
github.com/IBM/fp-go/v2/cli/bind.go:190.27,192.4 1 0
github.com/IBM/fp-go/v2/cli/bind.go:193.3,194.30 2 0
github.com/IBM/fp-go/v2/cli/bind.go:194.30,195.13 1 0
github.com/IBM/fp-go/v2/cli/bind.go:195.13,197.5 1 0
github.com/IBM/fp-go/v2/cli/bind.go:198.4,198.30 1 0
github.com/IBM/fp-go/v2/cli/bind.go:200.3,203.30 3 0
github.com/IBM/fp-go/v2/cli/bind.go:203.30,204.13 1 0
github.com/IBM/fp-go/v2/cli/bind.go:204.13,206.5 1 0
github.com/IBM/fp-go/v2/cli/bind.go:207.4,207.39 1 0
github.com/IBM/fp-go/v2/cli/bind.go:209.3,211.27 3 0
github.com/IBM/fp-go/v2/cli/bind.go:211.27,212.13 1 0
github.com/IBM/fp-go/v2/cli/bind.go:212.13,214.5 1 0
github.com/IBM/fp-go/v2/cli/bind.go:215.4,215.30 1 0
github.com/IBM/fp-go/v2/cli/bind.go:217.3,220.24 3 0
github.com/IBM/fp-go/v2/cli/bind.go:225.48,231.29 3 0
github.com/IBM/fp-go/v2/cli/bind.go:231.29,233.3 1 0
github.com/IBM/fp-go/v2/cli/bind.go:235.2,235.29 1 0
github.com/IBM/fp-go/v2/cli/bind.go:235.29,239.3 2 0
github.com/IBM/fp-go/v2/cli/bind.go:242.38,243.25 1 0
github.com/IBM/fp-go/v2/cli/bind.go:243.25,245.3 1 0
github.com/IBM/fp-go/v2/cli/bind.go:248.60,250.16 2 0
github.com/IBM/fp-go/v2/cli/bind.go:250.16,252.3 1 0
github.com/IBM/fp-go/v2/cli/bind.go:253.2,254.16 2 0
github.com/IBM/fp-go/v2/cli/bind.go:254.16,256.3 1 0
github.com/IBM/fp-go/v2/cli/bind.go:257.2,259.16 3 0
github.com/IBM/fp-go/v2/cli/bind.go:259.16,261.3 1 0
github.com/IBM/fp-go/v2/cli/bind.go:262.2,275.12 8 0
github.com/IBM/fp-go/v2/cli/bind.go:278.31,287.38 1 0
github.com/IBM/fp-go/v2/cli/bind.go:287.38,292.4 1 0
github.com/IBM/fp-go/v2/cli/commands.go:22.30,40.2 1 0
github.com/IBM/fp-go/v2/cli/contextreaderioeither.go:30.51,32.29 2 0
github.com/IBM/fp-go/v2/cli/contextreaderioeither.go:32.29,33.12 1 0
github.com/IBM/fp-go/v2/cli/contextreaderioeither.go:33.12,35.4 1 0
github.com/IBM/fp-go/v2/cli/contextreaderioeither.go:36.3,36.49 1 0
github.com/IBM/fp-go/v2/cli/contextreaderioeither.go:38.2,38.11 1 0
github.com/IBM/fp-go/v2/cli/contextreaderioeither.go:38.11,40.3 1 0
github.com/IBM/fp-go/v2/cli/contextreaderioeither.go:41.2,42.21 2 0
github.com/IBM/fp-go/v2/cli/contextreaderioeither.go:45.56,46.45 1 0
github.com/IBM/fp-go/v2/cli/contextreaderioeither.go:46.45,48.3 1 0
github.com/IBM/fp-go/v2/cli/contextreaderioeither.go:49.2,50.29 2 0
github.com/IBM/fp-go/v2/cli/contextreaderioeither.go:53.68,57.25 3 0
github.com/IBM/fp-go/v2/cli/contextreaderioeither.go:57.25,59.3 1 0
github.com/IBM/fp-go/v2/cli/contextreaderioeither.go:60.2,61.25 2 0
github.com/IBM/fp-go/v2/cli/contextreaderioeither.go:61.25,63.3 1 0
github.com/IBM/fp-go/v2/cli/contextreaderioeither.go:64.2,65.25 2 0
github.com/IBM/fp-go/v2/cli/contextreaderioeither.go:65.25,66.12 1 0
github.com/IBM/fp-go/v2/cli/contextreaderioeither.go:66.12,68.4 1 0
github.com/IBM/fp-go/v2/cli/contextreaderioeither.go:69.3,69.27 1 0
github.com/IBM/fp-go/v2/cli/contextreaderioeither.go:71.2,78.25 6 0
github.com/IBM/fp-go/v2/cli/contextreaderioeither.go:78.25,80.3 1 0
github.com/IBM/fp-go/v2/cli/contextreaderioeither.go:81.2,82.25 2 0
github.com/IBM/fp-go/v2/cli/contextreaderioeither.go:82.25,84.3 1 0
github.com/IBM/fp-go/v2/cli/contextreaderioeither.go:85.2,86.25 2 0
github.com/IBM/fp-go/v2/cli/contextreaderioeither.go:86.25,87.12 1 0
github.com/IBM/fp-go/v2/cli/contextreaderioeither.go:87.12,89.4 1 0
github.com/IBM/fp-go/v2/cli/contextreaderioeither.go:90.3,90.28 1 0
github.com/IBM/fp-go/v2/cli/contextreaderioeither.go:92.2,94.23 3 0
github.com/IBM/fp-go/v2/cli/contextreaderioeither.go:97.70,101.25 3 0
github.com/IBM/fp-go/v2/cli/contextreaderioeither.go:101.25,102.12 1 0
github.com/IBM/fp-go/v2/cli/contextreaderioeither.go:102.12,104.4 1 0
github.com/IBM/fp-go/v2/cli/contextreaderioeither.go:105.3,105.27 1 0
github.com/IBM/fp-go/v2/cli/contextreaderioeither.go:107.2,108.25 2 0
github.com/IBM/fp-go/v2/cli/contextreaderioeither.go:108.25,110.3 1 0
github.com/IBM/fp-go/v2/cli/contextreaderioeither.go:111.2,112.25 2 0
github.com/IBM/fp-go/v2/cli/contextreaderioeither.go:112.25,114.3 1 0
github.com/IBM/fp-go/v2/cli/contextreaderioeither.go:115.2,119.25 4 0
github.com/IBM/fp-go/v2/cli/contextreaderioeither.go:119.25,121.3 1 0
github.com/IBM/fp-go/v2/cli/contextreaderioeither.go:122.2,128.25 5 0
github.com/IBM/fp-go/v2/cli/contextreaderioeither.go:128.25,130.3 1 0
github.com/IBM/fp-go/v2/cli/contextreaderioeither.go:131.2,132.25 2 0
github.com/IBM/fp-go/v2/cli/contextreaderioeither.go:132.25,134.3 1 0
github.com/IBM/fp-go/v2/cli/contextreaderioeither.go:135.2,136.25 2 0
github.com/IBM/fp-go/v2/cli/contextreaderioeither.go:136.25,137.12 1 0
github.com/IBM/fp-go/v2/cli/contextreaderioeither.go:137.12,139.4 1 0
github.com/IBM/fp-go/v2/cli/contextreaderioeither.go:140.3,140.28 1 0
github.com/IBM/fp-go/v2/cli/contextreaderioeither.go:142.2,145.25 3 0
github.com/IBM/fp-go/v2/cli/contextreaderioeither.go:145.25,147.3 1 0
github.com/IBM/fp-go/v2/cli/contextreaderioeither.go:148.2,150.25 3 0
github.com/IBM/fp-go/v2/cli/contextreaderioeither.go:150.25,151.12 1 0
github.com/IBM/fp-go/v2/cli/contextreaderioeither.go:151.12,153.4 1 0
github.com/IBM/fp-go/v2/cli/contextreaderioeither.go:154.3,154.28 1 0
github.com/IBM/fp-go/v2/cli/contextreaderioeither.go:156.2,158.24 3 0
github.com/IBM/fp-go/v2/cli/contextreaderioeither.go:161.59,163.2 1 0
github.com/IBM/fp-go/v2/cli/contextreaderioeither.go:167.64,171.2 3 0
github.com/IBM/fp-go/v2/cli/contextreaderioeither.go:173.68,177.2 3 0
github.com/IBM/fp-go/v2/cli/contextreaderioeither.go:179.68,183.2 3 0
github.com/IBM/fp-go/v2/cli/contextreaderioeither.go:185.77,187.16 2 0
github.com/IBM/fp-go/v2/cli/contextreaderioeither.go:187.16,189.3 1 0
github.com/IBM/fp-go/v2/cli/contextreaderioeither.go:190.2,191.16 2 0
github.com/IBM/fp-go/v2/cli/contextreaderioeither.go:191.16,193.3 1 0
github.com/IBM/fp-go/v2/cli/contextreaderioeither.go:194.2,196.16 3 0
github.com/IBM/fp-go/v2/cli/contextreaderioeither.go:196.16,198.3 1 0
github.com/IBM/fp-go/v2/cli/contextreaderioeither.go:199.2,203.16 4 0
github.com/IBM/fp-go/v2/cli/contextreaderioeither.go:203.16,205.3 1 0
github.com/IBM/fp-go/v2/cli/contextreaderioeither.go:206.2,207.16 2 0
github.com/IBM/fp-go/v2/cli/contextreaderioeither.go:207.16,209.3 1 0
github.com/IBM/fp-go/v2/cli/contextreaderioeither.go:210.2,241.30 9 0
github.com/IBM/fp-go/v2/cli/contextreaderioeither.go:241.30,251.3 5 0
github.com/IBM/fp-go/v2/cli/contextreaderioeither.go:253.2,253.12 1 0
github.com/IBM/fp-go/v2/cli/contextreaderioeither.go:256.48,264.38 1 0
github.com/IBM/fp-go/v2/cli/contextreaderioeither.go:264.38,269.4 1 0
github.com/IBM/fp-go/v2/cli/di.go:28.46,32.25 3 0
github.com/IBM/fp-go/v2/cli/di.go:32.25,33.12 1 0
github.com/IBM/fp-go/v2/cli/di.go:33.12,35.4 1 0
github.com/IBM/fp-go/v2/cli/di.go:36.3,36.29 1 0
github.com/IBM/fp-go/v2/cli/di.go:38.2,40.25 3 0
github.com/IBM/fp-go/v2/cli/di.go:40.25,42.3 1 0
github.com/IBM/fp-go/v2/cli/di.go:43.2,44.25 2 0
github.com/IBM/fp-go/v2/cli/di.go:44.25,45.12 1 0
github.com/IBM/fp-go/v2/cli/di.go:45.12,47.4 1 0
github.com/IBM/fp-go/v2/cli/di.go:48.3,48.29 1 0
github.com/IBM/fp-go/v2/cli/di.go:50.2,55.25 6 0
github.com/IBM/fp-go/v2/cli/di.go:55.25,57.3 1 0
github.com/IBM/fp-go/v2/cli/di.go:58.2,60.23 3 0
github.com/IBM/fp-go/v2/cli/di.go:63.54,67.25 3 0
github.com/IBM/fp-go/v2/cli/di.go:67.25,68.12 1 0
github.com/IBM/fp-go/v2/cli/di.go:68.12,70.4 1 0
github.com/IBM/fp-go/v2/cli/di.go:71.3,71.29 1 0
github.com/IBM/fp-go/v2/cli/di.go:73.2,75.25 3 0
github.com/IBM/fp-go/v2/cli/di.go:75.25,77.3 1 0
github.com/IBM/fp-go/v2/cli/di.go:78.2,79.25 2 0
github.com/IBM/fp-go/v2/cli/di.go:79.25,80.12 1 0
github.com/IBM/fp-go/v2/cli/di.go:80.12,82.4 1 0
github.com/IBM/fp-go/v2/cli/di.go:83.3,83.29 1 0
github.com/IBM/fp-go/v2/cli/di.go:85.2,88.25 4 0
github.com/IBM/fp-go/v2/cli/di.go:88.25,90.3 1 0
github.com/IBM/fp-go/v2/cli/di.go:91.2,93.23 3 0
github.com/IBM/fp-go/v2/cli/di.go:96.53,100.25 3 0
github.com/IBM/fp-go/v2/cli/di.go:100.25,101.12 1 0
github.com/IBM/fp-go/v2/cli/di.go:101.12,103.4 1 0
github.com/IBM/fp-go/v2/cli/di.go:104.3,104.29 1 0
github.com/IBM/fp-go/v2/cli/di.go:106.2,107.25 2 0
github.com/IBM/fp-go/v2/cli/di.go:107.25,109.3 1 0
github.com/IBM/fp-go/v2/cli/di.go:110.2,111.25 2 0
github.com/IBM/fp-go/v2/cli/di.go:111.25,112.12 1 0
github.com/IBM/fp-go/v2/cli/di.go:112.12,114.4 1 0
github.com/IBM/fp-go/v2/cli/di.go:115.3,115.29 1 0
github.com/IBM/fp-go/v2/cli/di.go:117.2,121.25 5 0
github.com/IBM/fp-go/v2/cli/di.go:121.25,123.3 1 0
github.com/IBM/fp-go/v2/cli/di.go:124.2,126.25 3 0
github.com/IBM/fp-go/v2/cli/di.go:126.25,128.3 1 0
github.com/IBM/fp-go/v2/cli/di.go:129.2,132.23 4 0
github.com/IBM/fp-go/v2/cli/di.go:135.54,139.25 3 0
github.com/IBM/fp-go/v2/cli/di.go:139.25,140.12 1 0
github.com/IBM/fp-go/v2/cli/di.go:140.12,142.4 1 0
github.com/IBM/fp-go/v2/cli/di.go:143.3,143.29 1 0
github.com/IBM/fp-go/v2/cli/di.go:145.2,146.25 2 0
github.com/IBM/fp-go/v2/cli/di.go:146.25,148.3 1 0
github.com/IBM/fp-go/v2/cli/di.go:149.2,150.25 2 0
github.com/IBM/fp-go/v2/cli/di.go:150.25,151.12 1 0
github.com/IBM/fp-go/v2/cli/di.go:151.12,153.4 1 0
github.com/IBM/fp-go/v2/cli/di.go:154.3,154.29 1 0
github.com/IBM/fp-go/v2/cli/di.go:156.2,158.25 3 0
github.com/IBM/fp-go/v2/cli/di.go:158.25,160.3 1 0
github.com/IBM/fp-go/v2/cli/di.go:161.2,163.25 3 0
github.com/IBM/fp-go/v2/cli/di.go:163.25,165.3 1 0
github.com/IBM/fp-go/v2/cli/di.go:166.2,168.23 3 0
github.com/IBM/fp-go/v2/cli/di.go:171.58,173.16 2 0
github.com/IBM/fp-go/v2/cli/di.go:173.16,175.3 1 0
github.com/IBM/fp-go/v2/cli/di.go:176.2,177.16 2 0
github.com/IBM/fp-go/v2/cli/di.go:177.16,179.3 1 0
github.com/IBM/fp-go/v2/cli/di.go:180.2,182.16 3 0
github.com/IBM/fp-go/v2/cli/di.go:182.16,184.3 1 0
github.com/IBM/fp-go/v2/cli/di.go:185.2,206.30 8 0
github.com/IBM/fp-go/v2/cli/di.go:206.30,211.3 4 0
github.com/IBM/fp-go/v2/cli/di.go:213.2,213.12 1 0
github.com/IBM/fp-go/v2/cli/di.go:216.29,224.38 1 0
github.com/IBM/fp-go/v2/cli/di.go:224.38,229.4 1 0
github.com/IBM/fp-go/v2/cli/either.go:28.56,29.35 1 0
github.com/IBM/fp-go/v2/cli/either.go:29.35,31.3 1 0
github.com/IBM/fp-go/v2/cli/either.go:34.53,36.2 1 0
github.com/IBM/fp-go/v2/cli/either.go:38.53,40.2 1 0
github.com/IBM/fp-go/v2/cli/either.go:42.49,44.2 1 0
github.com/IBM/fp-go/v2/cli/either.go:46.45,50.25 3 0
github.com/IBM/fp-go/v2/cli/either.go:50.25,51.12 1 0
github.com/IBM/fp-go/v2/cli/either.go:51.12,53.4 1 0
github.com/IBM/fp-go/v2/cli/either.go:54.3,54.27 1 0
github.com/IBM/fp-go/v2/cli/either.go:56.2,57.25 2 0
github.com/IBM/fp-go/v2/cli/either.go:57.25,59.3 1 0
github.com/IBM/fp-go/v2/cli/either.go:60.2,61.25 2 0
github.com/IBM/fp-go/v2/cli/either.go:61.25,62.12 1 0
github.com/IBM/fp-go/v2/cli/either.go:62.12,64.4 1 0
github.com/IBM/fp-go/v2/cli/either.go:65.3,65.27 1 0
github.com/IBM/fp-go/v2/cli/either.go:67.2,69.25 3 0
github.com/IBM/fp-go/v2/cli/either.go:69.25,70.12 1 0
github.com/IBM/fp-go/v2/cli/either.go:70.12,72.4 1 0
github.com/IBM/fp-go/v2/cli/either.go:73.3,73.34 1 0
github.com/IBM/fp-go/v2/cli/either.go:75.2,77.25 3 0
github.com/IBM/fp-go/v2/cli/either.go:77.25,78.12 1 0
github.com/IBM/fp-go/v2/cli/either.go:78.12,80.4 1 0
github.com/IBM/fp-go/v2/cli/either.go:81.3,81.27 1 0
github.com/IBM/fp-go/v2/cli/either.go:83.2,85.22 3 0
github.com/IBM/fp-go/v2/cli/either.go:88.43,92.25 3 0
github.com/IBM/fp-go/v2/cli/either.go:92.25,93.12 1 0
github.com/IBM/fp-go/v2/cli/either.go:93.12,95.4 1 0
github.com/IBM/fp-go/v2/cli/either.go:96.3,96.27 1 0
github.com/IBM/fp-go/v2/cli/either.go:98.2,99.25 2 0
github.com/IBM/fp-go/v2/cli/either.go:99.25,101.3 1 0
github.com/IBM/fp-go/v2/cli/either.go:102.2,103.25 2 0
github.com/IBM/fp-go/v2/cli/either.go:103.25,104.12 1 0
github.com/IBM/fp-go/v2/cli/either.go:104.12,106.4 1 0
github.com/IBM/fp-go/v2/cli/either.go:107.3,107.27 1 0
github.com/IBM/fp-go/v2/cli/either.go:109.2,111.25 3 0
github.com/IBM/fp-go/v2/cli/either.go:111.25,112.12 1 0
github.com/IBM/fp-go/v2/cli/either.go:112.12,114.4 1 0
github.com/IBM/fp-go/v2/cli/either.go:115.3,115.34 1 0
github.com/IBM/fp-go/v2/cli/either.go:117.2,119.25 3 0
github.com/IBM/fp-go/v2/cli/either.go:119.25,120.12 1 0
github.com/IBM/fp-go/v2/cli/either.go:120.12,122.4 1 0
github.com/IBM/fp-go/v2/cli/either.go:123.3,123.27 1 0
github.com/IBM/fp-go/v2/cli/either.go:125.2,127.22 3 0
github.com/IBM/fp-go/v2/cli/either.go:130.62,132.16 2 0
github.com/IBM/fp-go/v2/cli/either.go:132.16,134.3 1 0
github.com/IBM/fp-go/v2/cli/either.go:135.2,136.16 2 0
github.com/IBM/fp-go/v2/cli/either.go:136.16,138.3 1 0
github.com/IBM/fp-go/v2/cli/either.go:139.2,141.16 3 0
github.com/IBM/fp-go/v2/cli/either.go:141.16,143.3 1 0
github.com/IBM/fp-go/v2/cli/either.go:144.2,169.30 10 0
github.com/IBM/fp-go/v2/cli/either.go:169.30,180.3 5 0
github.com/IBM/fp-go/v2/cli/either.go:182.2,182.12 1 0
github.com/IBM/fp-go/v2/cli/either.go:185.33,193.38 1 0
github.com/IBM/fp-go/v2/cli/either.go:193.38,198.4 1 0
github.com/IBM/fp-go/v2/cli/header.go:24.43,31.2 4 1
github.com/IBM/fp-go/v2/cli/identity.go:28.39,30.2 1 0
github.com/IBM/fp-go/v2/cli/identity.go:32.55,34.2 1 0
github.com/IBM/fp-go/v2/cli/identity.go:36.55,38.2 1 0
github.com/IBM/fp-go/v2/cli/identity.go:40.51,42.2 1 0
github.com/IBM/fp-go/v2/cli/identity.go:44.64,46.16 2 0
github.com/IBM/fp-go/v2/cli/identity.go:46.16,48.3 1 0
github.com/IBM/fp-go/v2/cli/identity.go:49.2,50.16 2 0
github.com/IBM/fp-go/v2/cli/identity.go:50.16,52.3 1 0
github.com/IBM/fp-go/v2/cli/identity.go:53.2,55.16 3 0
github.com/IBM/fp-go/v2/cli/identity.go:55.16,57.3 1 0
github.com/IBM/fp-go/v2/cli/identity.go:58.2,76.30 8 0
github.com/IBM/fp-go/v2/cli/identity.go:76.30,83.3 3 0
github.com/IBM/fp-go/v2/cli/identity.go:85.2,85.12 1 0
github.com/IBM/fp-go/v2/cli/identity.go:88.35,96.38 1 0
github.com/IBM/fp-go/v2/cli/identity.go:96.38,101.4 1 0
github.com/IBM/fp-go/v2/cli/io.go:29.40,31.2 1 0
github.com/IBM/fp-go/v2/cli/io.go:35.45,39.2 3 0
github.com/IBM/fp-go/v2/cli/io.go:41.49,45.2 3 0
github.com/IBM/fp-go/v2/cli/io.go:47.49,51.2 3 0
github.com/IBM/fp-go/v2/cli/io.go:53.58,55.16 2 0
github.com/IBM/fp-go/v2/cli/io.go:55.16,57.3 1 0
github.com/IBM/fp-go/v2/cli/io.go:58.2,59.16 2 0
github.com/IBM/fp-go/v2/cli/io.go:59.16,61.3 1 0
github.com/IBM/fp-go/v2/cli/io.go:62.2,64.16 3 0
github.com/IBM/fp-go/v2/cli/io.go:64.16,66.3 1 0
github.com/IBM/fp-go/v2/cli/io.go:67.2,85.30 8 0
github.com/IBM/fp-go/v2/cli/io.go:85.30,92.3 3 0
github.com/IBM/fp-go/v2/cli/io.go:94.2,94.12 1 0
github.com/IBM/fp-go/v2/cli/io.go:97.29,105.38 1 0
github.com/IBM/fp-go/v2/cli/io.go:105.38,110.4 1 0
github.com/IBM/fp-go/v2/cli/ioeither.go:31.46,33.2 1 0
github.com/IBM/fp-go/v2/cli/ioeither.go:37.55,41.2 3 0
github.com/IBM/fp-go/v2/cli/ioeither.go:43.59,47.2 3 0
github.com/IBM/fp-go/v2/cli/ioeither.go:49.59,53.2 3 0
github.com/IBM/fp-go/v2/cli/ioeither.go:55.57,59.25 3 0
github.com/IBM/fp-go/v2/cli/ioeither.go:59.25,60.12 1 0
github.com/IBM/fp-go/v2/cli/ioeither.go:60.12,62.4 1 0
github.com/IBM/fp-go/v2/cli/ioeither.go:63.3,63.29 1 0
github.com/IBM/fp-go/v2/cli/ioeither.go:65.2,66.25 2 0
github.com/IBM/fp-go/v2/cli/ioeither.go:66.25,68.3 1 0
github.com/IBM/fp-go/v2/cli/ioeither.go:69.2,70.25 2 0
github.com/IBM/fp-go/v2/cli/ioeither.go:70.25,71.12 1 0
github.com/IBM/fp-go/v2/cli/ioeither.go:71.12,73.4 1 0
github.com/IBM/fp-go/v2/cli/ioeither.go:74.3,74.29 1 0
github.com/IBM/fp-go/v2/cli/ioeither.go:76.2,83.25 6 0
github.com/IBM/fp-go/v2/cli/ioeither.go:83.25,84.12 1 0
github.com/IBM/fp-go/v2/cli/ioeither.go:84.12,86.4 1 0
github.com/IBM/fp-go/v2/cli/ioeither.go:87.3,87.30 1 0
github.com/IBM/fp-go/v2/cli/ioeither.go:89.2,90.25 2 0
github.com/IBM/fp-go/v2/cli/ioeither.go:90.25,92.3 1 0
github.com/IBM/fp-go/v2/cli/ioeither.go:93.2,94.25 2 0
github.com/IBM/fp-go/v2/cli/ioeither.go:94.25,95.12 1 0
github.com/IBM/fp-go/v2/cli/ioeither.go:95.12,97.4 1 0
github.com/IBM/fp-go/v2/cli/ioeither.go:98.3,98.30 1 0
github.com/IBM/fp-go/v2/cli/ioeither.go:100.2,102.25 3 0
github.com/IBM/fp-go/v2/cli/ioeither.go:102.25,103.12 1 0
github.com/IBM/fp-go/v2/cli/ioeither.go:103.12,105.4 1 0
github.com/IBM/fp-go/v2/cli/ioeither.go:106.3,106.39 1 0
github.com/IBM/fp-go/v2/cli/ioeither.go:108.2,110.25 3 0
github.com/IBM/fp-go/v2/cli/ioeither.go:110.25,111.12 1 0
github.com/IBM/fp-go/v2/cli/ioeither.go:111.12,113.4 1 0
github.com/IBM/fp-go/v2/cli/ioeither.go:114.3,114.30 1 0
github.com/IBM/fp-go/v2/cli/ioeither.go:116.2,118.24 3 0
github.com/IBM/fp-go/v2/cli/ioeither.go:121.55,125.25 3 0
github.com/IBM/fp-go/v2/cli/ioeither.go:125.25,126.12 1 0
github.com/IBM/fp-go/v2/cli/ioeither.go:126.12,128.4 1 0
github.com/IBM/fp-go/v2/cli/ioeither.go:129.3,129.29 1 0
github.com/IBM/fp-go/v2/cli/ioeither.go:131.2,132.25 2 0
github.com/IBM/fp-go/v2/cli/ioeither.go:132.25,134.3 1 0
github.com/IBM/fp-go/v2/cli/ioeither.go:135.2,136.25 2 0
github.com/IBM/fp-go/v2/cli/ioeither.go:136.25,137.12 1 0
github.com/IBM/fp-go/v2/cli/ioeither.go:137.12,139.4 1 0
github.com/IBM/fp-go/v2/cli/ioeither.go:140.3,140.29 1 0
github.com/IBM/fp-go/v2/cli/ioeither.go:142.2,149.25 6 0
github.com/IBM/fp-go/v2/cli/ioeither.go:149.25,150.12 1 0
github.com/IBM/fp-go/v2/cli/ioeither.go:150.12,152.4 1 0
github.com/IBM/fp-go/v2/cli/ioeither.go:153.3,153.30 1 0
github.com/IBM/fp-go/v2/cli/ioeither.go:155.2,156.25 2 0
github.com/IBM/fp-go/v2/cli/ioeither.go:156.25,158.3 1 0
github.com/IBM/fp-go/v2/cli/ioeither.go:159.2,160.25 2 0
github.com/IBM/fp-go/v2/cli/ioeither.go:160.25,161.12 1 0
github.com/IBM/fp-go/v2/cli/ioeither.go:161.12,163.4 1 0
github.com/IBM/fp-go/v2/cli/ioeither.go:164.3,164.30 1 0
github.com/IBM/fp-go/v2/cli/ioeither.go:166.2,169.25 4 0
github.com/IBM/fp-go/v2/cli/ioeither.go:169.25,170.12 1 0
github.com/IBM/fp-go/v2/cli/ioeither.go:170.12,172.4 1 0
github.com/IBM/fp-go/v2/cli/ioeither.go:173.3,173.39 1 0
github.com/IBM/fp-go/v2/cli/ioeither.go:175.2,178.25 4 0
github.com/IBM/fp-go/v2/cli/ioeither.go:178.25,179.12 1 0
github.com/IBM/fp-go/v2/cli/ioeither.go:179.12,181.4 1 0
github.com/IBM/fp-go/v2/cli/ioeither.go:182.3,182.30 1 0
github.com/IBM/fp-go/v2/cli/ioeither.go:184.2,186.24 3 0
github.com/IBM/fp-go/v2/cli/ioeither.go:189.64,191.16 2 0
github.com/IBM/fp-go/v2/cli/ioeither.go:191.16,193.3 1 0
github.com/IBM/fp-go/v2/cli/ioeither.go:194.2,195.16 2 0
github.com/IBM/fp-go/v2/cli/ioeither.go:195.16,197.3 1 0
github.com/IBM/fp-go/v2/cli/ioeither.go:198.2,200.16 3 0
github.com/IBM/fp-go/v2/cli/ioeither.go:200.16,202.3 1 0
github.com/IBM/fp-go/v2/cli/ioeither.go:203.2,207.16 4 0
github.com/IBM/fp-go/v2/cli/ioeither.go:207.16,209.3 1 0
github.com/IBM/fp-go/v2/cli/ioeither.go:210.2,211.16 2 0
github.com/IBM/fp-go/v2/cli/ioeither.go:211.16,213.3 1 0
github.com/IBM/fp-go/v2/cli/ioeither.go:214.2,252.30 15 0
github.com/IBM/fp-go/v2/cli/ioeither.go:252.30,263.3 5 0
github.com/IBM/fp-go/v2/cli/ioeither.go:265.2,265.12 1 0
github.com/IBM/fp-go/v2/cli/ioeither.go:268.35,276.38 1 0
github.com/IBM/fp-go/v2/cli/ioeither.go:276.38,281.4 1 0
github.com/IBM/fp-go/v2/cli/iooption.go:29.46,31.2 1 0
github.com/IBM/fp-go/v2/cli/iooption.go:33.43,35.2 1 0
github.com/IBM/fp-go/v2/cli/iooption.go:39.51,43.2 3 0
github.com/IBM/fp-go/v2/cli/iooption.go:45.55,49.2 3 0
github.com/IBM/fp-go/v2/cli/iooption.go:51.55,55.2 3 0
github.com/IBM/fp-go/v2/cli/iooption.go:57.64,59.16 2 0
github.com/IBM/fp-go/v2/cli/iooption.go:59.16,61.3 1 0
github.com/IBM/fp-go/v2/cli/iooption.go:62.2,63.16 2 0
github.com/IBM/fp-go/v2/cli/iooption.go:63.16,65.3 1 0
github.com/IBM/fp-go/v2/cli/iooption.go:66.2,68.16 3 0
github.com/IBM/fp-go/v2/cli/iooption.go:68.16,70.3 1 0
github.com/IBM/fp-go/v2/cli/iooption.go:71.2,90.30 8 0
github.com/IBM/fp-go/v2/cli/iooption.go:90.30,97.3 3 0
github.com/IBM/fp-go/v2/cli/iooption.go:99.2,99.12 1 0
github.com/IBM/fp-go/v2/cli/iooption.go:102.35,110.38 1 0
github.com/IBM/fp-go/v2/cli/iooption.go:110.38,115.4 1 0
github.com/IBM/fp-go/v2/cli/lens.go:180.13,183.16 3 1
github.com/IBM/fp-go/v2/cli/lens.go:183.16,184.13 1 0
github.com/IBM/fp-go/v2/cli/lens.go:186.2,187.16 2 1
github.com/IBM/fp-go/v2/cli/lens.go:187.16,188.13 1 0
github.com/IBM/fp-go/v2/cli/lens.go:193.52,194.16 1 1
github.com/IBM/fp-go/v2/cli/lens.go:194.16,196.3 1 1
github.com/IBM/fp-go/v2/cli/lens.go:197.2,197.35 1 1
github.com/IBM/fp-go/v2/cli/lens.go:197.35,198.53 1 1
github.com/IBM/fp-go/v2/cli/lens.go:198.53,200.4 1 1
github.com/IBM/fp-go/v2/cli/lens.go:202.2,202.14 1 1
github.com/IBM/fp-go/v2/cli/lens.go:206.40,207.26 1 1
github.com/IBM/fp-go/v2/cli/lens.go:208.18,209.16 1 1
github.com/IBM/fp-go/v2/cli/lens.go:210.21,211.32 1 1
github.com/IBM/fp-go/v2/cli/lens.go:212.22,213.35 1 1
github.com/IBM/fp-go/v2/cli/lens.go:214.20,215.66 1 1
github.com/IBM/fp-go/v2/cli/lens.go:216.25,217.45 1 0
github.com/IBM/fp-go/v2/cli/lens.go:218.26,219.23 1 0
github.com/IBM/fp-go/v2/cli/lens.go:220.22,223.61 1 0
github.com/IBM/fp-go/v2/cli/lens.go:224.26,228.35 2 0
github.com/IBM/fp-go/v2/cli/lens.go:228.35,230.4 1 0
github.com/IBM/fp-go/v2/cli/lens.go:231.3,231.67 1 0
github.com/IBM/fp-go/v2/cli/lens.go:232.10,233.15 1 1
github.com/IBM/fp-go/v2/cli/lens.go:239.63,240.26 1 1
github.com/IBM/fp-go/v2/cli/lens.go:241.21,242.31 1 1
github.com/IBM/fp-go/v2/cli/lens.go:243.22,244.33 1 1
github.com/IBM/fp-go/v2/cli/lens.go:245.20,247.35 2 1
github.com/IBM/fp-go/v2/cli/lens.go:248.25,250.40 1 0
github.com/IBM/fp-go/v2/cli/lens.go:250.40,254.4 1 0
github.com/IBM/fp-go/v2/cli/lens.go:255.22,258.35 2 0
github.com/IBM/fp-go/v2/cli/lens.go:259.26,262.35 2 0
github.com/IBM/fp-go/v2/cli/lens.go:262.35,264.4 1 0
github.com/IBM/fp-go/v2/cli/lens.go:269.43,270.16 1 1
github.com/IBM/fp-go/v2/cli/lens.go:270.16,272.3 1 1
github.com/IBM/fp-go/v2/cli/lens.go:274.2,280.29 5 1
github.com/IBM/fp-go/v2/cli/lens.go:280.29,281.45 1 1
github.com/IBM/fp-go/v2/cli/lens.go:281.45,283.4 1 1
github.com/IBM/fp-go/v2/cli/lens.go:285.2,285.14 1 1
github.com/IBM/fp-go/v2/cli/lens.go:289.40,292.2 2 1
github.com/IBM/fp-go/v2/cli/lens.go:309.73,310.26 1 1
github.com/IBM/fp-go/v2/cli/lens.go:311.18,313.65 1 1
github.com/IBM/fp-go/v2/cli/lens.go:313.65,316.4 1 1
github.com/IBM/fp-go/v2/cli/lens.go:320.3,322.22 2 1
github.com/IBM/fp-go/v2/cli/lens.go:322.22,325.4 1 0
github.com/IBM/fp-go/v2/cli/lens.go:329.3,329.14 1 1
github.com/IBM/fp-go/v2/cli/lens.go:330.21,332.14 1 1
github.com/IBM/fp-go/v2/cli/lens.go:333.22,335.19 1 1
github.com/IBM/fp-go/v2/cli/lens.go:335.19,338.4 1 1
github.com/IBM/fp-go/v2/cli/lens.go:340.3,340.45 1 1
github.com/IBM/fp-go/v2/cli/lens.go:341.20,343.15 1 1
github.com/IBM/fp-go/v2/cli/lens.go:344.21,346.15 1 1
github.com/IBM/fp-go/v2/cli/lens.go:347.26,349.14 1 1
github.com/IBM/fp-go/v2/cli/lens.go:350.23,354.15 1 1
github.com/IBM/fp-go/v2/cli/lens.go:355.25,359.40 1 0
github.com/IBM/fp-go/v2/cli/lens.go:359.40,363.53 3 0
github.com/IBM/fp-go/v2/cli/lens.go:363.53,366.5 1 0
github.com/IBM/fp-go/v2/cli/lens.go:370.3,370.14 1 0
github.com/IBM/fp-go/v2/cli/lens.go:371.42,375.40 2 0
github.com/IBM/fp-go/v2/cli/lens.go:375.40,377.4 1 0
github.com/IBM/fp-go/v2/cli/lens.go:377.9,377.55 1 0
github.com/IBM/fp-go/v2/cli/lens.go:377.55,379.4 1 0
github.com/IBM/fp-go/v2/cli/lens.go:381.3,381.50 1 0
github.com/IBM/fp-go/v2/cli/lens.go:381.50,382.43 1 0
github.com/IBM/fp-go/v2/cli/lens.go:382.43,386.52 3 0
github.com/IBM/fp-go/v2/cli/lens.go:386.52,389.6 1 0
github.com/IBM/fp-go/v2/cli/lens.go:390.5,390.52 1 0
github.com/IBM/fp-go/v2/cli/lens.go:390.52,393.6 1 0
github.com/IBM/fp-go/v2/cli/lens.go:397.3,398.15 2 0
github.com/IBM/fp-go/v2/cli/lens.go:399.21,401.14 1 1
github.com/IBM/fp-go/v2/cli/lens.go:402.10,404.15 1 0
github.com/IBM/fp-go/v2/cli/lens.go:417.150,424.31 4 1
github.com/IBM/fp-go/v2/cli/lens.go:425.18,428.16 2 1
github.com/IBM/fp-go/v2/cli/lens.go:429.21,431.40 1 1
github.com/IBM/fp-go/v2/cli/lens.go:431.40,434.4 2 1
github.com/IBM/fp-go/v2/cli/lens.go:435.25,439.17 1 0
github.com/IBM/fp-go/v2/cli/lens.go:442.2,442.40 1 1
github.com/IBM/fp-go/v2/cli/lens.go:442.40,444.3 1 0
github.com/IBM/fp-go/v2/cli/lens.go:447.2,448.42 2 1
github.com/IBM/fp-go/v2/cli/lens.go:448.42,449.38 1 1
github.com/IBM/fp-go/v2/cli/lens.go:449.38,450.32 1 1
github.com/IBM/fp-go/v2/cli/lens.go:450.32,451.48 1 1
github.com/IBM/fp-go/v2/cli/lens.go:451.48,454.6 2 1
github.com/IBM/fp-go/v2/cli/lens.go:457.3,457.14 1 1
github.com/IBM/fp-go/v2/cli/lens.go:460.2,460.31 1 1
github.com/IBM/fp-go/v2/cli/lens.go:460.31,463.3 1 0
github.com/IBM/fp-go/v2/cli/lens.go:466.2,466.55 1 1
github.com/IBM/fp-go/v2/cli/lens.go:466.55,468.28 1 1
github.com/IBM/fp-go/v2/cli/lens.go:468.28,469.12 1 0
github.com/IBM/fp-go/v2/cli/lens.go:472.3,472.36 1 1
github.com/IBM/fp-go/v2/cli/lens.go:472.36,474.25 1 1
github.com/IBM/fp-go/v2/cli/lens.go:474.25,480.34 4 1
github.com/IBM/fp-go/v2/cli/lens.go:480.34,483.6 2 0
github.com/IBM/fp-go/v2/cli/lens.go:483.11,483.39 1 1
github.com/IBM/fp-go/v2/cli/lens.go:483.39,485.6 1 0
github.com/IBM/fp-go/v2/cli/lens.go:488.5,499.7 2 1
github.com/IBM/fp-go/v2/cli/lens.go:504.2,504.16 1 1
github.com/IBM/fp-go/v2/cli/lens.go:509.65,510.70 1 1
github.com/IBM/fp-go/v2/cli/lens.go:510.70,512.3 1 1
github.com/IBM/fp-go/v2/cli/lens.go:514.2,516.49 3 1
github.com/IBM/fp-go/v2/cli/lens.go:516.49,517.36 1 1
github.com/IBM/fp-go/v2/cli/lens.go:517.36,521.4 3 1
github.com/IBM/fp-go/v2/cli/lens.go:524.2,526.31 3 1
github.com/IBM/fp-go/v2/cli/lens.go:531.67,533.70 2 1
github.com/IBM/fp-go/v2/cli/lens.go:533.70,535.3 1 1
github.com/IBM/fp-go/v2/cli/lens.go:537.2,537.49 1 1
github.com/IBM/fp-go/v2/cli/lens.go:537.49,539.36 2 1
github.com/IBM/fp-go/v2/cli/lens.go:539.36,541.4 1 1
github.com/IBM/fp-go/v2/cli/lens.go:544.2,544.22 1 1
github.com/IBM/fp-go/v2/cli/lens.go:548.63,551.16 3 1
github.com/IBM/fp-go/v2/cli/lens.go:551.16,553.3 1 0
github.com/IBM/fp-go/v2/cli/lens.go:555.2,560.35 4 1
github.com/IBM/fp-go/v2/cli/lens.go:560.35,563.22 3 0
github.com/IBM/fp-go/v2/cli/lens.go:563.22,565.4 1 0
github.com/IBM/fp-go/v2/cli/lens.go:565.9,569.4 2 0
github.com/IBM/fp-go/v2/cli/lens.go:570.3,570.27 1 0
github.com/IBM/fp-go/v2/cli/lens.go:574.2,575.42 2 1
github.com/IBM/fp-go/v2/cli/lens.go:575.42,576.37 1 1
github.com/IBM/fp-go/v2/cli/lens.go:576.37,577.34 1 1
github.com/IBM/fp-go/v2/cli/lens.go:577.34,578.43 1 1
github.com/IBM/fp-go/v2/cli/lens.go:578.43,580.6 1 1
github.com/IBM/fp-go/v2/cli/lens.go:583.3,583.14 1 1
github.com/IBM/fp-go/v2/cli/lens.go:587.2,587.42 1 1
github.com/IBM/fp-go/v2/cli/lens.go:587.42,590.10 2 1
github.com/IBM/fp-go/v2/cli/lens.go:590.10,592.4 1 1
github.com/IBM/fp-go/v2/cli/lens.go:595.3,596.10 2 1
github.com/IBM/fp-go/v2/cli/lens.go:596.10,598.4 1 0
github.com/IBM/fp-go/v2/cli/lens.go:601.3,602.30 2 1
github.com/IBM/fp-go/v2/cli/lens.go:602.30,604.4 1 1
github.com/IBM/fp-go/v2/cli/lens.go:607.3,613.48 4 1
github.com/IBM/fp-go/v2/cli/lens.go:613.48,614.29 1 1
github.com/IBM/fp-go/v2/cli/lens.go:614.29,617.47 2 1
github.com/IBM/fp-go/v2/cli/lens.go:617.47,623.40 3 1
github.com/IBM/fp-go/v2/cli/lens.go:623.40,624.53 1 0
github.com/IBM/fp-go/v2/cli/lens.go:624.53,626.8 1 0
github.com/IBM/fp-go/v2/cli/lens.go:629.6,629.50 1 1
github.com/IBM/fp-go/v2/cli/lens.go:631.5,631.13 1 1
github.com/IBM/fp-go/v2/cli/lens.go:633.4,633.37 1 1
github.com/IBM/fp-go/v2/cli/lens.go:633.37,635.26 1 1
github.com/IBM/fp-go/v2/cli/lens.go:635.26,644.35 5 1
github.com/IBM/fp-go/v2/cli/lens.go:644.35,648.7 2 1
github.com/IBM/fp-go/v2/cli/lens.go:648.12,648.40 1 1
github.com/IBM/fp-go/v2/cli/lens.go:648.40,651.7 1 1
github.com/IBM/fp-go/v2/cli/lens.go:655.6,663.40 4 1
github.com/IBM/fp-go/v2/cli/lens.go:663.40,664.53 1 0
github.com/IBM/fp-go/v2/cli/lens.go:664.53,666.8 1 0
github.com/IBM/fp-go/v2/cli/lens.go:669.6,675.8 1 1
github.com/IBM/fp-go/v2/cli/lens.go:680.3,680.22 1 1
github.com/IBM/fp-go/v2/cli/lens.go:680.22,689.4 2 1
github.com/IBM/fp-go/v2/cli/lens.go:691.3,691.14 1 1
github.com/IBM/fp-go/v2/cli/lens.go:694.2,694.34 1 1
github.com/IBM/fp-go/v2/cli/lens.go:698.68,701.16 2 1
github.com/IBM/fp-go/v2/cli/lens.go:701.16,703.3 1 0
github.com/IBM/fp-go/v2/cli/lens.go:705.2,705.13 1 1
github.com/IBM/fp-go/v2/cli/lens.go:705.13,707.3 1 0
github.com/IBM/fp-go/v2/cli/lens.go:710.2,711.16 2 1
github.com/IBM/fp-go/v2/cli/lens.go:711.16,713.3 1 0
github.com/IBM/fp-go/v2/cli/lens.go:715.2,715.13 1 1
github.com/IBM/fp-go/v2/cli/lens.go:715.13,717.3 1 0
github.com/IBM/fp-go/v2/cli/lens.go:720.2,723.29 3 1
github.com/IBM/fp-go/v2/cli/lens.go:723.29,725.78 1 1
github.com/IBM/fp-go/v2/cli/lens.go:725.78,726.15 1 0
github.com/IBM/fp-go/v2/cli/lens.go:726.15,728.5 1 0
github.com/IBM/fp-go/v2/cli/lens.go:729.4,729.12 1 0
github.com/IBM/fp-go/v2/cli/lens.go:732.3,732.14 1 1
github.com/IBM/fp-go/v2/cli/lens.go:732.14,734.4 1 0
github.com/IBM/fp-go/v2/cli/lens.go:736.3,737.17 2 1
github.com/IBM/fp-go/v2/cli/lens.go:737.17,739.12 2 0
github.com/IBM/fp-go/v2/cli/lens.go:742.3,742.34 1 1
github.com/IBM/fp-go/v2/cli/lens.go:742.34,744.30 2 0
github.com/IBM/fp-go/v2/cli/lens.go:744.30,746.5 1 0
github.com/IBM/fp-go/v2/cli/lens.go:749.3,749.24 1 1
github.com/IBM/fp-go/v2/cli/lens.go:749.24,751.4 1 1
github.com/IBM/fp-go/v2/cli/lens.go:753.3,753.46 1 1
github.com/IBM/fp-go/v2/cli/lens.go:756.2,756.26 1 1
github.com/IBM/fp-go/v2/cli/lens.go:756.26,759.3 2 1
github.com/IBM/fp-go/v2/cli/lens.go:762.2,763.31 2 1
github.com/IBM/fp-go/v2/cli/lens.go:763.31,764.44 1 1
github.com/IBM/fp-go/v2/cli/lens.go:764.44,766.4 1 0
github.com/IBM/fp-go/v2/cli/lens.go:770.2,772.16 3 1
github.com/IBM/fp-go/v2/cli/lens.go:772.16,774.3 1 0
github.com/IBM/fp-go/v2/cli/lens.go:775.2,791.44 8 1
github.com/IBM/fp-go/v2/cli/lens.go:791.44,793.3 1 0
github.com/IBM/fp-go/v2/cli/lens.go:795.2,798.31 2 1
github.com/IBM/fp-go/v2/cli/lens.go:798.31,802.53 2 1
github.com/IBM/fp-go/v2/cli/lens.go:802.53,804.4 1 0
github.com/IBM/fp-go/v2/cli/lens.go:807.3,807.58 1 1
github.com/IBM/fp-go/v2/cli/lens.go:807.58,809.4 1 0
github.com/IBM/fp-go/v2/cli/lens.go:812.3,812.49 1 1
github.com/IBM/fp-go/v2/cli/lens.go:812.49,814.4 1 0
github.com/IBM/fp-go/v2/cli/lens.go:817.2,817.12 1 1
github.com/IBM/fp-go/v2/cli/lens.go:821.31,831.38 1 1
github.com/IBM/fp-go/v2/cli/lens.go:831.38,837.4 1 0
github.com/IBM/fp-go/v2/cli/monad.go:25.48,26.28 1 0
github.com/IBM/fp-go/v2/cli/monad.go:26.28,29.26 3 0
github.com/IBM/fp-go/v2/cli/monad.go:29.26,30.13 1 0
github.com/IBM/fp-go/v2/cli/monad.go:30.13,32.5 1 0
github.com/IBM/fp-go/v2/cli/monad.go:33.4,33.51 1 0
github.com/IBM/fp-go/v2/cli/monad.go:35.3,37.22 2 0
github.com/IBM/fp-go/v2/cli/monad.go:41.53,42.28 1 0
github.com/IBM/fp-go/v2/cli/monad.go:42.28,45.26 3 0
github.com/IBM/fp-go/v2/cli/monad.go:45.26,46.13 1 0
github.com/IBM/fp-go/v2/cli/monad.go:46.13,48.5 1 0
github.com/IBM/fp-go/v2/cli/monad.go:49.4,49.51 1 0
github.com/IBM/fp-go/v2/cli/monad.go:51.3,53.22 2 0
github.com/IBM/fp-go/v2/cli/monad.go:61.27,62.33 1 0
github.com/IBM/fp-go/v2/cli/monad.go:62.33,67.26 3 0
github.com/IBM/fp-go/v2/cli/monad.go:67.26,68.13 1 0
github.com/IBM/fp-go/v2/cli/monad.go:68.13,70.5 1 0
github.com/IBM/fp-go/v2/cli/monad.go:71.4,71.30 1 0
github.com/IBM/fp-go/v2/cli/monad.go:73.3,74.26 2 0
github.com/IBM/fp-go/v2/cli/monad.go:74.26,75.13 1 0
github.com/IBM/fp-go/v2/cli/monad.go:75.13,77.5 1 0
github.com/IBM/fp-go/v2/cli/monad.go:78.4,78.63 1 0
github.com/IBM/fp-go/v2/cli/monad.go:80.3,85.37 3 0
github.com/IBM/fp-go/v2/cli/monad.go:85.37,87.31 2 0
github.com/IBM/fp-go/v2/cli/monad.go:87.31,89.5 1 0
github.com/IBM/fp-go/v2/cli/monad.go:90.4,91.23 2 0
github.com/IBM/fp-go/v2/cli/monad.go:94.3,95.26 2 0
github.com/IBM/fp-go/v2/cli/monad.go:95.26,97.4 1 0
github.com/IBM/fp-go/v2/cli/monad.go:99.3,99.26 1 0
github.com/IBM/fp-go/v2/cli/monad.go:99.26,101.4 1 0
github.com/IBM/fp-go/v2/cli/monad.go:103.3,105.24 2 0
github.com/IBM/fp-go/v2/cli/monad.go:114.27,115.33 1 0
github.com/IBM/fp-go/v2/cli/monad.go:115.33,120.26 3 0
github.com/IBM/fp-go/v2/cli/monad.go:120.26,121.13 1 0
github.com/IBM/fp-go/v2/cli/monad.go:121.13,123.5 1 0
github.com/IBM/fp-go/v2/cli/monad.go:124.4,124.30 1 0
github.com/IBM/fp-go/v2/cli/monad.go:126.3,127.26 2 0
github.com/IBM/fp-go/v2/cli/monad.go:127.26,128.13 1 0
github.com/IBM/fp-go/v2/cli/monad.go:128.13,130.5 1 0
github.com/IBM/fp-go/v2/cli/monad.go:131.4,131.63 1 0
github.com/IBM/fp-go/v2/cli/monad.go:133.3,138.37 3 0
github.com/IBM/fp-go/v2/cli/monad.go:138.37,140.31 2 0
github.com/IBM/fp-go/v2/cli/monad.go:140.31,142.5 1 0
github.com/IBM/fp-go/v2/cli/monad.go:143.4,144.23 2 0
github.com/IBM/fp-go/v2/cli/monad.go:147.3,148.26 2 0
github.com/IBM/fp-go/v2/cli/monad.go:148.26,150.4 1 0
github.com/IBM/fp-go/v2/cli/monad.go:152.3,152.26 1 0
github.com/IBM/fp-go/v2/cli/monad.go:152.26,154.4 1 0
github.com/IBM/fp-go/v2/cli/monad.go:156.3,158.24 2 0
github.com/IBM/fp-go/v2/cli/monad.go:165.40,167.33 1 0
github.com/IBM/fp-go/v2/cli/monad.go:167.33,173.26 4 0
github.com/IBM/fp-go/v2/cli/monad.go:173.26,174.13 1 0
github.com/IBM/fp-go/v2/cli/monad.go:174.13,176.5 1 0
github.com/IBM/fp-go/v2/cli/monad.go:177.4,177.79 1 0
github.com/IBM/fp-go/v2/cli/monad.go:179.3,179.18 1 0
github.com/IBM/fp-go/v2/cli/monad.go:179.18,181.4 1 0
github.com/IBM/fp-go/v2/cli/monad.go:183.3,183.26 1 0
github.com/IBM/fp-go/v2/cli/monad.go:183.26,185.4 1 0
github.com/IBM/fp-go/v2/cli/monad.go:186.3,187.26 2 0
github.com/IBM/fp-go/v2/cli/monad.go:187.26,188.13 1 0
github.com/IBM/fp-go/v2/cli/monad.go:188.13,190.5 1 0
github.com/IBM/fp-go/v2/cli/monad.go:191.4,191.39 1 0
github.com/IBM/fp-go/v2/cli/monad.go:193.3,194.26 2 0
github.com/IBM/fp-go/v2/cli/monad.go:194.26,195.13 1 0
github.com/IBM/fp-go/v2/cli/monad.go:195.13,197.5 1 0
github.com/IBM/fp-go/v2/cli/monad.go:198.4,198.30 1 0
github.com/IBM/fp-go/v2/cli/monad.go:200.3,202.26 3 0
github.com/IBM/fp-go/v2/cli/monad.go:202.26,203.13 1 0
github.com/IBM/fp-go/v2/cli/monad.go:203.13,205.5 1 0
github.com/IBM/fp-go/v2/cli/monad.go:206.4,206.30 1 0
github.com/IBM/fp-go/v2/cli/monad.go:208.3,212.18 4 0
github.com/IBM/fp-go/v2/cli/monad.go:212.18,214.4 1 0
github.com/IBM/fp-go/v2/cli/monad.go:214.9,216.4 1 0
github.com/IBM/fp-go/v2/cli/monad.go:217.3,217.26 1 0
github.com/IBM/fp-go/v2/cli/monad.go:217.26,219.4 1 0
github.com/IBM/fp-go/v2/cli/monad.go:220.3,222.26 2 0
github.com/IBM/fp-go/v2/cli/monad.go:222.26,224.31 2 0
github.com/IBM/fp-go/v2/cli/monad.go:224.31,225.16 1 0
github.com/IBM/fp-go/v2/cli/monad.go:225.16,227.6 1 0
github.com/IBM/fp-go/v2/cli/monad.go:228.5,228.37 1 0
github.com/IBM/fp-go/v2/cli/monad.go:230.4,230.15 1 0
github.com/IBM/fp-go/v2/cli/monad.go:230.15,232.5 1 0
github.com/IBM/fp-go/v2/cli/monad.go:233.4,234.19 2 0
github.com/IBM/fp-go/v2/cli/monad.go:234.19,236.5 1 0
github.com/IBM/fp-go/v2/cli/monad.go:237.4,237.36 1 0
github.com/IBM/fp-go/v2/cli/monad.go:239.3,239.26 1 0
github.com/IBM/fp-go/v2/cli/monad.go:239.26,241.4 1 0
github.com/IBM/fp-go/v2/cli/monad.go:242.3,245.24 4 0
github.com/IBM/fp-go/v2/cli/monad.go:251.40,253.33 1 0
github.com/IBM/fp-go/v2/cli/monad.go:253.33,259.18 4 0
github.com/IBM/fp-go/v2/cli/monad.go:259.18,261.4 1 0
github.com/IBM/fp-go/v2/cli/monad.go:262.3,262.26 1 0
github.com/IBM/fp-go/v2/cli/monad.go:262.26,263.28 1 0
github.com/IBM/fp-go/v2/cli/monad.go:263.28,265.5 1 0
github.com/IBM/fp-go/v2/cli/monad.go:266.4,266.30 1 0
github.com/IBM/fp-go/v2/cli/monad.go:268.3,269.26 2 0
github.com/IBM/fp-go/v2/cli/monad.go:269.26,270.13 1 0
github.com/IBM/fp-go/v2/cli/monad.go:270.13,272.5 1 0
github.com/IBM/fp-go/v2/cli/monad.go:273.4,273.54 1 0
github.com/IBM/fp-go/v2/cli/monad.go:275.3,279.18 4 0
github.com/IBM/fp-go/v2/cli/monad.go:279.18,281.4 1 0
github.com/IBM/fp-go/v2/cli/monad.go:281.9,283.4 1 0
github.com/IBM/fp-go/v2/cli/monad.go:284.3,284.26 1 0
github.com/IBM/fp-go/v2/cli/monad.go:284.26,286.4 1 0
github.com/IBM/fp-go/v2/cli/monad.go:287.3,289.26 2 0
github.com/IBM/fp-go/v2/cli/monad.go:289.26,291.31 2 0
github.com/IBM/fp-go/v2/cli/monad.go:291.31,292.16 1 0
github.com/IBM/fp-go/v2/cli/monad.go:292.16,294.6 1 0
github.com/IBM/fp-go/v2/cli/monad.go:295.5,295.37 1 0
github.com/IBM/fp-go/v2/cli/monad.go:297.4,297.15 1 0
github.com/IBM/fp-go/v2/cli/monad.go:297.15,299.5 1 0
github.com/IBM/fp-go/v2/cli/monad.go:300.4,301.19 2 0
github.com/IBM/fp-go/v2/cli/monad.go:301.19,303.5 1 0
github.com/IBM/fp-go/v2/cli/monad.go:304.4,304.36 1 0
github.com/IBM/fp-go/v2/cli/monad.go:306.3,308.24 3 0
github.com/IBM/fp-go/v2/cli/monad.go:314.40,316.33 1 0
github.com/IBM/fp-go/v2/cli/monad.go:316.33,322.18 4 0
github.com/IBM/fp-go/v2/cli/monad.go:322.18,324.4 1 0
github.com/IBM/fp-go/v2/cli/monad.go:325.3,325.26 1 0
github.com/IBM/fp-go/v2/cli/monad.go:325.26,326.28 1 0
github.com/IBM/fp-go/v2/cli/monad.go:326.28,328.5 1 0
github.com/IBM/fp-go/v2/cli/monad.go:329.4,329.30 1 0
github.com/IBM/fp-go/v2/cli/monad.go:331.3,332.26 2 0
github.com/IBM/fp-go/v2/cli/monad.go:332.26,333.13 1 0
github.com/IBM/fp-go/v2/cli/monad.go:333.13,335.5 1 0
github.com/IBM/fp-go/v2/cli/monad.go:336.4,336.63 1 0
github.com/IBM/fp-go/v2/cli/monad.go:338.3,342.18 4 0
github.com/IBM/fp-go/v2/cli/monad.go:342.18,344.4 1 0
github.com/IBM/fp-go/v2/cli/monad.go:344.9,346.4 1 0
github.com/IBM/fp-go/v2/cli/monad.go:347.3,347.26 1 0
github.com/IBM/fp-go/v2/cli/monad.go:347.26,349.4 1 0
github.com/IBM/fp-go/v2/cli/monad.go:350.3,352.26 2 0
github.com/IBM/fp-go/v2/cli/monad.go:352.26,354.31 2 0
github.com/IBM/fp-go/v2/cli/monad.go:354.31,355.16 1 0
github.com/IBM/fp-go/v2/cli/monad.go:355.16,357.6 1 0
github.com/IBM/fp-go/v2/cli/monad.go:358.5,358.37 1 0
github.com/IBM/fp-go/v2/cli/monad.go:360.4,360.15 1 0
github.com/IBM/fp-go/v2/cli/monad.go:360.15,362.5 1 0
github.com/IBM/fp-go/v2/cli/monad.go:363.4,364.19 2 0
github.com/IBM/fp-go/v2/cli/monad.go:364.19,366.5 1 0
github.com/IBM/fp-go/v2/cli/monad.go:367.4,367.36 1 0
github.com/IBM/fp-go/v2/cli/monad.go:369.3,369.26 1 0
github.com/IBM/fp-go/v2/cli/monad.go:369.26,371.4 1 0
github.com/IBM/fp-go/v2/cli/monad.go:372.3,373.24 2 0
github.com/IBM/fp-go/v2/cli/monad2.go:34.58,36.38 2 0
github.com/IBM/fp-go/v2/cli/monad2.go:36.38,38.3 1 0
github.com/IBM/fp-go/v2/cli/monad2.go:46.31,47.37 1 0
github.com/IBM/fp-go/v2/cli/monad2.go:47.37,58.26 5 0
github.com/IBM/fp-go/v2/cli/monad2.go:58.26,60.4 1 0
github.com/IBM/fp-go/v2/cli/monad2.go:61.3,64.26 4 0
github.com/IBM/fp-go/v2/cli/monad2.go:64.26,66.4 1 0
github.com/IBM/fp-go/v2/cli/monad2.go:67.3,68.26 2 0
github.com/IBM/fp-go/v2/cli/monad2.go:68.26,69.13 1 0
github.com/IBM/fp-go/v2/cli/monad2.go:69.13,71.5 1 0
github.com/IBM/fp-go/v2/cli/monad2.go:72.4,72.30 1 0
github.com/IBM/fp-go/v2/cli/monad2.go:74.3,81.26 6 0
github.com/IBM/fp-go/v2/cli/monad2.go:81.26,83.4 1 0
github.com/IBM/fp-go/v2/cli/monad2.go:84.3,85.26 2 0
github.com/IBM/fp-go/v2/cli/monad2.go:85.26,87.4 1 0
github.com/IBM/fp-go/v2/cli/monad2.go:88.3,93.12 5 0
github.com/IBM/fp-go/v2/cli/monad2.go:93.12,95.4 1 0
github.com/IBM/fp-go/v2/cli/monad2.go:95.9,97.4 1 0
github.com/IBM/fp-go/v2/cli/monad2.go:98.3,100.26 2 0
github.com/IBM/fp-go/v2/cli/monad2.go:100.26,101.15 1 0
github.com/IBM/fp-go/v2/cli/monad2.go:101.15,104.5 2 0
github.com/IBM/fp-go/v2/cli/monad2.go:104.10,106.5 1 0
github.com/IBM/fp-go/v2/cli/monad2.go:107.4,107.101 1 0
github.com/IBM/fp-go/v2/cli/monad2.go:110.3,110.26 1 0
github.com/IBM/fp-go/v2/cli/monad2.go:110.26,112.4 1 0
github.com/IBM/fp-go/v2/cli/monad2.go:114.3,115.25 2 0
github.com/IBM/fp-go/v2/cli/monad2.go:124.31,125.37 1 0
github.com/IBM/fp-go/v2/cli/monad2.go:125.37,136.26 5 0
github.com/IBM/fp-go/v2/cli/monad2.go:136.26,137.13 1 0
github.com/IBM/fp-go/v2/cli/monad2.go:137.13,139.5 1 0
github.com/IBM/fp-go/v2/cli/monad2.go:140.4,140.65 1 0
github.com/IBM/fp-go/v2/cli/monad2.go:142.3,145.26 4 0
github.com/IBM/fp-go/v2/cli/monad2.go:145.26,147.4 1 0
github.com/IBM/fp-go/v2/cli/monad2.go:148.3,155.26 6 0
github.com/IBM/fp-go/v2/cli/monad2.go:155.26,157.4 1 0
github.com/IBM/fp-go/v2/cli/monad2.go:158.3,159.26 2 0
github.com/IBM/fp-go/v2/cli/monad2.go:159.26,160.13 1 0
github.com/IBM/fp-go/v2/cli/monad2.go:160.13,162.5 1 0
github.com/IBM/fp-go/v2/cli/monad2.go:163.4,163.33 1 0
github.com/IBM/fp-go/v2/cli/monad2.go:165.3,170.12 5 0
github.com/IBM/fp-go/v2/cli/monad2.go:170.12,172.4 1 0
github.com/IBM/fp-go/v2/cli/monad2.go:172.9,174.4 1 0
github.com/IBM/fp-go/v2/cli/monad2.go:175.3,177.26 2 0
github.com/IBM/fp-go/v2/cli/monad2.go:177.26,178.15 1 0
github.com/IBM/fp-go/v2/cli/monad2.go:178.15,181.5 2 0
github.com/IBM/fp-go/v2/cli/monad2.go:181.10,183.5 1 0
github.com/IBM/fp-go/v2/cli/monad2.go:184.4,184.101 1 0
github.com/IBM/fp-go/v2/cli/monad2.go:187.3,188.25 2 0
github.com/IBM/fp-go/v2/cli/monad2.go:197.31,198.37 1 0
github.com/IBM/fp-go/v2/cli/monad2.go:198.37,215.23 5 0
github.com/IBM/fp-go/v2/cli/monad2.go:215.23,217.5 1 0
github.com/IBM/fp-go/v2/cli/monad2.go:220.3,222.26 3 0
github.com/IBM/fp-go/v2/cli/monad2.go:222.26,223.13 1 0
github.com/IBM/fp-go/v2/cli/monad2.go:223.13,225.5 1 0
github.com/IBM/fp-go/v2/cli/monad2.go:226.4,226.39 1 0
github.com/IBM/fp-go/v2/cli/monad2.go:228.3,230.26 3 0
github.com/IBM/fp-go/v2/cli/monad2.go:230.26,231.13 1 0
github.com/IBM/fp-go/v2/cli/monad2.go:231.13,233.5 1 0
github.com/IBM/fp-go/v2/cli/monad2.go:234.4,234.30 1 0
github.com/IBM/fp-go/v2/cli/monad2.go:236.3,243.26 6 0
github.com/IBM/fp-go/v2/cli/monad2.go:243.26,245.4 1 0
github.com/IBM/fp-go/v2/cli/monad2.go:246.3,246.26 1 0
github.com/IBM/fp-go/v2/cli/monad2.go:246.26,248.4 1 0
github.com/IBM/fp-go/v2/cli/monad2.go:249.3,250.26 2 0
github.com/IBM/fp-go/v2/cli/monad2.go:250.26,251.13 1 0
github.com/IBM/fp-go/v2/cli/monad2.go:251.13,253.5 1 0
github.com/IBM/fp-go/v2/cli/monad2.go:254.4,254.40 1 0
github.com/IBM/fp-go/v2/cli/monad2.go:256.3,262.12 6 0
github.com/IBM/fp-go/v2/cli/monad2.go:262.12,264.4 1 0
github.com/IBM/fp-go/v2/cli/monad2.go:264.9,266.4 1 0
github.com/IBM/fp-go/v2/cli/monad2.go:267.3,269.26 2 0
github.com/IBM/fp-go/v2/cli/monad2.go:269.26,270.15 1 0
github.com/IBM/fp-go/v2/cli/monad2.go:270.15,273.5 2 0
github.com/IBM/fp-go/v2/cli/monad2.go:273.10,275.5 1 0
github.com/IBM/fp-go/v2/cli/monad2.go:276.4,276.101 1 0
github.com/IBM/fp-go/v2/cli/monad2.go:279.3,279.26 1 0
github.com/IBM/fp-go/v2/cli/monad2.go:279.26,281.4 1 0
github.com/IBM/fp-go/v2/cli/monad2.go:283.3,285.25 3 0
github.com/IBM/fp-go/v2/cli/monad2.go:293.27,294.33 1 0
github.com/IBM/fp-go/v2/cli/monad2.go:294.33,305.26 5 0
github.com/IBM/fp-go/v2/cli/monad2.go:305.26,307.4 1 0
github.com/IBM/fp-go/v2/cli/monad2.go:308.3,313.27 4 0
github.com/IBM/fp-go/v2/cli/monad2.go:313.27,315.4 1 0
github.com/IBM/fp-go/v2/cli/monad2.go:317.3,317.27 1 0
github.com/IBM/fp-go/v2/cli/monad2.go:317.27,319.4 1 0
github.com/IBM/fp-go/v2/cli/monad2.go:321.3,322.24 2 0
github.com/IBM/fp-go/v2/cli/monad2.go:330.27,331.33 1 0
github.com/IBM/fp-go/v2/cli/monad2.go:331.33,342.26 5 0
github.com/IBM/fp-go/v2/cli/monad2.go:342.26,343.13 1 0
github.com/IBM/fp-go/v2/cli/monad2.go:343.13,345.5 1 0
github.com/IBM/fp-go/v2/cli/monad2.go:346.4,346.65 1 0
github.com/IBM/fp-go/v2/cli/monad2.go:348.3,353.27 4 0
github.com/IBM/fp-go/v2/cli/monad2.go:353.27,355.4 1 0
github.com/IBM/fp-go/v2/cli/monad2.go:358.3,361.24 3 0
github.com/IBM/fp-go/v2/cli/monad2.go:369.27,370.33 1 0
github.com/IBM/fp-go/v2/cli/monad2.go:370.33,382.44 3 0
github.com/IBM/fp-go/v2/cli/monad2.go:382.44,384.4 1 0
github.com/IBM/fp-go/v2/cli/monad2.go:385.3,385.44 1 0
github.com/IBM/fp-go/v2/cli/monad2.go:385.44,387.4 1 0
github.com/IBM/fp-go/v2/cli/monad2.go:389.3,399.27 8 0
github.com/IBM/fp-go/v2/cli/monad2.go:399.27,401.4 1 0
github.com/IBM/fp-go/v2/cli/monad2.go:403.3,403.27 1 0
github.com/IBM/fp-go/v2/cli/monad2.go:403.27,405.4 1 0
github.com/IBM/fp-go/v2/cli/monad2.go:407.3,411.24 4 0
github.com/IBM/fp-go/v2/cli/option.go:28.37,30.2 1 0
github.com/IBM/fp-go/v2/cli/option.go:32.53,34.2 1 0
github.com/IBM/fp-go/v2/cli/option.go:36.53,38.2 1 0
github.com/IBM/fp-go/v2/cli/option.go:40.49,42.2 1 0
github.com/IBM/fp-go/v2/cli/option.go:44.43,48.25 3 0
github.com/IBM/fp-go/v2/cli/option.go:48.25,49.12 1 0
github.com/IBM/fp-go/v2/cli/option.go:49.12,51.4 1 0
github.com/IBM/fp-go/v2/cli/option.go:52.3,52.27 1 0
github.com/IBM/fp-go/v2/cli/option.go:54.2,55.25 2 0
github.com/IBM/fp-go/v2/cli/option.go:55.25,57.3 1 0
github.com/IBM/fp-go/v2/cli/option.go:58.2,59.25 2 0
github.com/IBM/fp-go/v2/cli/option.go:59.25,60.12 1 0
github.com/IBM/fp-go/v2/cli/option.go:60.12,62.4 1 0
github.com/IBM/fp-go/v2/cli/option.go:63.3,63.27 1 0
github.com/IBM/fp-go/v2/cli/option.go:65.2,67.25 3 0
github.com/IBM/fp-go/v2/cli/option.go:67.25,68.12 1 0
github.com/IBM/fp-go/v2/cli/option.go:68.12,70.4 1 0
github.com/IBM/fp-go/v2/cli/option.go:71.3,71.34 1 0
github.com/IBM/fp-go/v2/cli/option.go:73.2,76.25 4 0
[...]
github.com/IBM/fp-go/v2/tuple/gen.go:973.5,973.43 1 1
github.com/IBM/fp-go/v2/tuple/gen.go:973.43,973.53 1 1
github.com/IBM/fp-go/v2/tuple/gen.go:974.5,974.13 1 1
github.com/IBM/fp-go/v2/tuple/gen.go:975.61,977.4 1 1
github.com/IBM/fp-go/v2/tuple/gen.go:981.355,982.95 1 1
github.com/IBM/fp-go/v2/tuple/gen.go:982.95,993.3 1 1
github.com/IBM/fp-go/v2/tuple/gen.go:997.60,999.2 1 1
github.com/IBM/fp-go/v2/tuple/gen.go:1002.65,1004.2 1 1
github.com/IBM/fp-go/v2/tuple/gen.go:1007.79,1009.2 1 1
github.com/IBM/fp-go/v2/tuple/gen.go:1012.83,1014.2 1 1
github.com/IBM/fp-go/v2/tuple/gen.go:1018.289,1019.61 1 1
github.com/IBM/fp-go/v2/tuple/gen.go:1019.61,1030.4 1 1
github.com/IBM/fp-go/v2/tuple/gen.go:1035.291,1036.61 1 1
github.com/IBM/fp-go/v2/tuple/gen.go:1036.61,1047.4 1 1
github.com/IBM/fp-go/v2/tuple/gen.go:1051.150,1052.100 1 1
github.com/IBM/fp-go/v2/tuple/gen.go:1052.100,1054.4 1 1
github.com/IBM/fp-go/v2/tuple/gen.go:1058.163,1060.2 1 1
github.com/IBM/fp-go/v2/tuple/gen.go:1064.160,1065.63 1 1
github.com/IBM/fp-go/v2/tuple/gen.go:1065.63,1067.4 1 1
github.com/IBM/fp-go/v2/tuple/gen.go:1072.162,1073.80 1 1
github.com/IBM/fp-go/v2/tuple/gen.go:1073.80,1075.4 1 1
github.com/IBM/fp-go/v2/tuple/gen.go:1079.260,1080.119 1 1
github.com/IBM/fp-go/v2/tuple/gen.go:1080.119,1082.4 1 1
github.com/IBM/fp-go/v2/tuple/gen.go:1086.227,1087.78 1 1
github.com/IBM/fp-go/v2/tuple/gen.go:1087.78,1088.43 1 1
github.com/IBM/fp-go/v2/tuple/gen.go:1088.43,1088.53 1 0
github.com/IBM/fp-go/v2/tuple/gen.go:1089.5,1089.43 1 1
github.com/IBM/fp-go/v2/tuple/gen.go:1089.43,1089.53 1 0
github.com/IBM/fp-go/v2/tuple/gen.go:1090.5,1090.43 1 1
github.com/IBM/fp-go/v2/tuple/gen.go:1090.43,1090.53 1 0
github.com/IBM/fp-go/v2/tuple/gen.go:1091.5,1091.43 1 1
github.com/IBM/fp-go/v2/tuple/gen.go:1091.43,1091.53 1 0
github.com/IBM/fp-go/v2/tuple/gen.go:1092.5,1092.43 1 1
github.com/IBM/fp-go/v2/tuple/gen.go:1092.43,1092.53 1 0
github.com/IBM/fp-go/v2/tuple/gen.go:1093.5,1093.43 1 1
github.com/IBM/fp-go/v2/tuple/gen.go:1093.43,1093.53 1 0
github.com/IBM/fp-go/v2/tuple/gen.go:1094.5,1094.43 1 1
github.com/IBM/fp-go/v2/tuple/gen.go:1094.43,1094.53 1 0
github.com/IBM/fp-go/v2/tuple/gen.go:1095.5,1095.43 1 1
github.com/IBM/fp-go/v2/tuple/gen.go:1095.43,1095.53 1 0
github.com/IBM/fp-go/v2/tuple/gen.go:1096.5,1096.43 1 1
github.com/IBM/fp-go/v2/tuple/gen.go:1096.43,1096.53 1 1
github.com/IBM/fp-go/v2/tuple/gen.go:1097.5,1097.13 1 1
github.com/IBM/fp-go/v2/tuple/gen.go:1098.65,1100.4 1 1
github.com/IBM/fp-go/v2/tuple/gen.go:1104.395,1105.103 1 1
github.com/IBM/fp-go/v2/tuple/gen.go:1105.103,1117.3 1 1
github.com/IBM/fp-go/v2/tuple/gen.go:1121.63,1123.2 1 1
github.com/IBM/fp-go/v2/tuple/gen.go:1126.69,1128.2 1 1
github.com/IBM/fp-go/v2/tuple/gen.go:1131.83,1133.2 1 1
github.com/IBM/fp-go/v2/tuple/gen.go:1136.87,1138.2 1 1
github.com/IBM/fp-go/v2/tuple/gen.go:1142.320,1143.65 1 1
github.com/IBM/fp-go/v2/tuple/gen.go:1143.65,1155.4 1 1
github.com/IBM/fp-go/v2/tuple/gen.go:1160.322,1161.65 1 1
github.com/IBM/fp-go/v2/tuple/gen.go:1161.65,1173.4 1 1
github.com/IBM/fp-go/v2/tuple/gen.go:1177.166,1178.110 1 1
github.com/IBM/fp-go/v2/tuple/gen.go:1178.110,1180.4 1 1
github.com/IBM/fp-go/v2/tuple/gen.go:1184.184,1186.2 1 1
github.com/IBM/fp-go/v2/tuple/gen.go:1190.177,1191.69 1 1
github.com/IBM/fp-go/v2/tuple/gen.go:1191.69,1193.4 1 1
github.com/IBM/fp-go/v2/tuple/gen.go:1198.179,1199.89 1 1
github.com/IBM/fp-go/v2/tuple/gen.go:1199.89,1201.4 1 1
github.com/IBM/fp-go/v2/tuple/gen.go:1205.291,1206.131 1 1
github.com/IBM/fp-go/v2/tuple/gen.go:1206.131,1208.4 1 1
github.com/IBM/fp-go/v2/tuple/gen.go:1212.255,1213.84 1 1
github.com/IBM/fp-go/v2/tuple/gen.go:1213.84,1214.43 1 1
github.com/IBM/fp-go/v2/tuple/gen.go:1214.43,1214.53 1 0
github.com/IBM/fp-go/v2/tuple/gen.go:1215.5,1215.43 1 1
github.com/IBM/fp-go/v2/tuple/gen.go:1215.43,1215.53 1 0
github.com/IBM/fp-go/v2/tuple/gen.go:1216.5,1216.43 1 1
github.com/IBM/fp-go/v2/tuple/gen.go:1216.43,1216.53 1 0
github.com/IBM/fp-go/v2/tuple/gen.go:1217.5,1217.43 1 1
github.com/IBM/fp-go/v2/tuple/gen.go:1217.43,1217.53 1 0
github.com/IBM/fp-go/v2/tuple/gen.go:1218.5,1218.43 1 1
github.com/IBM/fp-go/v2/tuple/gen.go:1218.43,1218.53 1 0
github.com/IBM/fp-go/v2/tuple/gen.go:1219.5,1219.43 1 1
github.com/IBM/fp-go/v2/tuple/gen.go:1219.43,1219.53 1 0
github.com/IBM/fp-go/v2/tuple/gen.go:1220.5,1220.43 1 1
github.com/IBM/fp-go/v2/tuple/gen.go:1220.43,1220.53 1 0
github.com/IBM/fp-go/v2/tuple/gen.go:1221.5,1221.43 1 1
github.com/IBM/fp-go/v2/tuple/gen.go:1221.43,1221.53 1 0
github.com/IBM/fp-go/v2/tuple/gen.go:1222.5,1222.43 1 1
github.com/IBM/fp-go/v2/tuple/gen.go:1222.43,1222.53 1 0
github.com/IBM/fp-go/v2/tuple/gen.go:1223.5,1223.46 1 1
github.com/IBM/fp-go/v2/tuple/gen.go:1223.46,1223.56 1 1
github.com/IBM/fp-go/v2/tuple/gen.go:1224.5,1224.13 1 1
github.com/IBM/fp-go/v2/tuple/gen.go:1225.71,1227.4 1 1
github.com/IBM/fp-go/v2/tuple/gen.go:1231.447,1232.115 1 1
github.com/IBM/fp-go/v2/tuple/gen.go:1232.115,1245.3 1 1
github.com/IBM/fp-go/v2/tuple/gen.go:1249.68,1251.2 1 1
github.com/IBM/fp-go/v2/tuple/gen.go:1254.75,1256.2 1 1
github.com/IBM/fp-go/v2/tuple/gen.go:1259.89,1261.2 1 1
github.com/IBM/fp-go/v2/tuple/gen.go:1264.93,1266.2 1 1
github.com/IBM/fp-go/v2/tuple/gen.go:1270.359,1271.71 1 1
github.com/IBM/fp-go/v2/tuple/gen.go:1271.71,1284.4 1 1
github.com/IBM/fp-go/v2/tuple/gen.go:1289.361,1290.71 1 1
github.com/IBM/fp-go/v2/tuple/gen.go:1290.71,1303.4 1 1
github.com/IBM/fp-go/v2/tuple/gen.go:1307.183,1308.121 1 1
github.com/IBM/fp-go/v2/tuple/gen.go:1308.121,1310.4 1 1
github.com/IBM/fp-go/v2/tuple/gen.go:1314.203,1316.2 1 1
github.com/IBM/fp-go/v2/tuple/gen.go:1320.192,1321.74 1 1
github.com/IBM/fp-go/v2/tuple/gen.go:1321.74,1323.4 1 1
github.com/IBM/fp-go/v2/tuple/gen.go:1328.194,1329.98 1 1
github.com/IBM/fp-go/v2/tuple/gen.go:1329.98,1331.4 1 1
github.com/IBM/fp-go/v2/tuple/gen.go:1335.320,1336.141 1 1
github.com/IBM/fp-go/v2/tuple/gen.go:1336.141,1338.4 1 1
github.com/IBM/fp-go/v2/tuple/gen.go:1342.281,1343.89 1 1
github.com/IBM/fp-go/v2/tuple/gen.go:1343.89,1344.43 1 1
github.com/IBM/fp-go/v2/tuple/gen.go:1344.43,1344.53 1 0
github.com/IBM/fp-go/v2/tuple/gen.go:1345.5,1345.43 1 1
github.com/IBM/fp-go/v2/tuple/gen.go:1345.43,1345.53 1 0
github.com/IBM/fp-go/v2/tuple/gen.go:1346.5,1346.43 1 1
github.com/IBM/fp-go/v2/tuple/gen.go:1346.43,1346.53 1 0
github.com/IBM/fp-go/v2/tuple/gen.go:1347.5,1347.43 1 1
github.com/IBM/fp-go/v2/tuple/gen.go:1347.43,1347.53 1 0
github.com/IBM/fp-go/v2/tuple/gen.go:1348.5,1348.43 1 1
github.com/IBM/fp-go/v2/tuple/gen.go:1348.43,1348.53 1 0
github.com/IBM/fp-go/v2/tuple/gen.go:1349.5,1349.43 1 1
github.com/IBM/fp-go/v2/tuple/gen.go:1349.43,1349.53 1 0
github.com/IBM/fp-go/v2/tuple/gen.go:1350.5,1350.43 1 1
github.com/IBM/fp-go/v2/tuple/gen.go:1350.43,1350.53 1 0
github.com/IBM/fp-go/v2/tuple/gen.go:1351.5,1351.43 1 1
github.com/IBM/fp-go/v2/tuple/gen.go:1351.43,1351.53 1 0
github.com/IBM/fp-go/v2/tuple/gen.go:1352.5,1352.43 1 1
github.com/IBM/fp-go/v2/tuple/gen.go:1352.43,1352.53 1 0
github.com/IBM/fp-go/v2/tuple/gen.go:1353.5,1353.46 1 1
github.com/IBM/fp-go/v2/tuple/gen.go:1353.46,1353.56 1 0
github.com/IBM/fp-go/v2/tuple/gen.go:1354.5,1354.46 1 1
github.com/IBM/fp-go/v2/tuple/gen.go:1354.46,1354.56 1 1
github.com/IBM/fp-go/v2/tuple/gen.go:1355.5,1355.13 1 1
github.com/IBM/fp-go/v2/tuple/gen.go:1356.76,1358.4 1 1
github.com/IBM/fp-go/v2/tuple/gen.go:1362.496,1363.125 1 1
github.com/IBM/fp-go/v2/tuple/gen.go:1363.125,1377.3 1 1
github.com/IBM/fp-go/v2/tuple/gen.go:1381.71,1383.2 1 1
github.com/IBM/fp-go/v2/tuple/gen.go:1386.80,1388.2 1 1
github.com/IBM/fp-go/v2/tuple/gen.go:1391.94,1393.2 1 1
github.com/IBM/fp-go/v2/tuple/gen.go:1396.98,1398.2 1 1
github.com/IBM/fp-go/v2/tuple/gen.go:1402.396,1403.76 1 1
github.com/IBM/fp-go/v2/tuple/gen.go:1403.76,1417.4 1 1
github.com/IBM/fp-go/v2/tuple/gen.go:1422.398,1423.76 1 1
github.com/IBM/fp-go/v2/tuple/gen.go:1423.76,1437.4 1 1
github.com/IBM/fp-go/v2/tuple/gen.go:1441.198,1442.131 1 1
github.com/IBM/fp-go/v2/tuple/gen.go:1442.131,1444.4 1 1
github.com/IBM/fp-go/v2/tuple/gen.go:1448.222,1450.2 1 1
github.com/IBM/fp-go/v2/tuple/gen.go:1454.207,1455.79 1 1
github.com/IBM/fp-go/v2/tuple/gen.go:1455.79,1457.4 1 1
github.com/IBM/fp-go/v2/tuple/gen.go:1462.209,1463.107 1 1
github.com/IBM/fp-go/v2/tuple/gen.go:1463.107,1465.4 1 1
github.com/IBM/fp-go/v2/tuple/gen.go:1469.349,1470.151 1 1
github.com/IBM/fp-go/v2/tuple/gen.go:1470.151,1472.4 1 1
github.com/IBM/fp-go/v2/tuple/gen.go:1476.307,1477.94 1 1
github.com/IBM/fp-go/v2/tuple/gen.go:1477.94,1478.43 1 1
github.com/IBM/fp-go/v2/tuple/gen.go:1478.43,1478.53 1 0
github.com/IBM/fp-go/v2/tuple/gen.go:1479.5,1479.43 1 1
github.com/IBM/fp-go/v2/tuple/gen.go:1479.43,1479.53 1 0
github.com/IBM/fp-go/v2/tuple/gen.go:1480.5,1480.43 1 1
github.com/IBM/fp-go/v2/tuple/gen.go:1480.43,1480.53 1 0
github.com/IBM/fp-go/v2/tuple/gen.go:1481.5,1481.43 1 1
github.com/IBM/fp-go/v2/tuple/gen.go:1481.43,1481.53 1 0
github.com/IBM/fp-go/v2/tuple/gen.go:1482.5,1482.43 1 1
github.com/IBM/fp-go/v2/tuple/gen.go:1482.43,1482.53 1 0
github.com/IBM/fp-go/v2/tuple/gen.go:1483.5,1483.43 1 1
github.com/IBM/fp-go/v2/tuple/gen.go:1483.43,1483.53 1 0
github.com/IBM/fp-go/v2/tuple/gen.go:1484.5,1484.43 1 1
github.com/IBM/fp-go/v2/tuple/gen.go:1484.43,1484.53 1 0
github.com/IBM/fp-go/v2/tuple/gen.go:1485.5,1485.43 1 1
github.com/IBM/fp-go/v2/tuple/gen.go:1485.43,1485.53 1 0
github.com/IBM/fp-go/v2/tuple/gen.go:1486.5,1486.43 1 1
github.com/IBM/fp-go/v2/tuple/gen.go:1486.43,1486.53 1 0
github.com/IBM/fp-go/v2/tuple/gen.go:1487.5,1487.46 1 1
github.com/IBM/fp-go/v2/tuple/gen.go:1487.46,1487.56 1 0
github.com/IBM/fp-go/v2/tuple/gen.go:1488.5,1488.46 1 1
github.com/IBM/fp-go/v2/tuple/gen.go:1488.46,1488.56 1 0
github.com/IBM/fp-go/v2/tuple/gen.go:1489.5,1489.46 1 1
github.com/IBM/fp-go/v2/tuple/gen.go:1489.46,1489.56 1 1
github.com/IBM/fp-go/v2/tuple/gen.go:1490.5,1490.13 1 1
github.com/IBM/fp-go/v2/tuple/gen.go:1491.81,1493.4 1 1
github.com/IBM/fp-go/v2/tuple/gen.go:1497.545,1498.135 1 1
github.com/IBM/fp-go/v2/tuple/gen.go:1498.135,1513.3 1 1
github.com/IBM/fp-go/v2/tuple/gen.go:1517.74,1519.2 1 1
github.com/IBM/fp-go/v2/tuple/gen.go:1522.85,1524.2 1 1
github.com/IBM/fp-go/v2/tuple/gen.go:1527.99,1529.2 1 1
github.com/IBM/fp-go/v2/tuple/gen.go:1532.103,1534.2 1 1
github.com/IBM/fp-go/v2/tuple/gen.go:1538.433,1539.81 1 1
github.com/IBM/fp-go/v2/tuple/gen.go:1539.81,1554.4 1 1
github.com/IBM/fp-go/v2/tuple/gen.go:1559.435,1560.81 1 1
github.com/IBM/fp-go/v2/tuple/gen.go:1560.81,1575.4 1 1
github.com/IBM/fp-go/v2/tuple/gen.go:1579.213,1580.141 1 1
github.com/IBM/fp-go/v2/tuple/gen.go:1580.141,1582.4 1 1
github.com/IBM/fp-go/v2/tuple/gen.go:1586.241,1588.2 1 1
github.com/IBM/fp-go/v2/tuple/gen.go:1592.222,1593.84 1 1
github.com/IBM/fp-go/v2/tuple/gen.go:1593.84,1595.4 1 1
github.com/IBM/fp-go/v2/tuple/gen.go:1600.224,1601.116 1 1
github.com/IBM/fp-go/v2/tuple/gen.go:1601.116,1603.4 1 1
github.com/IBM/fp-go/v2/tuple/gen.go:1607.378,1608.161 1 1
github.com/IBM/fp-go/v2/tuple/gen.go:1608.161,1610.4 1 1
github.com/IBM/fp-go/v2/tuple/gen.go:1614.333,1615.99 1 1
github.com/IBM/fp-go/v2/tuple/gen.go:1615.99,1616.43 1 1
github.com/IBM/fp-go/v2/tuple/gen.go:1616.43,1616.53 1 0
github.com/IBM/fp-go/v2/tuple/gen.go:1617.5,1617.43 1 1
github.com/IBM/fp-go/v2/tuple/gen.go:1617.43,1617.53 1 0
github.com/IBM/fp-go/v2/tuple/gen.go:1618.5,1618.43 1 1
github.com/IBM/fp-go/v2/tuple/gen.go:1618.43,1618.53 1 0
github.com/IBM/fp-go/v2/tuple/gen.go:1619.5,1619.43 1 1
github.com/IBM/fp-go/v2/tuple/gen.go:1619.43,1619.53 1 0
github.com/IBM/fp-go/v2/tuple/gen.go:1620.5,1620.43 1 1
github.com/IBM/fp-go/v2/tuple/gen.go:1620.43,1620.53 1 0
github.com/IBM/fp-go/v2/tuple/gen.go:1621.5,1621.43 1 1
github.com/IBM/fp-go/v2/tuple/gen.go:1621.43,1621.53 1 0
github.com/IBM/fp-go/v2/tuple/gen.go:1622.5,1622.43 1 1
github.com/IBM/fp-go/v2/tuple/gen.go:1622.43,1622.53 1 0
github.com/IBM/fp-go/v2/tuple/gen.go:1623.5,1623.43 1 1
github.com/IBM/fp-go/v2/tuple/gen.go:1623.43,1623.53 1 0
github.com/IBM/fp-go/v2/tuple/gen.go:1624.5,1624.43 1 1
github.com/IBM/fp-go/v2/tuple/gen.go:1624.43,1624.53 1 0
github.com/IBM/fp-go/v2/tuple/gen.go:1625.5,1625.46 1 1
github.com/IBM/fp-go/v2/tuple/gen.go:1625.46,1625.56 1 0
github.com/IBM/fp-go/v2/tuple/gen.go:1626.5,1626.46 1 1
github.com/IBM/fp-go/v2/tuple/gen.go:1626.46,1626.56 1 0
github.com/IBM/fp-go/v2/tuple/gen.go:1627.5,1627.46 1 1
github.com/IBM/fp-go/v2/tuple/gen.go:1627.46,1627.56 1 0
github.com/IBM/fp-go/v2/tuple/gen.go:1628.5,1628.46 1 1
github.com/IBM/fp-go/v2/tuple/gen.go:1628.46,1628.56 1 1
github.com/IBM/fp-go/v2/tuple/gen.go:1629.5,1629.13 1 1
github.com/IBM/fp-go/v2/tuple/gen.go:1630.86,1632.4 1 1
github.com/IBM/fp-go/v2/tuple/gen.go:1636.594,1637.145 1 1
github.com/IBM/fp-go/v2/tuple/gen.go:1637.145,1653.3 1 1
github.com/IBM/fp-go/v2/tuple/gen.go:1657.77,1659.2 1 1
github.com/IBM/fp-go/v2/tuple/gen.go:1662.90,1664.2 1 1
github.com/IBM/fp-go/v2/tuple/gen.go:1667.104,1669.2 1 1
github.com/IBM/fp-go/v2/tuple/gen.go:1672.108,1674.2 1 1
github.com/IBM/fp-go/v2/tuple/gen.go:1678.470,1679.86 1 1
github.com/IBM/fp-go/v2/tuple/gen.go:1679.86,1695.4 1 1
github.com/IBM/fp-go/v2/tuple/gen.go:1700.472,1701.86 1 1
github.com/IBM/fp-go/v2/tuple/gen.go:1701.86,1717.4 1 1
github.com/IBM/fp-go/v2/tuple/gen.go:1721.228,1722.151 1 1
github.com/IBM/fp-go/v2/tuple/gen.go:1722.151,1724.4 1 1
github.com/IBM/fp-go/v2/tuple/gen.go:1728.260,1730.2 1 1
github.com/IBM/fp-go/v2/tuple/gen.go:1734.237,1735.89 1 1
github.com/IBM/fp-go/v2/tuple/gen.go:1735.89,1737.4 1 1
github.com/IBM/fp-go/v2/tuple/gen.go:1742.239,1743.125 1 1
github.com/IBM/fp-go/v2/tuple/gen.go:1743.125,1745.4 1 1
github.com/IBM/fp-go/v2/tuple/gen.go:1749.407,1750.171 1 1
github.com/IBM/fp-go/v2/tuple/gen.go:1750.171,1752.4 1 1
github.com/IBM/fp-go/v2/tuple/gen.go:1756.359,1757.104 1 1
github.com/IBM/fp-go/v2/tuple/gen.go:1757.104,1758.43 1 1
github.com/IBM/fp-go/v2/tuple/gen.go:1758.43,1758.53 1 0
github.com/IBM/fp-go/v2/tuple/gen.go:1759.5,1759.43 1 1
github.com/IBM/fp-go/v2/tuple/gen.go:1759.43,1759.53 1 0
github.com/IBM/fp-go/v2/tuple/gen.go:1760.5,1760.43 1 1
github.com/IBM/fp-go/v2/tuple/gen.go:1760.43,1760.53 1 0
github.com/IBM/fp-go/v2/tuple/gen.go:1761.5,1761.43 1 1
github.com/IBM/fp-go/v2/tuple/gen.go:1761.43,1761.53 1 0
github.com/IBM/fp-go/v2/tuple/gen.go:1762.5,1762.43 1 1
github.com/IBM/fp-go/v2/tuple/gen.go:1762.43,1762.53 1 0
github.com/IBM/fp-go/v2/tuple/gen.go:1763.5,1763.43 1 1
github.com/IBM/fp-go/v2/tuple/gen.go:1763.43,1763.53 1 0
github.com/IBM/fp-go/v2/tuple/gen.go:1764.5,1764.43 1 1
github.com/IBM/fp-go/v2/tuple/gen.go:1764.43,1764.53 1 0
github.com/IBM/fp-go/v2/tuple/gen.go:1765.5,1765.43 1 1
github.com/IBM/fp-go/v2/tuple/gen.go:1765.43,1765.53 1 0
github.com/IBM/fp-go/v2/tuple/gen.go:1766.5,1766.43 1 1
github.com/IBM/fp-go/v2/tuple/gen.go:1766.43,1766.53 1 0
github.com/IBM/fp-go/v2/tuple/gen.go:1767.5,1767.46 1 1
github.com/IBM/fp-go/v2/tuple/gen.go:1767.46,1767.56 1 0
github.com/IBM/fp-go/v2/tuple/gen.go:1768.5,1768.46 1 1
github.com/IBM/fp-go/v2/tuple/gen.go:1768.46,1768.56 1 0
github.com/IBM/fp-go/v2/tuple/gen.go:1769.5,1769.46 1 1
github.com/IBM/fp-go/v2/tuple/gen.go:1769.46,1769.56 1 0
github.com/IBM/fp-go/v2/tuple/gen.go:1770.5,1770.46 1 1
github.com/IBM/fp-go/v2/tuple/gen.go:1770.46,1770.56 1 0
github.com/IBM/fp-go/v2/tuple/gen.go:1771.5,1771.46 1 1
github.com/IBM/fp-go/v2/tuple/gen.go:1771.46,1771.56 1 1
github.com/IBM/fp-go/v2/tuple/gen.go:1772.5,1772.13 1 1
github.com/IBM/fp-go/v2/tuple/gen.go:1773.91,1775.4 1 1
github.com/IBM/fp-go/v2/tuple/gen.go:1779.643,1780.155 1 1
github.com/IBM/fp-go/v2/tuple/gen.go:1780.155,1797.3 1 1
github.com/IBM/fp-go/v2/tuple/gen.go:1801.80,1803.2 1 1
github.com/IBM/fp-go/v2/tuple/gen.go:1806.95,1808.2 1 1
github.com/IBM/fp-go/v2/tuple/gen.go:1811.109,1813.2 1 1
github.com/IBM/fp-go/v2/tuple/gen.go:1816.113,1818.2 1 1
github.com/IBM/fp-go/v2/tuple/gen.go:1822.507,1823.91 1 1
github.com/IBM/fp-go/v2/tuple/gen.go:1823.91,1840.4 1 1
github.com/IBM/fp-go/v2/tuple/gen.go:1845.509,1846.91 1 1
github.com/IBM/fp-go/v2/tuple/gen.go:1846.91,1863.4 1 1
github.com/IBM/fp-go/v2/tuple/gen.go:1867.243,1868.161 1 1
github.com/IBM/fp-go/v2/tuple/gen.go:1868.161,1870.4 1 1
github.com/IBM/fp-go/v2/tuple/gen.go:1874.279,1876.2 1 1
github.com/IBM/fp-go/v2/tuple/gen.go:1880.252,1881.94 1 1
github.com/IBM/fp-go/v2/tuple/gen.go:1881.94,1883.4 1 1
github.com/IBM/fp-go/v2/tuple/gen.go:1888.254,1889.134 1 1
github.com/IBM/fp-go/v2/tuple/gen.go:1889.134,1891.4 1 1
github.com/IBM/fp-go/v2/tuple/gen.go:1895.436,1896.181 1 1
github.com/IBM/fp-go/v2/tuple/gen.go:1896.181,1898.4 1 1
github.com/IBM/fp-go/v2/tuple/gen.go:1902.385,1903.109 1 1
github.com/IBM/fp-go/v2/tuple/gen.go:1903.109,1904.43 1 1
github.com/IBM/fp-go/v2/tuple/gen.go:1904.43,1904.53 1 0
github.com/IBM/fp-go/v2/tuple/gen.go:1905.5,1905.43 1 1
github.com/IBM/fp-go/v2/tuple/gen.go:1905.43,1905.53 1 0
github.com/IBM/fp-go/v2/tuple/gen.go:1906.5,1906.43 1 1
github.com/IBM/fp-go/v2/tuple/gen.go:1906.43,1906.53 1 0
github.com/IBM/fp-go/v2/tuple/gen.go:1907.5,1907.43 1 1
github.com/IBM/fp-go/v2/tuple/gen.go:1907.43,1907.53 1 0
github.com/IBM/fp-go/v2/tuple/gen.go:1908.5,1908.43 1 1
github.com/IBM/fp-go/v2/tuple/gen.go:1908.43,1908.53 1 0
github.com/IBM/fp-go/v2/tuple/gen.go:1909.5,1909.43 1 1
github.com/IBM/fp-go/v2/tuple/gen.go:1909.43,1909.53 1 0
github.com/IBM/fp-go/v2/tuple/gen.go:1910.5,1910.43 1 1
github.com/IBM/fp-go/v2/tuple/gen.go:1910.43,1910.53 1 0
github.com/IBM/fp-go/v2/tuple/gen.go:1911.5,1911.43 1 1
github.com/IBM/fp-go/v2/tuple/gen.go:1911.43,1911.53 1 0
github.com/IBM/fp-go/v2/tuple/gen.go:1912.5,1912.43 1 1
github.com/IBM/fp-go/v2/tuple/gen.go:1912.43,1912.53 1 0
github.com/IBM/fp-go/v2/tuple/gen.go:1913.5,1913.46 1 1
github.com/IBM/fp-go/v2/tuple/gen.go:1913.46,1913.56 1 0
github.com/IBM/fp-go/v2/tuple/gen.go:1914.5,1914.46 1 1
github.com/IBM/fp-go/v2/tuple/gen.go:1914.46,1914.56 1 0
github.com/IBM/fp-go/v2/tuple/gen.go:1915.5,1915.46 1 1
github.com/IBM/fp-go/v2/tuple/gen.go:1915.46,1915.56 1 0
github.com/IBM/fp-go/v2/tuple/gen.go:1916.5,1916.46 1 1
github.com/IBM/fp-go/v2/tuple/gen.go:1916.46,1916.56 1 0
github.com/IBM/fp-go/v2/tuple/gen.go:1917.5,1917.46 1 1
github.com/IBM/fp-go/v2/tuple/gen.go:1917.46,1917.56 1 0
github.com/IBM/fp-go/v2/tuple/gen.go:1918.5,1918.46 1 1
github.com/IBM/fp-go/v2/tuple/gen.go:1918.46,1918.56 1 1
github.com/IBM/fp-go/v2/tuple/gen.go:1919.5,1919.13 1 1
github.com/IBM/fp-go/v2/tuple/gen.go:1920.96,1922.4 1 1
github.com/IBM/fp-go/v2/tuple/gen.go:1926.692,1927.165 1 1
github.com/IBM/fp-go/v2/tuple/gen.go:1927.165,1945.3 1 1
github.com/IBM/fp-go/v2/tuple/gen.go:1949.83,1951.2 1 1
github.com/IBM/fp-go/v2/tuple/gen.go:1954.100,1956.2 1 1
github.com/IBM/fp-go/v2/tuple/gen.go:1959.114,1961.2 1 1
github.com/IBM/fp-go/v2/tuple/gen.go:1964.118,1966.2 1 1
github.com/IBM/fp-go/v2/tuple/gen.go:1970.544,1971.96 1 1
github.com/IBM/fp-go/v2/tuple/gen.go:1971.96,1989.4 1 1
github.com/IBM/fp-go/v2/tuple/gen.go:1994.546,1995.96 1 1
github.com/IBM/fp-go/v2/tuple/gen.go:1995.96,2013.4 1 1
github.com/IBM/fp-go/v2/tuple/tuple.go:34.34,36.2 1 1
github.com/IBM/fp-go/v2/tuple/tuple.go:45.45,47.2 1 1
github.com/IBM/fp-go/v2/tuple/tuple.go:56.46,58.2 1 1
github.com/IBM/fp-go/v2/tuple/tuple.go:67.56,69.2 1 1
github.com/IBM/fp-go/v2/tuple/tuple.go:81.52,82.35 1 1
github.com/IBM/fp-go/v2/tuple/tuple.go:82.35,84.3 1 1
github.com/IBM/fp-go/v2/tuple/tuple.go:102.96,103.43 1 1
github.com/IBM/fp-go/v2/tuple/tuple.go:103.43,105.3 1 1
github.com/IBM/fp-go/v2/tuple/tuple.go:109.51,111.2 1 1
github.com/IBM/fp-go/v2/tuple/tuple.go:114.56,116.51 2 1
github.com/IBM/fp-go/v2/tuple/tuple.go:116.51,118.3 1 0
github.com/IBM/fp-go/v2/tuple/tuple.go:119.2,121.25 2 1
github.com/IBM/fp-go/v2/tuple/tuple.go:121.25,122.56 1 1
github.com/IBM/fp-go/v2/tuple/tuple.go:122.56,124.4 1 1
github.com/IBM/fp-go/v2/tuple/tuple.go:127.2,127.12 1 1
github.com/IBM/fp-go/v2/tuple/tuple.go:131.37,134.2 2 1
