mode: set
github.com/IBM/fp-go/v2/option/apply.go:32.69,34.2 1 1
github.com/IBM/fp-go/v2/option/apply.go:47.66,49.2 1 1
github.com/IBM/fp-go/v2/option/array.go:36.82,44.2 1 1
github.com/IBM/fp-go/v2/option/array.go:57.65,59.2 1 1
github.com/IBM/fp-go/v2/option/array.go:71.100,79.2 1 1
github.com/IBM/fp-go/v2/option/array.go:91.83,93.2 1 1
github.com/IBM/fp-go/v2/option/array.go:104.74,106.2 1 1
github.com/IBM/fp-go/v2/option/array.go:115.55,117.2 1 1
github.com/IBM/fp-go/v2/option/array.go:127.63,128.56 1 1
github.com/IBM/fp-go/v2/option/array.go:128.56,130.3 1 1
github.com/IBM/fp-go/v2/option/array.go:139.46,141.2 1 1
github.com/IBM/fp-go/v2/option/bind.go:38.13,40.2 1 1
github.com/IBM/fp-go/v2/option/bind.go:57.20,64.2 1 1
github.com/IBM/fp-go/v2/option/bind.go:81.20,87.2 1 1
github.com/IBM/fp-go/v2/option/bind.go:103.20,109.2 1 1
github.com/IBM/fp-go/v2/option/bind.go:123.19,128.2 1 1
github.com/IBM/fp-go/v2/option/bind.go:145.20,152.2 1 1
github.com/IBM/fp-go/v2/option/bind.go:190.18,192.2 1 0
github.com/IBM/fp-go/v2/option/bind.go:231.18,233.2 1 0
github.com/IBM/fp-go/v2/option/bind.go:267.18,269.2 1 0
github.com/IBM/fp-go/v2/option/bind.go:301.18,303.2 1 0
github.com/IBM/fp-go/v2/option/core.go:54.47,55.12 1 1
github.com/IBM/fp-go/v2/option/core.go:55.12,57.3 1 1
github.com/IBM/fp-go/v2/option/core.go:58.2,58.39 1 1
github.com/IBM/fp-go/v2/option/core.go:64.61,65.11 1 1
github.com/IBM/fp-go/v2/option/core.go:66.11,67.42 1 1
github.com/IBM/fp-go/v2/option/core.go:68.10,69.42 1 1
github.com/IBM/fp-go/v2/option/core.go:74.36,76.2 1 1
github.com/IBM/fp-go/v2/option/core.go:79.48,81.2 1 1
github.com/IBM/fp-go/v2/option/core.go:83.61,84.12 1 1
github.com/IBM/fp-go/v2/option/core.go:84.12,86.3 1 1
github.com/IBM/fp-go/v2/option/core.go:87.2,87.22 1 1
github.com/IBM/fp-go/v2/option/core.go:90.50,92.2 1 1
github.com/IBM/fp-go/v2/option/core.go:97.67,99.33 1 1
github.com/IBM/fp-go/v2/option/core.go:99.33,103.3 3 1
github.com/IBM/fp-go/v2/option/core.go:104.2,105.36 2 1
github.com/IBM/fp-go/v2/option/core.go:108.54,110.2 1 1
github.com/IBM/fp-go/v2/option/core.go:120.40,122.2 1 1
github.com/IBM/fp-go/v2/option/core.go:130.37,132.2 1 1
github.com/IBM/fp-go/v2/option/core.go:140.35,142.2 1 1
github.com/IBM/fp-go/v2/option/core.go:150.30,152.2 1 1
github.com/IBM/fp-go/v2/option/core.go:162.40,164.2 1 1
github.com/IBM/fp-go/v2/option/core.go:177.77,178.16 1 1
github.com/IBM/fp-go/v2/option/core.go:178.16,180.3 1 1
github.com/IBM/fp-go/v2/option/core.go:181.2,181.17 1 1
github.com/IBM/fp-go/v2/option/core.go:193.44,195.2 1 1
github.com/IBM/fp-go/v2/option/eq.go:36.45,44.2 2 1
github.com/IBM/fp-go/v2/option/eq.go:54.56,56.2 1 1
github.com/IBM/fp-go/v2/option/functor.go:24.63,26.2 1 1
github.com/IBM/fp-go/v2/option/functor.go:37.70,39.2 1 1
github.com/IBM/fp-go/v2/option/gen.go:13.53,14.22 1 1
github.com/IBM/fp-go/v2/option/gen.go:14.22,16.3 1 1
github.com/IBM/fp-go/v2/option/gen.go:17.2,17.18 1 1
github.com/IBM/fp-go/v2/option/gen.go:21.67,22.26 1 1
github.com/IBM/fp-go/v2/option/gen.go:22.26,23.37 1 1
github.com/IBM/fp-go/v2/option/gen.go:23.37,25.4 1 1
github.com/IBM/fp-go/v2/option/gen.go:30.69,31.26 1 1
github.com/IBM/fp-go/v2/option/gen.go:31.26,33.3 1 1
github.com/IBM/fp-go/v2/option/gen.go:37.71,38.31 1 1
github.com/IBM/fp-go/v2/option/gen.go:38.31,39.37 1 1
github.com/IBM/fp-go/v2/option/gen.go:39.37,41.4 1 1
github.com/IBM/fp-go/v2/option/gen.go:46.73,47.31 1 1
github.com/IBM/fp-go/v2/option/gen.go:47.31,49.3 1 1
github.com/IBM/fp-go/v2/option/gen.go:53.61,58.2 1 1
github.com/IBM/fp-go/v2/option/gen.go:61.74,66.2 1 1
github.com/IBM/fp-go/v2/option/gen.go:69.101,70.51 1 1
github.com/IBM/fp-go/v2/option/gen.go:70.51,76.3 1 1
github.com/IBM/fp-go/v2/option/gen.go:80.87,81.38 1 1
github.com/IBM/fp-go/v2/option/gen.go:81.38,82.37 1 1
github.com/IBM/fp-go/v2/option/gen.go:82.37,84.4 1 1
github.com/IBM/fp-go/v2/option/gen.go:89.89,90.38 1 1
github.com/IBM/fp-go/v2/option/gen.go:90.38,92.3 1 1
github.com/IBM/fp-go/v2/option/gen.go:96.84,103.2 1 1
github.com/IBM/fp-go/v2/option/gen.go:106.94,112.2 1 1
github.com/IBM/fp-go/v2/option/gen.go:115.145,116.59 1 1
github.com/IBM/fp-go/v2/option/gen.go:116.59,124.3 1 1
github.com/IBM/fp-go/v2/option/gen.go:128.99,129.45 1 1
github.com/IBM/fp-go/v2/option/gen.go:129.45,130.37 1 1
github.com/IBM/fp-go/v2/option/gen.go:130.37,132.4 1 1
github.com/IBM/fp-go/v2/option/gen.go:137.101,138.45 1 1
github.com/IBM/fp-go/v2/option/gen.go:138.45,140.3 1 1
github.com/IBM/fp-go/v2/option/gen.go:144.107,153.2 1 1
github.com/IBM/fp-go/v2/option/gen.go:156.114,163.2 1 1
github.com/IBM/fp-go/v2/option/gen.go:166.189,167.67 1 1
github.com/IBM/fp-go/v2/option/gen.go:167.67,177.3 1 1
github.com/IBM/fp-go/v2/option/gen.go:181.111,182.52 1 1
github.com/IBM/fp-go/v2/option/gen.go:182.52,183.37 1 1
github.com/IBM/fp-go/v2/option/gen.go:183.37,185.4 1 1
github.com/IBM/fp-go/v2/option/gen.go:190.113,191.52 1 1
github.com/IBM/fp-go/v2/option/gen.go:191.52,193.3 1 1
github.com/IBM/fp-go/v2/option/gen.go:197.130,208.2 1 1
github.com/IBM/fp-go/v2/option/gen.go:211.134,219.2 1 1
github.com/IBM/fp-go/v2/option/gen.go:222.233,223.75 1 1
github.com/IBM/fp-go/v2/option/gen.go:223.75,235.3 1 1
github.com/IBM/fp-go/v2/option/gen.go:239.123,240.59 1 1
github.com/IBM/fp-go/v2/option/gen.go:240.59,241.37 1 1
github.com/IBM/fp-go/v2/option/gen.go:241.37,243.4 1 1
github.com/IBM/fp-go/v2/option/gen.go:248.125,249.59 1 1
github.com/IBM/fp-go/v2/option/gen.go:249.59,251.3 1 1
github.com/IBM/fp-go/v2/option/gen.go:255.153,268.2 1 1
github.com/IBM/fp-go/v2/option/gen.go:271.154,280.2 1 1
github.com/IBM/fp-go/v2/option/gen.go:283.277,284.83 1 0
github.com/IBM/fp-go/v2/option/gen.go:284.83,298.3 1 0
github.com/IBM/fp-go/v2/option/gen.go:302.135,303.66 1 1
github.com/IBM/fp-go/v2/option/gen.go:303.66,304.37 1 1
github.com/IBM/fp-go/v2/option/gen.go:304.37,306.4 1 1
github.com/IBM/fp-go/v2/option/gen.go:311.137,312.66 1 1
github.com/IBM/fp-go/v2/option/gen.go:312.66,314.3 1 1
github.com/IBM/fp-go/v2/option/gen.go:318.176,333.2 1 1
github.com/IBM/fp-go/v2/option/gen.go:336.174,346.2 1 1
github.com/IBM/fp-go/v2/option/gen.go:349.321,350.91 1 0
github.com/IBM/fp-go/v2/option/gen.go:350.91,366.3 1 0
github.com/IBM/fp-go/v2/option/gen.go:370.147,371.73 1 1
github.com/IBM/fp-go/v2/option/gen.go:371.73,372.37 1 1
github.com/IBM/fp-go/v2/option/gen.go:372.37,374.4 1 1
github.com/IBM/fp-go/v2/option/gen.go:379.149,380.73 1 1
github.com/IBM/fp-go/v2/option/gen.go:380.73,382.3 1 1
github.com/IBM/fp-go/v2/option/gen.go:386.199,403.2 1 1
github.com/IBM/fp-go/v2/option/gen.go:406.194,417.2 1 1
github.com/IBM/fp-go/v2/option/gen.go:420.365,421.99 1 0
github.com/IBM/fp-go/v2/option/gen.go:421.99,439.3 1 0
github.com/IBM/fp-go/v2/option/gen.go:443.159,444.80 1 1
github.com/IBM/fp-go/v2/option/gen.go:444.80,445.37 1 1
github.com/IBM/fp-go/v2/option/gen.go:445.37,447.4 1 1
github.com/IBM/fp-go/v2/option/gen.go:452.161,453.80 1 1
github.com/IBM/fp-go/v2/option/gen.go:453.80,455.3 1 1
github.com/IBM/fp-go/v2/option/gen.go:459.222,478.2 1 1
github.com/IBM/fp-go/v2/option/gen.go:481.214,493.2 1 1
github.com/IBM/fp-go/v2/option/gen.go:496.409,497.107 1 0
github.com/IBM/fp-go/v2/option/gen.go:497.107,517.3 1 0
github.com/IBM/fp-go/v2/option/gen.go:521.171,522.87 1 1
github.com/IBM/fp-go/v2/option/gen.go:522.87,523.37 1 1
github.com/IBM/fp-go/v2/option/gen.go:523.37,525.4 1 1
github.com/IBM/fp-go/v2/option/gen.go:530.173,531.87 1 1
github.com/IBM/fp-go/v2/option/gen.go:531.87,533.3 1 1
github.com/IBM/fp-go/v2/option/gen.go:537.245,558.2 1 1
github.com/IBM/fp-go/v2/option/gen.go:561.234,574.2 1 1
github.com/IBM/fp-go/v2/option/gen.go:577.453,578.115 1 0
github.com/IBM/fp-go/v2/option/gen.go:578.115,600.3 1 0
github.com/IBM/fp-go/v2/option/gen.go:604.184,605.94 1 1
github.com/IBM/fp-go/v2/option/gen.go:605.94,606.37 1 1
github.com/IBM/fp-go/v2/option/gen.go:606.37,608.4 1 1
github.com/IBM/fp-go/v2/option/gen.go:613.186,614.94 1 1
github.com/IBM/fp-go/v2/option/gen.go:614.94,616.3 1 1
github.com/IBM/fp-go/v2/option/gen.go:620.274,643.2 1 1
github.com/IBM/fp-go/v2/option/gen.go:646.260,660.2 1 1
github.com/IBM/fp-go/v2/option/gen.go:663.509,664.127 1 0
github.com/IBM/fp-go/v2/option/gen.go:664.127,688.3 1 0
github.com/IBM/fp-go/v2/option/iter.go:57.70,68.2 1 1
github.com/IBM/fp-go/v2/option/iter.go:70.60,76.2 1 0
github.com/IBM/fp-go/v2/option/logger.go:25.110,27.20 1 1
github.com/IBM/fp-go/v2/option/logger.go:27.20,30.4 2 1
github.com/IBM/fp-go/v2/option/logger.go:31.23,34.4 2 1
github.com/IBM/fp-go/v2/option/logger.go:58.79,60.51 2 1
github.com/IBM/fp-go/v2/option/logger.go:60.51,62.39 2 1
github.com/IBM/fp-go/v2/option/logger.go:62.39,67.4 1 1
github.com/IBM/fp-go/v2/option/monad.go:24.47,26.2 1 1
github.com/IBM/fp-go/v2/option/monad.go:28.61,30.2 1 1
github.com/IBM/fp-go/v2/option/monad.go:32.67,34.2 1 1
github.com/IBM/fp-go/v2/option/monad.go:36.80,38.2 1 1
github.com/IBM/fp-go/v2/option/monad.go:57.83,59.2 1 1
github.com/IBM/fp-go/v2/option/monoid.go:37.69,38.55 1 1
github.com/IBM/fp-go/v2/option/monoid.go:38.55,41.35 2 1
github.com/IBM/fp-go/v2/option/monoid.go:41.35,42.63 1 1
github.com/IBM/fp-go/v2/option/monoid.go:42.63,43.65 1 1
github.com/IBM/fp-go/v2/option/monoid.go:43.65,45.7 1 1
github.com/IBM/fp-go/v2/option/monoid.go:71.63,73.52 2 1
github.com/IBM/fp-go/v2/option/monoid.go:73.52,75.3 1 1
github.com/IBM/fp-go/v2/option/monoid.go:86.66,94.2 1 1
github.com/IBM/fp-go/v2/option/monoid.go:106.45,111.2 1 1
github.com/IBM/fp-go/v2/option/option.go:29.61,30.13 1 1
github.com/IBM/fp-go/v2/option/option.go:30.13,32.3 1 1
github.com/IBM/fp-go/v2/option/option.go:33.2,33.18 1 1
github.com/IBM/fp-go/v2/option/option.go:44.60,46.2 1 1
github.com/IBM/fp-go/v2/option/option.go:49.45,51.2 1 0
github.com/IBM/fp-go/v2/option/option.go:54.48,56.2 1 0
github.com/IBM/fp-go/v2/option/option.go:59.57,61.2 1 0
github.com/IBM/fp-go/v2/option/option.go:72.43,74.2 1 1
github.com/IBM/fp-go/v2/option/option.go:86.66,88.2 1 1
github.com/IBM/fp-go/v2/option/option.go:99.71,100.62 1 1
github.com/IBM/fp-go/v2/option/option.go:100.62,102.3 1 1
github.com/IBM/fp-go/v2/option/option.go:114.56,116.2 1 1
github.com/IBM/fp-go/v2/option/option.go:125.62,127.2 1 1
github.com/IBM/fp-go/v2/option/option.go:137.50,139.2 1 1
github.com/IBM/fp-go/v2/option/option.go:148.56,150.2 1 1
github.com/IBM/fp-go/v2/option/option.go:158.42,160.2 1 1
github.com/IBM/fp-go/v2/option/option.go:170.53,172.16 2 1
github.com/IBM/fp-go/v2/option/option.go:172.16,174.3 1 1
github.com/IBM/fp-go/v2/option/option.go:175.2,175.18 1 1
github.com/IBM/fp-go/v2/option/option.go:189.79,190.30 1 1
github.com/IBM/fp-go/v2/option/option.go:190.30,192.3 1 1
github.com/IBM/fp-go/v2/option/option.go:202.61,204.2 1 1
github.com/IBM/fp-go/v2/option/option.go:213.58,215.2 1 1
github.com/IBM/fp-go/v2/option/option.go:227.68,229.2 1 1
github.com/IBM/fp-go/v2/option/option.go:241.54,243.2 1 1
github.com/IBM/fp-go/v2/option/option.go:251.66,253.2 1 1
github.com/IBM/fp-go/v2/option/option.go:261.53,263.2 1 1
github.com/IBM/fp-go/v2/option/option.go:273.73,280.2 1 1
github.com/IBM/fp-go/v2/option/option.go:291.59,297.2 1 1
github.com/IBM/fp-go/v2/option/option.go:307.54,309.2 1 1
github.com/IBM/fp-go/v2/option/option.go:318.69,320.2 1 1
github.com/IBM/fp-go/v2/option/option.go:329.55,331.2 1 1
github.com/IBM/fp-go/v2/option/option.go:341.102,342.54 1 1
github.com/IBM/fp-go/v2/option/option.go:342.54,343.55 1 1
github.com/IBM/fp-go/v2/option/option.go:343.55,345.4 1 1
github.com/IBM/fp-go/v2/option/option.go:355.96,356.54 1 1
github.com/IBM/fp-go/v2/option/option.go:356.54,358.3 1 1
github.com/IBM/fp-go/v2/option/option.go:369.68,371.2 1 1
github.com/IBM/fp-go/v2/option/option.go:381.54,383.2 1 1
github.com/IBM/fp-go/v2/option/option.go:392.64,394.2 1 1
github.com/IBM/fp-go/v2/option/option.go:403.49,405.2 1 1
github.com/IBM/fp-go/v2/option/ord.go:38.50,46.2 2 1
github.com/IBM/fp-go/v2/option/ord.go:56.58,58.2 1 1
github.com/IBM/fp-go/v2/option/pair.go:33.88,39.2 1 1
github.com/IBM/fp-go/v2/option/pointed.go:24.46,26.2 1 1
github.com/IBM/fp-go/v2/option/pointed.go:35.53,37.2 1 1
github.com/IBM/fp-go/v2/option/record.go:35.105,43.2 1 1
github.com/IBM/fp-go/v2/option/record.go:56.88,58.2 1 1
github.com/IBM/fp-go/v2/option/record.go:71.121,79.2 1 1
github.com/IBM/fp-go/v2/option/record.go:92.104,94.2 1 1
github.com/IBM/fp-go/v2/option/record.go:105.97,107.2 1 1
github.com/IBM/fp-go/v2/option/record.go:118.78,120.2 1 1
github.com/IBM/fp-go/v2/option/record.go:122.74,125.2 2 1
github.com/IBM/fp-go/v2/option/record.go:135.85,137.69 2 1
github.com/IBM/fp-go/v2/option/record.go:137.69,139.3 1 1
github.com/IBM/fp-go/v2/option/record.go:148.68,150.2 1 1
github.com/IBM/fp-go/v2/option/sequence.go:39.28,41.2 1 0
github.com/IBM/fp-go/v2/option/sequence.go:63.44,66.52 3 0
github.com/IBM/fp-go/v2/option/sequence.go:66.52,68.3 1 0
github.com/IBM/fp-go/v2/option/type.go:22.37,25.2 2 1
github.com/IBM/fp-go/v2/option/type.go:37.39,42.2 1 1
github.com/IBM/fp-go/v2/option/type.go:51.38,53.2 1 1
