mode: set
github.com/IBM/fp-go/v2/option/apply.go:32.69,34.2 1 1
github.com/IBM/fp-go/v2/option/apply.go:45.66,47.2 1 1
github.com/IBM/fp-go/v2/option/array.go:36.90,44.2 1 1
github.com/IBM/fp-go/v2/option/array.go:57.73,59.2 1 1
github.com/IBM/fp-go/v2/option/array.go:71.104,79.2 1 1
github.com/IBM/fp-go/v2/option/array.go:91.87,93.2 1 1
github.com/IBM/fp-go/v2/option/array.go:104.74,106.2 1 1
github.com/IBM/fp-go/v2/option/array.go:115.55,117.2 1 1
github.com/IBM/fp-go/v2/option/array.go:127.63,128.56 1 1
github.com/IBM/fp-go/v2/option/array.go:128.56,130.3 1 1
github.com/IBM/fp-go/v2/option/array.go:139.46,141.2 1 1
github.com/IBM/fp-go/v2/option/bind.go:36.13,38.2 1 1
github.com/IBM/fp-go/v2/option/bind.go:55.31,62.2 1 1
github.com/IBM/fp-go/v2/option/bind.go:79.31,85.2 1 1
github.com/IBM/fp-go/v2/option/bind.go:101.31,107.2 1 1
github.com/IBM/fp-go/v2/option/bind.go:121.30,126.2 1 1
github.com/IBM/fp-go/v2/option/bind.go:143.31,150.2 1 1
github.com/IBM/fp-go/v2/option/core.go:49.47,50.12 1 1
github.com/IBM/fp-go/v2/option/core.go:50.12,52.3 1 1
github.com/IBM/fp-go/v2/option/core.go:53.2,53.39 1 1
github.com/IBM/fp-go/v2/option/core.go:59.61,60.11 1 1
github.com/IBM/fp-go/v2/option/core.go:61.11,62.42 1 1
github.com/IBM/fp-go/v2/option/core.go:63.10,64.42 1 1
github.com/IBM/fp-go/v2/option/core.go:69.36,71.2 1 1
github.com/IBM/fp-go/v2/option/core.go:74.48,76.2 1 1
github.com/IBM/fp-go/v2/option/core.go:78.61,79.12 1 1
github.com/IBM/fp-go/v2/option/core.go:79.12,81.3 1 1
github.com/IBM/fp-go/v2/option/core.go:82.2,82.22 1 1
github.com/IBM/fp-go/v2/option/core.go:85.50,87.2 1 1
github.com/IBM/fp-go/v2/option/core.go:92.67,94.33 1 1
github.com/IBM/fp-go/v2/option/core.go:94.33,98.3 3 1
github.com/IBM/fp-go/v2/option/core.go:99.2,100.36 2 1
github.com/IBM/fp-go/v2/option/core.go:103.54,105.2 1 1
github.com/IBM/fp-go/v2/option/core.go:115.40,117.2 1 1
github.com/IBM/fp-go/v2/option/core.go:125.37,127.2 1 1
github.com/IBM/fp-go/v2/option/core.go:135.35,137.2 1 1
github.com/IBM/fp-go/v2/option/core.go:145.30,147.2 1 1
github.com/IBM/fp-go/v2/option/core.go:157.40,159.2 1 1
github.com/IBM/fp-go/v2/option/core.go:172.77,173.16 1 1
github.com/IBM/fp-go/v2/option/core.go:173.16,175.3 1 1
github.com/IBM/fp-go/v2/option/core.go:176.2,176.17 1 1
github.com/IBM/fp-go/v2/option/core.go:188.44,190.2 1 1
github.com/IBM/fp-go/v2/option/eq.go:36.45,44.2 2 1
github.com/IBM/fp-go/v2/option/eq.go:54.56,56.2 1 1
github.com/IBM/fp-go/v2/option/functor.go:24.74,26.2 1 1
github.com/IBM/fp-go/v2/option/functor.go:37.70,39.2 1 1
github.com/IBM/fp-go/v2/option/gen.go:13.53,14.22 1 1
github.com/IBM/fp-go/v2/option/gen.go:14.22,16.3 1 1
github.com/IBM/fp-go/v2/option/gen.go:17.2,17.18 1 1
github.com/IBM/fp-go/v2/option/gen.go:21.67,22.27 1 1
github.com/IBM/fp-go/v2/option/gen.go:22.27,23.39 1 1
github.com/IBM/fp-go/v2/option/gen.go:23.39,25.6 1 1
github.com/IBM/fp-go/v2/option/gen.go:30.69,31.27 1 1
github.com/IBM/fp-go/v2/option/gen.go:31.27,33.4 1 1
github.com/IBM/fp-go/v2/option/gen.go:37.75,38.32 1 1
github.com/IBM/fp-go/v2/option/gen.go:38.32,39.39 1 1
github.com/IBM/fp-go/v2/option/gen.go:39.39,41.6 1 1
github.com/IBM/fp-go/v2/option/gen.go:46.77,47.32 1 1
github.com/IBM/fp-go/v2/option/gen.go:47.32,49.4 1 1
github.com/IBM/fp-go/v2/option/gen.go:53.61,58.2 1 1
github.com/IBM/fp-go/v2/option/gen.go:61.74,66.2 1 1
github.com/IBM/fp-go/v2/option/gen.go:69.106,70.52 1 1
github.com/IBM/fp-go/v2/option/gen.go:70.52,76.4 1 1
github.com/IBM/fp-go/v2/option/gen.go:80.87,81.39 1 1
github.com/IBM/fp-go/v2/option/gen.go:81.39,82.39 1 1
github.com/IBM/fp-go/v2/option/gen.go:82.39,84.6 1 1
github.com/IBM/fp-go/v2/option/gen.go:89.89,90.39 1 1
github.com/IBM/fp-go/v2/option/gen.go:90.39,92.4 1 1
github.com/IBM/fp-go/v2/option/gen.go:96.84,103.2 1 1
github.com/IBM/fp-go/v2/option/gen.go:106.94,112.2 1 1
github.com/IBM/fp-go/v2/option/gen.go:115.154,116.60 1 1
github.com/IBM/fp-go/v2/option/gen.go:116.60,124.4 1 1
github.com/IBM/fp-go/v2/option/gen.go:128.99,129.46 1 1
github.com/IBM/fp-go/v2/option/gen.go:129.46,130.39 1 1
github.com/IBM/fp-go/v2/option/gen.go:130.39,132.6 1 1
github.com/IBM/fp-go/v2/option/gen.go:137.101,138.46 1 1
github.com/IBM/fp-go/v2/option/gen.go:138.46,140.4 1 1
github.com/IBM/fp-go/v2/option/gen.go:144.107,153.2 1 1
github.com/IBM/fp-go/v2/option/gen.go:156.114,163.2 1 1
github.com/IBM/fp-go/v2/option/gen.go:166.202,167.68 1 1
github.com/IBM/fp-go/v2/option/gen.go:167.68,177.4 1 1
github.com/IBM/fp-go/v2/option/gen.go:181.111,182.53 1 1
github.com/IBM/fp-go/v2/option/gen.go:182.53,183.39 1 1
github.com/IBM/fp-go/v2/option/gen.go:183.39,185.6 1 1
github.com/IBM/fp-go/v2/option/gen.go:190.113,191.53 1 1
github.com/IBM/fp-go/v2/option/gen.go:191.53,193.4 1 1
github.com/IBM/fp-go/v2/option/gen.go:197.130,208.2 1 1
github.com/IBM/fp-go/v2/option/gen.go:211.134,219.2 1 1
github.com/IBM/fp-go/v2/option/gen.go:222.250,223.76 1 1
github.com/IBM/fp-go/v2/option/gen.go:223.76,235.4 1 1
github.com/IBM/fp-go/v2/option/gen.go:239.123,240.60 1 1
github.com/IBM/fp-go/v2/option/gen.go:240.60,241.39 1 1
github.com/IBM/fp-go/v2/option/gen.go:241.39,243.6 1 1
github.com/IBM/fp-go/v2/option/gen.go:248.125,249.60 1 1
github.com/IBM/fp-go/v2/option/gen.go:249.60,251.4 1 1
github.com/IBM/fp-go/v2/option/gen.go:255.153,268.2 1 1
github.com/IBM/fp-go/v2/option/gen.go:271.154,280.2 1 1
github.com/IBM/fp-go/v2/option/gen.go:283.298,284.84 1 0
github.com/IBM/fp-go/v2/option/gen.go:284.84,298.4 1 0
github.com/IBM/fp-go/v2/option/gen.go:302.135,303.67 1 1
github.com/IBM/fp-go/v2/option/gen.go:303.67,304.39 1 1
github.com/IBM/fp-go/v2/option/gen.go:304.39,306.6 1 1
github.com/IBM/fp-go/v2/option/gen.go:311.137,312.67 1 1
github.com/IBM/fp-go/v2/option/gen.go:312.67,314.4 1 1
github.com/IBM/fp-go/v2/option/gen.go:318.176,333.2 1 1
github.com/IBM/fp-go/v2/option/gen.go:336.174,346.2 1 1
github.com/IBM/fp-go/v2/option/gen.go:349.346,350.92 1 0
github.com/IBM/fp-go/v2/option/gen.go:350.92,366.4 1 0
github.com/IBM/fp-go/v2/option/gen.go:370.147,371.74 1 1
github.com/IBM/fp-go/v2/option/gen.go:371.74,372.39 1 1
github.com/IBM/fp-go/v2/option/gen.go:372.39,374.6 1 1
github.com/IBM/fp-go/v2/option/gen.go:379.149,380.74 1 1
github.com/IBM/fp-go/v2/option/gen.go:380.74,382.4 1 1
github.com/IBM/fp-go/v2/option/gen.go:386.199,403.2 1 1
github.com/IBM/fp-go/v2/option/gen.go:406.194,417.2 1 1
github.com/IBM/fp-go/v2/option/gen.go:420.394,421.100 1 0
github.com/IBM/fp-go/v2/option/gen.go:421.100,439.4 1 0
github.com/IBM/fp-go/v2/option/gen.go:443.159,444.81 1 1
github.com/IBM/fp-go/v2/option/gen.go:444.81,445.39 1 1
github.com/IBM/fp-go/v2/option/gen.go:445.39,447.6 1 1
github.com/IBM/fp-go/v2/option/gen.go:452.161,453.81 1 1
github.com/IBM/fp-go/v2/option/gen.go:453.81,455.4 1 1
github.com/IBM/fp-go/v2/option/gen.go:459.222,478.2 1 1
github.com/IBM/fp-go/v2/option/gen.go:481.214,493.2 1 1
github.com/IBM/fp-go/v2/option/gen.go:496.442,497.108 1 0
github.com/IBM/fp-go/v2/option/gen.go:497.108,517.4 1 0
github.com/IBM/fp-go/v2/option/gen.go:521.171,522.88 1 1
github.com/IBM/fp-go/v2/option/gen.go:522.88,523.39 1 1
github.com/IBM/fp-go/v2/option/gen.go:523.39,525.6 1 1
github.com/IBM/fp-go/v2/option/gen.go:530.173,531.88 1 1
github.com/IBM/fp-go/v2/option/gen.go:531.88,533.4 1 1
github.com/IBM/fp-go/v2/option/gen.go:537.245,558.2 1 1
github.com/IBM/fp-go/v2/option/gen.go:561.234,574.2 1 1
github.com/IBM/fp-go/v2/option/gen.go:577.490,578.116 1 0
github.com/IBM/fp-go/v2/option/gen.go:578.116,600.4 1 0
github.com/IBM/fp-go/v2/option/gen.go:604.184,605.95 1 1
github.com/IBM/fp-go/v2/option/gen.go:605.95,606.39 1 1
github.com/IBM/fp-go/v2/option/gen.go:606.39,608.6 1 1
github.com/IBM/fp-go/v2/option/gen.go:613.186,614.95 1 1
github.com/IBM/fp-go/v2/option/gen.go:614.95,616.4 1 1
github.com/IBM/fp-go/v2/option/gen.go:620.274,643.2 1 1
github.com/IBM/fp-go/v2/option/gen.go:646.260,660.2 1 1
github.com/IBM/fp-go/v2/option/gen.go:663.550,664.128 1 0
github.com/IBM/fp-go/v2/option/gen.go:664.128,688.4 1 0
github.com/IBM/fp-go/v2/option/logger.go:25.114,27.20 1 1
github.com/IBM/fp-go/v2/option/logger.go:27.20,30.4 2 1
github.com/IBM/fp-go/v2/option/logger.go:31.23,34.4 2 1
github.com/IBM/fp-go/v2/option/logger.go:58.83,60.55 2 1
github.com/IBM/fp-go/v2/option/logger.go:60.55,62.39 2 1
github.com/IBM/fp-go/v2/option/logger.go:62.39,67.4 1 1
github.com/IBM/fp-go/v2/option/monad.go:24.47,26.2 1 1
github.com/IBM/fp-go/v2/option/monad.go:28.72,30.2 1 1
github.com/IBM/fp-go/v2/option/monad.go:32.82,34.2 1 1
github.com/IBM/fp-go/v2/option/monad.go:36.80,38.2 1 1
github.com/IBM/fp-go/v2/option/monad.go:57.83,59.2 1 1
github.com/IBM/fp-go/v2/option/monoid.go:37.69,38.55 1 1
github.com/IBM/fp-go/v2/option/monoid.go:38.55,41.35 2 1
github.com/IBM/fp-go/v2/option/monoid.go:41.35,42.63 1 1
github.com/IBM/fp-go/v2/option/monoid.go:42.63,43.65 1 1
github.com/IBM/fp-go/v2/option/monoid.go:43.65,45.7 1 1
github.com/IBM/fp-go/v2/option/monoid.go:71.63,73.52 2 1
github.com/IBM/fp-go/v2/option/monoid.go:73.52,75.3 1 1
github.com/IBM/fp-go/v2/option/monoid.go:86.66,94.2 1 1
github.com/IBM/fp-go/v2/option/monoid.go:106.45,111.2 1 1
github.com/IBM/fp-go/v2/option/option.go:27.61,28.13 1 1
github.com/IBM/fp-go/v2/option/option.go:28.13,30.3 1 1
github.com/IBM/fp-go/v2/option/option.go:31.2,31.18 1 1
github.com/IBM/fp-go/v2/option/option.go:42.64,44.2 1 1
github.com/IBM/fp-go/v2/option/option.go:55.43,57.2 1 1
github.com/IBM/fp-go/v2/option/option.go:69.70,71.2 1 1
github.com/IBM/fp-go/v2/option/option.go:82.71,83.62 1 1
github.com/IBM/fp-go/v2/option/option.go:83.62,85.3 1 1
github.com/IBM/fp-go/v2/option/option.go:97.67,99.2 1 1
github.com/IBM/fp-go/v2/option/option.go:108.62,110.2 1 1
github.com/IBM/fp-go/v2/option/option.go:120.61,122.2 1 1
github.com/IBM/fp-go/v2/option/option.go:131.56,133.2 1 1
github.com/IBM/fp-go/v2/option/option.go:141.53,143.2 1 1
github.com/IBM/fp-go/v2/option/option.go:153.53,155.16 2 1
github.com/IBM/fp-go/v2/option/option.go:155.16,157.3 1 1
github.com/IBM/fp-go/v2/option/option.go:158.2,158.18 1 1
github.com/IBM/fp-go/v2/option/option.go:172.79,173.30 1 1
github.com/IBM/fp-go/v2/option/option.go:173.30,175.3 1 1
github.com/IBM/fp-go/v2/option/option.go:185.61,187.2 1 1
github.com/IBM/fp-go/v2/option/option.go:196.58,198.2 1 1
github.com/IBM/fp-go/v2/option/option.go:210.72,212.2 1 1
github.com/IBM/fp-go/v2/option/option.go:224.69,226.2 1 1
github.com/IBM/fp-go/v2/option/option.go:234.66,236.2 1 1
github.com/IBM/fp-go/v2/option/option.go:244.64,246.2 1 1
github.com/IBM/fp-go/v2/option/option.go:256.77,263.2 1 1
github.com/IBM/fp-go/v2/option/option.go:274.74,280.2 1 1
github.com/IBM/fp-go/v2/option/option.go:290.54,292.2 1 1
github.com/IBM/fp-go/v2/option/option.go:301.69,303.2 1 1
github.com/IBM/fp-go/v2/option/option.go:312.66,314.2 1 1
github.com/IBM/fp-go/v2/option/option.go:324.102,325.54 1 1
github.com/IBM/fp-go/v2/option/option.go:325.54,326.55 1 1
github.com/IBM/fp-go/v2/option/option.go:326.55,328.4 1 1
github.com/IBM/fp-go/v2/option/option.go:338.96,339.54 1 1
github.com/IBM/fp-go/v2/option/option.go:339.54,341.3 1 1
github.com/IBM/fp-go/v2/option/option.go:352.68,354.2 1 1
github.com/IBM/fp-go/v2/option/option.go:364.65,366.2 1 1
github.com/IBM/fp-go/v2/option/option.go:375.64,377.2 1 1
github.com/IBM/fp-go/v2/option/option.go:386.60,388.2 1 1
github.com/IBM/fp-go/v2/option/ord.go:38.50,46.2 2 1
github.com/IBM/fp-go/v2/option/ord.go:56.58,58.2 1 1
github.com/IBM/fp-go/v2/option/pair.go:33.88,39.2 1 1
github.com/IBM/fp-go/v2/option/pointed.go:24.46,26.2 1 1
github.com/IBM/fp-go/v2/option/pointed.go:35.53,37.2 1 1
github.com/IBM/fp-go/v2/option/record.go:35.113,43.2 1 1
github.com/IBM/fp-go/v2/option/record.go:56.96,58.2 1 1
github.com/IBM/fp-go/v2/option/record.go:71.125,79.2 1 1
github.com/IBM/fp-go/v2/option/record.go:92.108,94.2 1 1
github.com/IBM/fp-go/v2/option/record.go:105.97,107.2 1 1
github.com/IBM/fp-go/v2/option/record.go:118.78,120.2 1 1
github.com/IBM/fp-go/v2/option/record.go:122.74,125.2 2 1
github.com/IBM/fp-go/v2/option/record.go:135.85,137.69 2 1
github.com/IBM/fp-go/v2/option/record.go:137.69,139.3 1 1
github.com/IBM/fp-go/v2/option/record.go:148.68,150.2 1 1
github.com/IBM/fp-go/v2/option/sequence.go:39.28,41.2 1 0
github.com/IBM/fp-go/v2/option/sequence.go:63.44,66.52 3 0
github.com/IBM/fp-go/v2/option/sequence.go:66.52,68.3 1 0
github.com/IBM/fp-go/v2/option/type.go:22.37,25.2 2 1
github.com/IBM/fp-go/v2/option/type.go:37.39,42.2 1 1
github.com/IBM/fp-go/v2/option/type.go:51.38,53.2 1 1
