mode: set
github.com/IBM/fp-go/v2/either/apply.go:32.75,34.2 1 0
github.com/IBM/fp-go/v2/either/apply.go:44.72,46.2 1 0
github.com/IBM/fp-go/v2/either/array.go:36.99,44.2 1 0
github.com/IBM/fp-go/v2/either/array.go:58.82,60.2 1 0
github.com/IBM/fp-go/v2/either/array.go:77.113,85.2 1 0
github.com/IBM/fp-go/v2/either/array.go:101.96,103.2 1 0
github.com/IBM/fp-go/v2/either/array.go:105.83,107.2 1 0
github.com/IBM/fp-go/v2/either/array.go:122.64,124.2 1 0
github.com/IBM/fp-go/v2/either/array.go:138.69,139.59 1 0
github.com/IBM/fp-go/v2/either/array.go:139.59,141.3 1 0
github.com/IBM/fp-go/v2/either/array.go:155.52,157.2 1 0
github.com/IBM/fp-go/v2/either/bind.go:33.16,35.2 1 0
github.com/IBM/fp-go/v2/either/bind.go:57.37,64.2 1 0
github.com/IBM/fp-go/v2/either/bind.go:84.37,90.2 1 0
github.com/IBM/fp-go/v2/either/bind.go:109.37,115.2 1 0
github.com/IBM/fp-go/v2/either/bind.go:129.36,134.2 1 0
github.com/IBM/fp-go/v2/either/bind.go:154.37,161.2 1 0
github.com/IBM/fp-go/v2/either/core.go:35.37,36.14 1 0
github.com/IBM/fp-go/v2/either/core.go:36.14,38.3 1 0
github.com/IBM/fp-go/v2/either/core.go:39.2,39.55 1 0
github.com/IBM/fp-go/v2/either/core.go:45.51,46.11 1 0
github.com/IBM/fp-go/v2/either/core.go:47.11,48.33 1 0
github.com/IBM/fp-go/v2/either/core.go:49.10,50.33 1 0
github.com/IBM/fp-go/v2/either/core.go:55.39,57.2 1 0
github.com/IBM/fp-go/v2/either/core.go:60.51,62.2 1 0
github.com/IBM/fp-go/v2/either/core.go:72.46,74.2 1 1
github.com/IBM/fp-go/v2/either/core.go:84.47,86.2 1 1
github.com/IBM/fp-go/v2/either/core.go:94.43,96.2 1 1
github.com/IBM/fp-go/v2/either/core.go:104.44,106.2 1 1
github.com/IBM/fp-go/v2/either/core.go:118.89,119.15 1 1
github.com/IBM/fp-go/v2/either/core.go:119.15,121.3 1 1
github.com/IBM/fp-go/v2/either/core.go:122.2,122.30 1 1
github.com/IBM/fp-go/v2/either/core.go:133.47,134.15 1 1
github.com/IBM/fp-go/v2/either/core.go:134.15,137.3 2 1
github.com/IBM/fp-go/v2/either/core.go:137.8,140.3 2 1
github.com/IBM/fp-go/v2/either/curry.go:29.65,31.2 1 0
github.com/IBM/fp-go/v2/either/curry.go:40.73,42.2 1 0
github.com/IBM/fp-go/v2/either/curry.go:54.90,56.2 1 0
github.com/IBM/fp-go/v2/either/curry.go:59.107,61.2 1 0
github.com/IBM/fp-go/v2/either/curry.go:64.124,66.2 1 0
github.com/IBM/fp-go/v2/either/curry.go:75.67,76.27 1 0
github.com/IBM/fp-go/v2/either/curry.go:76.27,78.3 1 0
github.com/IBM/fp-go/v2/either/curry.go:88.75,90.32 2 0
github.com/IBM/fp-go/v2/either/curry.go:90.32,92.3 1 0
github.com/IBM/fp-go/v2/either/curry.go:96.92,98.39 2 0
github.com/IBM/fp-go/v2/either/curry.go:98.39,100.3 1 0
github.com/IBM/fp-go/v2/either/curry.go:104.109,106.46 2 0
github.com/IBM/fp-go/v2/either/curry.go:106.46,108.3 1 0
github.com/IBM/fp-go/v2/either/curry.go:112.126,114.53 2 0
github.com/IBM/fp-go/v2/either/curry.go:114.53,116.3 1 0
github.com/IBM/fp-go/v2/either/either.go:38.41,40.2 1 0
github.com/IBM/fp-go/v2/either/either.go:49.60,51.2 1 0
github.com/IBM/fp-go/v2/either/either.go:62.85,63.68 1 1
github.com/IBM/fp-go/v2/either/either.go:63.68,65.3 1 1
github.com/IBM/fp-go/v2/either/either.go:70.85,72.2 1 1
github.com/IBM/fp-go/v2/either/either.go:84.73,86.2 1 0
github.com/IBM/fp-go/v2/either/either.go:98.97,100.2 1 0
github.com/IBM/fp-go/v2/either/either.go:104.94,106.2 1 0
github.com/IBM/fp-go/v2/either/either.go:114.65,116.2 1 0
github.com/IBM/fp-go/v2/either/either.go:119.62,121.2 1 0
github.com/IBM/fp-go/v2/either/either.go:132.81,134.2 1 0
github.com/IBM/fp-go/v2/either/either.go:138.73,140.2 1 1
github.com/IBM/fp-go/v2/either/either.go:144.81,146.2 1 0
github.com/IBM/fp-go/v2/either/either.go:160.86,162.2 1 1
github.com/IBM/fp-go/v2/either/either.go:176.91,183.2 1 0
github.com/IBM/fp-go/v2/either/either.go:187.78,189.2 1 0
github.com/IBM/fp-go/v2/either/either.go:203.105,205.2 1 1
github.com/IBM/fp-go/v2/either/either.go:208.105,210.67 2 0
github.com/IBM/fp-go/v2/either/either.go:210.67,212.3 1 0
github.com/IBM/fp-go/v2/either/either.go:216.76,218.2 1 0
github.com/IBM/fp-go/v2/either/either.go:222.83,224.2 1 1
github.com/IBM/fp-go/v2/either/either.go:227.88,233.2 1 0
github.com/IBM/fp-go/v2/either/either.go:241.66,243.2 1 0
github.com/IBM/fp-go/v2/either/either.go:253.86,254.16 1 1
github.com/IBM/fp-go/v2/either/either.go:254.16,256.3 1 0
github.com/IBM/fp-go/v2/either/either.go:257.2,257.34 1 1
github.com/IBM/fp-go/v2/either/either.go:267.62,269.2 1 1
github.com/IBM/fp-go/v2/either/either.go:273.111,274.63 1 0
github.com/IBM/fp-go/v2/either/either.go:274.63,276.3 1 0
github.com/IBM/fp-go/v2/either/either.go:281.134,282.81 1 0
github.com/IBM/fp-go/v2/either/either.go:282.81,284.3 1 0
github.com/IBM/fp-go/v2/either/either.go:293.73,295.2 1 1
github.com/IBM/fp-go/v2/either/either.go:303.52,305.2 1 0
github.com/IBM/fp-go/v2/either/either.go:317.67,318.36 1 0
github.com/IBM/fp-go/v2/either/either.go:318.36,320.3 1 0
github.com/IBM/fp-go/v2/either/either.go:329.47,331.2 1 0
github.com/IBM/fp-go/v2/either/either.go:342.82,343.33 1 1
github.com/IBM/fp-go/v2/either/either.go:343.33,345.3 1 1
github.com/IBM/fp-go/v2/either/either.go:354.57,356.2 1 1
github.com/IBM/fp-go/v2/either/either.go:369.89,370.32 1 0
github.com/IBM/fp-go/v2/either/either.go:370.32,371.14 1 0
github.com/IBM/fp-go/v2/either/either.go:371.14,373.4 1 0
github.com/IBM/fp-go/v2/either/either.go:374.3,374.32 1 0
github.com/IBM/fp-go/v2/either/either.go:386.57,388.2 1 0
github.com/IBM/fp-go/v2/either/either.go:396.65,398.2 1 0
github.com/IBM/fp-go/v2/either/either.go:402.74,407.2 1 0
github.com/IBM/fp-go/v2/either/either.go:418.86,420.2 1 0
github.com/IBM/fp-go/v2/either/either.go:430.79,432.2 1 0
github.com/IBM/fp-go/v2/either/either.go:442.86,444.2 1 0
github.com/IBM/fp-go/v2/either/either.go:455.67,456.38 1 0
github.com/IBM/fp-go/v2/either/either.go:456.38,462.3 1 0
github.com/IBM/fp-go/v2/either/either.go:466.55,468.2 1 0
github.com/IBM/fp-go/v2/either/either.go:472.117,473.60 1 0
github.com/IBM/fp-go/v2/either/either.go:473.60,474.61 1 0
github.com/IBM/fp-go/v2/either/either.go:474.61,476.4 1 0
github.com/IBM/fp-go/v2/either/either.go:482.143,483.60 1 0
github.com/IBM/fp-go/v2/either/either.go:483.60,484.61 1 0
github.com/IBM/fp-go/v2/either/either.go:484.61,485.62 1 0
github.com/IBM/fp-go/v2/either/either.go:485.62,487.5 1 0
github.com/IBM/fp-go/v2/either/either.go:498.52,500.2 1 0
github.com/IBM/fp-go/v2/either/either.go:504.73,506.2 1 0
github.com/IBM/fp-go/v2/either/either.go:509.69,511.2 1 0
github.com/IBM/fp-go/v2/either/either.go:515.82,517.2 1 0
github.com/IBM/fp-go/v2/either/eq.go:36.63,47.2 6 0
github.com/IBM/fp-go/v2/either/eq.go:56.62,58.2 1 0
github.com/IBM/fp-go/v2/either/functor.go:24.83,26.2 1 0
github.com/IBM/fp-go/v2/either/functor.go:37.79,39.2 1 0
github.com/IBM/fp-go/v2/either/gen.go:22.75,23.33 1 0
github.com/IBM/fp-go/v2/either/gen.go:23.33,25.3 1 0
github.com/IBM/fp-go/v2/either/gen.go:30.77,31.27 1 0
github.com/IBM/fp-go/v2/either/gen.go:31.27,33.3 1 0
github.com/IBM/fp-go/v2/either/gen.go:38.83,39.38 1 0
github.com/IBM/fp-go/v2/either/gen.go:39.38,41.3 1 0
github.com/IBM/fp-go/v2/either/gen.go:46.85,47.32 1 1
github.com/IBM/fp-go/v2/either/gen.go:47.32,49.3 1 1
github.com/IBM/fp-go/v2/either/gen.go:53.70,58.2 1 1
github.com/IBM/fp-go/v2/either/gen.go:61.83,66.2 1 1
github.com/IBM/fp-go/v2/either/gen.go:69.114,70.54 1 1
github.com/IBM/fp-go/v2/either/gen.go:70.54,76.3 1 1
github.com/IBM/fp-go/v2/either/gen.go:81.95,82.45 1 0
github.com/IBM/fp-go/v2/either/gen.go:82.45,84.3 1 0
github.com/IBM/fp-go/v2/either/gen.go:89.97,90.39 1 1
github.com/IBM/fp-go/v2/either/gen.go:90.39,92.3 1 1
github.com/IBM/fp-go/v2/either/gen.go:96.96,103.2 1 1
github.com/IBM/fp-go/v2/either/gen.go:106.106,112.2 1 1
github.com/IBM/fp-go/v2/either/gen.go:115.165,116.62 1 1
github.com/IBM/fp-go/v2/either/gen.go:116.62,124.3 1 1
github.com/IBM/fp-go/v2/either/gen.go:129.107,130.52 1 0
github.com/IBM/fp-go/v2/either/gen.go:130.52,132.3 1 0
github.com/IBM/fp-go/v2/either/gen.go:137.109,138.46 1 1
github.com/IBM/fp-go/v2/either/gen.go:138.46,140.3 1 1
github.com/IBM/fp-go/v2/either/gen.go:144.122,153.2 1 1
github.com/IBM/fp-go/v2/either/gen.go:156.129,163.2 1 1
github.com/IBM/fp-go/v2/either/gen.go:166.216,167.70 1 1
github.com/IBM/fp-go/v2/either/gen.go:167.70,177.3 1 1
github.com/IBM/fp-go/v2/either/gen.go:182.119,183.59 1 0
github.com/IBM/fp-go/v2/either/gen.go:183.59,185.3 1 0
github.com/IBM/fp-go/v2/either/gen.go:190.121,191.53 1 1
github.com/IBM/fp-go/v2/either/gen.go:191.53,193.3 1 1
github.com/IBM/fp-go/v2/either/gen.go:197.148,208.2 1 1
github.com/IBM/fp-go/v2/either/gen.go:211.152,219.2 1 1
github.com/IBM/fp-go/v2/either/gen.go:222.267,223.78 1 1
github.com/IBM/fp-go/v2/either/gen.go:223.78,235.3 1 1
github.com/IBM/fp-go/v2/either/gen.go:240.131,241.66 1 1
github.com/IBM/fp-go/v2/either/gen.go:241.66,243.3 1 1
github.com/IBM/fp-go/v2/either/gen.go:248.133,249.60 1 1
github.com/IBM/fp-go/v2/either/gen.go:249.60,251.3 1 1
github.com/IBM/fp-go/v2/either/gen.go:255.174,268.2 1 1
github.com/IBM/fp-go/v2/either/gen.go:271.175,280.2 1 1
github.com/IBM/fp-go/v2/either/gen.go:283.318,284.86 1 1
github.com/IBM/fp-go/v2/either/gen.go:284.86,298.3 1 1
github.com/IBM/fp-go/v2/either/gen.go:303.143,304.73 1 1
github.com/IBM/fp-go/v2/either/gen.go:304.73,306.3 1 1
github.com/IBM/fp-go/v2/either/gen.go:311.145,312.67 1 1
github.com/IBM/fp-go/v2/either/gen.go:312.67,314.3 1 1
github.com/IBM/fp-go/v2/either/gen.go:318.200,333.2 1 1
github.com/IBM/fp-go/v2/either/gen.go:336.198,346.2 1 0
github.com/IBM/fp-go/v2/either/gen.go:349.369,350.94 1 0
github.com/IBM/fp-go/v2/either/gen.go:350.94,366.3 1 0
github.com/IBM/fp-go/v2/either/gen.go:371.155,372.80 1 1
github.com/IBM/fp-go/v2/either/gen.go:372.80,374.3 1 1
github.com/IBM/fp-go/v2/either/gen.go:379.157,380.74 1 1
github.com/IBM/fp-go/v2/either/gen.go:380.74,382.3 1 1
github.com/IBM/fp-go/v2/either/gen.go:386.226,403.2 1 0
github.com/IBM/fp-go/v2/either/gen.go:406.221,417.2 1 0
github.com/IBM/fp-go/v2/either/gen.go:420.420,421.102 1 0
github.com/IBM/fp-go/v2/either/gen.go:421.102,439.3 1 0
github.com/IBM/fp-go/v2/either/gen.go:444.167,445.87 1 1
github.com/IBM/fp-go/v2/either/gen.go:445.87,447.3 1 1
github.com/IBM/fp-go/v2/either/gen.go:452.169,453.81 1 1
github.com/IBM/fp-go/v2/either/gen.go:453.81,455.3 1 1
github.com/IBM/fp-go/v2/either/gen.go:459.252,478.2 1 0
github.com/IBM/fp-go/v2/either/gen.go:481.244,493.2 1 0
github.com/IBM/fp-go/v2/either/gen.go:496.471,497.110 1 0
github.com/IBM/fp-go/v2/either/gen.go:497.110,517.3 1 0
github.com/IBM/fp-go/v2/either/gen.go:522.179,523.94 1 1
github.com/IBM/fp-go/v2/either/gen.go:523.94,525.3 1 1
github.com/IBM/fp-go/v2/either/gen.go:530.181,531.88 1 1
github.com/IBM/fp-go/v2/either/gen.go:531.88,533.3 1 1
github.com/IBM/fp-go/v2/either/gen.go:537.278,558.2 1 0
github.com/IBM/fp-go/v2/either/gen.go:561.267,574.2 1 0
github.com/IBM/fp-go/v2/either/gen.go:577.522,578.118 1 0
github.com/IBM/fp-go/v2/either/gen.go:578.118,600.3 1 0
github.com/IBM/fp-go/v2/either/gen.go:605.192,606.101 1 1
github.com/IBM/fp-go/v2/either/gen.go:606.101,608.3 1 1
github.com/IBM/fp-go/v2/either/gen.go:613.194,614.95 1 1
github.com/IBM/fp-go/v2/either/gen.go:614.95,616.3 1 1
github.com/IBM/fp-go/v2/either/gen.go:620.310,643.2 1 0
github.com/IBM/fp-go/v2/either/gen.go:646.296,660.2 1 0
github.com/IBM/fp-go/v2/either/gen.go:663.585,664.130 1 0
github.com/IBM/fp-go/v2/either/gen.go:664.130,688.3 1 0
github.com/IBM/fp-go/v2/either/gen.go:693.207,694.110 1 1
github.com/IBM/fp-go/v2/either/gen.go:694.110,696.3 1 1
github.com/IBM/fp-go/v2/either/gen.go:701.209,702.104 1 1
github.com/IBM/fp-go/v2/either/gen.go:702.104,704.3 1 1
github.com/IBM/fp-go/v2/either/gen.go:708.340,733.2 1 0
github.com/IBM/fp-go/v2/either/gen.go:736.322,751.2 1 0
github.com/IBM/fp-go/v2/either/gen.go:754.645,755.140 1 0
github.com/IBM/fp-go/v2/either/gen.go:755.140,781.3 1 0
github.com/IBM/fp-go/v2/either/gen.go:786.222,787.119 1 1
github.com/IBM/fp-go/v2/either/gen.go:787.119,789.3 1 1
github.com/IBM/fp-go/v2/either/gen.go:794.224,795.113 1 1
github.com/IBM/fp-go/v2/either/gen.go:795.113,797.3 1 1
github.com/IBM/fp-go/v2/either/gen.go:801.370,828.2 1 0
github.com/IBM/fp-go/v2/either/gen.go:831.348,847.2 1 0
github.com/IBM/fp-go/v2/either/gen.go:850.705,851.150 1 0
github.com/IBM/fp-go/v2/either/gen.go:851.150,879.3 1 0
github.com/IBM/fp-go/v2/either/gen.go:884.237,885.128 1 1
github.com/IBM/fp-go/v2/either/gen.go:885.128,887.3 1 1
github.com/IBM/fp-go/v2/either/gen.go:892.239,893.122 1 1
github.com/IBM/fp-go/v2/either/gen.go:893.122,895.3 1 1
github.com/IBM/fp-go/v2/either/gen.go:899.400,928.2 1 0
github.com/IBM/fp-go/v2/either/gen.go:931.374,948.2 1 0
github.com/IBM/fp-go/v2/either/gen.go:951.765,952.160 1 0
github.com/IBM/fp-go/v2/either/gen.go:952.160,982.3 1 0
github.com/IBM/fp-go/v2/either/gen.go:987.252,988.137 1 1
github.com/IBM/fp-go/v2/either/gen.go:988.137,990.3 1 1
github.com/IBM/fp-go/v2/either/gen.go:995.254,996.131 1 1
github.com/IBM/fp-go/v2/either/gen.go:996.131,998.3 1 1
github.com/IBM/fp-go/v2/either/gen.go:1002.430,1033.2 1 0
github.com/IBM/fp-go/v2/either/gen.go:1036.400,1054.2 1 0
github.com/IBM/fp-go/v2/either/gen.go:1057.825,1058.170 1 0
github.com/IBM/fp-go/v2/either/gen.go:1058.170,1090.3 1 0
github.com/IBM/fp-go/v2/either/gen.go:1095.267,1096.146 1 1
github.com/IBM/fp-go/v2/either/gen.go:1096.146,1098.3 1 1
github.com/IBM/fp-go/v2/either/gen.go:1103.269,1104.140 1 1
github.com/IBM/fp-go/v2/either/gen.go:1104.140,1106.3 1 1
github.com/IBM/fp-go/v2/either/gen.go:1110.460,1143.2 1 0
github.com/IBM/fp-go/v2/either/gen.go:1146.426,1165.2 1 0
github.com/IBM/fp-go/v2/either/gen.go:1168.885,1169.180 1 0
github.com/IBM/fp-go/v2/either/gen.go:1169.180,1203.3 1 0
github.com/IBM/fp-go/v2/either/logger.go:25.123,27.26 1 0
github.com/IBM/fp-go/v2/either/logger.go:27.26,30.4 2 0
github.com/IBM/fp-go/v2/either/logger.go:31.26,34.4 2 0
github.com/IBM/fp-go/v2/either/logger.go:53.92,55.61 2 0
github.com/IBM/fp-go/v2/either/logger.go:55.61,57.45 2 0
github.com/IBM/fp-go/v2/either/logger.go:57.45,62.4 1 0
github.com/IBM/fp-go/v2/either/monad.go:24.53,26.2 1 0
github.com/IBM/fp-go/v2/either/monad.go:28.81,30.2 1 0
github.com/IBM/fp-go/v2/either/monad.go:32.94,34.2 1 0
github.com/IBM/fp-go/v2/either/monad.go:36.92,38.2 1 0
github.com/IBM/fp-go/v2/either/monad.go:54.95,56.2 1 0
github.com/IBM/fp-go/v2/either/monoid.go:34.72,42.2 1 0
github.com/IBM/fp-go/v2/either/monoid.go:54.76,59.2 1 0
github.com/IBM/fp-go/v2/either/pointed.go:24.52,26.2 1 0
github.com/IBM/fp-go/v2/either/pointed.go:35.59,37.2 1 0
github.com/IBM/fp-go/v2/either/record.go:36.122,43.2 1 0
github.com/IBM/fp-go/v2/either/record.go:57.105,59.2 1 0
github.com/IBM/fp-go/v2/either/record.go:76.134,83.2 1 0
github.com/IBM/fp-go/v2/either/record.go:99.117,101.2 1 0
github.com/IBM/fp-go/v2/either/record.go:103.106,105.2 1 0
github.com/IBM/fp-go/v2/either/record.go:119.87,121.2 1 0
github.com/IBM/fp-go/v2/either/record.go:123.74,126.2 2 0
github.com/IBM/fp-go/v2/either/record.go:140.91,143.72 3 0
github.com/IBM/fp-go/v2/either/record.go:143.72,144.48 1 0
github.com/IBM/fp-go/v2/either/record.go:144.48,146.4 1 0
github.com/IBM/fp-go/v2/either/record.go:161.74,163.2 1 0
github.com/IBM/fp-go/v2/either/resource.go:46.136,48.51 1 0
github.com/IBM/fp-go/v2/either/resource.go:48.51,50.39 1 0
github.com/IBM/fp-go/v2/either/resource.go:50.39,58.29 3 0
github.com/IBM/fp-go/v2/either/resource.go:58.29,63.7 1 0
github.com/IBM/fp-go/v2/either/semigroup.go:32.57,36.2 1 0
github.com/IBM/fp-go/v2/either/traverse.go:39.47,44.55 3 0
github.com/IBM/fp-go/v2/either/traverse.go:44.55,46.3 1 0
github.com/IBM/fp-go/v2/either/traverse.go:66.31,68.2 1 0
github.com/IBM/fp-go/v2/either/variadic.go:29.78,30.39 1 0
github.com/IBM/fp-go/v2/either/variadic.go:30.39,32.3 1 0
github.com/IBM/fp-go/v2/either/variadic.go:36.90,37.46 1 0
github.com/IBM/fp-go/v2/either/variadic.go:37.46,39.3 1 0
github.com/IBM/fp-go/v2/either/variadic.go:43.102,44.53 1 0
github.com/IBM/fp-go/v2/either/variadic.go:44.53,46.3 1 0
github.com/IBM/fp-go/v2/either/variadic.go:50.114,51.60 1 0
github.com/IBM/fp-go/v2/either/variadic.go:51.60,53.3 1 0
github.com/IBM/fp-go/v2/either/variadic.go:57.126,58.67 1 0
github.com/IBM/fp-go/v2/either/variadic.go:58.67,60.3 1 0
github.com/IBM/fp-go/v2/either/variadic.go:64.80,65.38 1 0
github.com/IBM/fp-go/v2/either/variadic.go:65.38,67.3 1 0
github.com/IBM/fp-go/v2/either/variadic.go:71.92,72.45 1 0
github.com/IBM/fp-go/v2/either/variadic.go:72.45,74.3 1 0
github.com/IBM/fp-go/v2/either/variadic.go:78.104,79.52 1 0
github.com/IBM/fp-go/v2/either/variadic.go:79.52,81.3 1 0
github.com/IBM/fp-go/v2/either/variadic.go:85.116,86.59 1 0
github.com/IBM/fp-go/v2/either/variadic.go:86.59,88.3 1 0
github.com/IBM/fp-go/v2/either/variadic.go:92.128,93.66 1 0
github.com/IBM/fp-go/v2/either/variadic.go:93.66,95.3 1 0
