mode: set
github.com/IBM/fp-go/v2/context/readerioresult/bind.go:27.21,29.2 1 1
github.com/IBM/fp-go/v2/context/readerioresult/bind.go:35.47,42.2 1 1
github.com/IBM/fp-go/v2/context/readerioresult/bind.go:48.47,54.2 1 0
github.com/IBM/fp-go/v2/context/readerioresult/bind.go:60.47,66.2 1 0
github.com/IBM/fp-go/v2/context/readerioresult/bind.go:71.46,76.2 1 0
github.com/IBM/fp-go/v2/context/readerioresult/bind.go:82.47,89.2 1 1
github.com/IBM/fp-go/v2/context/readerioresult/bracket.go:33.21,44.2 1 0
github.com/IBM/fp-go/v2/context/readerioresult/cancel.go:35.65,36.47 1 1
github.com/IBM/fp-go/v2/context/readerioresult/cancel.go:36.47,37.44 1 1
github.com/IBM/fp-go/v2/context/readerioresult/cancel.go:37.44,39.4 1 1
github.com/IBM/fp-go/v2/context/readerioresult/cancel.go:40.3,40.40 1 1
github.com/IBM/fp-go/v2/context/readerioresult/eq.go:42.84,44.2 1 0
github.com/IBM/fp-go/v2/context/readerioresult/gen.go:18.91,20.2 1 0
github.com/IBM/fp-go/v2/context/readerioresult/gen.go:24.93,26.2 1 0
github.com/IBM/fp-go/v2/context/readerioresult/gen.go:30.101,32.2 1 0
github.com/IBM/fp-go/v2/context/readerioresult/gen.go:36.103,38.2 1 0
github.com/IBM/fp-go/v2/context/readerioresult/gen.go:43.36,48.2 1 0
github.com/IBM/fp-go/v2/context/readerioresult/gen.go:53.36,58.2 1 0
github.com/IBM/fp-go/v2/context/readerioresult/gen.go:63.36,68.2 1 0
github.com/IBM/fp-go/v2/context/readerioresult/gen.go:71.98,76.2 1 0
github.com/IBM/fp-go/v2/context/readerioresult/gen.go:79.101,84.2 1 0
github.com/IBM/fp-go/v2/context/readerioresult/gen.go:87.101,92.2 1 0
github.com/IBM/fp-go/v2/context/readerioresult/gen.go:95.129,96.68 1 0
github.com/IBM/fp-go/v2/context/readerioresult/gen.go:96.68,102.4 1 0
github.com/IBM/fp-go/v2/context/readerioresult/gen.go:106.132,107.68 1 0
github.com/IBM/fp-go/v2/context/readerioresult/gen.go:107.68,113.4 1 0
github.com/IBM/fp-go/v2/context/readerioresult/gen.go:117.132,118.68 1 0
github.com/IBM/fp-go/v2/context/readerioresult/gen.go:118.68,124.4 1 0
github.com/IBM/fp-go/v2/context/readerioresult/gen.go:129.113,131.2 1 0
github.com/IBM/fp-go/v2/context/readerioresult/gen.go:135.115,137.2 1 0
github.com/IBM/fp-go/v2/context/readerioresult/gen.go:143.40,150.2 1 0
github.com/IBM/fp-go/v2/context/readerioresult/gen.go:156.40,163.2 1 0
github.com/IBM/fp-go/v2/context/readerioresult/gen.go:169.40,176.2 1 0
github.com/IBM/fp-go/v2/context/readerioresult/gen.go:179.126,185.2 1 0
github.com/IBM/fp-go/v2/context/readerioresult/gen.go:188.129,194.2 1 0
github.com/IBM/fp-go/v2/context/readerioresult/gen.go:197.129,203.2 1 0
github.com/IBM/fp-go/v2/context/readerioresult/gen.go:206.185,207.76 1 0
github.com/IBM/fp-go/v2/context/readerioresult/gen.go:207.76,215.4 1 0
github.com/IBM/fp-go/v2/context/readerioresult/gen.go:219.188,220.76 1 0
github.com/IBM/fp-go/v2/context/readerioresult/gen.go:220.76,228.4 1 0
github.com/IBM/fp-go/v2/context/readerioresult/gen.go:232.188,233.76 1 0
github.com/IBM/fp-go/v2/context/readerioresult/gen.go:233.76,241.4 1 0
github.com/IBM/fp-go/v2/context/readerioresult/gen.go:246.125,248.2 1 0
github.com/IBM/fp-go/v2/context/readerioresult/gen.go:252.127,254.2 1 0
github.com/IBM/fp-go/v2/context/readerioresult/gen.go:261.44,270.2 1 0
github.com/IBM/fp-go/v2/context/readerioresult/gen.go:277.44,286.2 1 0
github.com/IBM/fp-go/v2/context/readerioresult/gen.go:293.44,302.2 1 0
github.com/IBM/fp-go/v2/context/readerioresult/gen.go:305.154,312.2 1 0
github.com/IBM/fp-go/v2/context/readerioresult/gen.go:315.157,322.2 1 0
github.com/IBM/fp-go/v2/context/readerioresult/gen.go:325.157,332.2 1 0
github.com/IBM/fp-go/v2/context/readerioresult/gen.go:335.241,336.84 1 0
github.com/IBM/fp-go/v2/context/readerioresult/gen.go:336.84,346.4 1 0
github.com/IBM/fp-go/v2/context/readerioresult/gen.go:350.244,351.84 1 0
github.com/IBM/fp-go/v2/context/readerioresult/gen.go:351.84,361.4 1 0
github.com/IBM/fp-go/v2/context/readerioresult/gen.go:365.244,366.84 1 0
github.com/IBM/fp-go/v2/context/readerioresult/gen.go:366.84,376.4 1 0
github.com/IBM/fp-go/v2/context/readerioresult/gen.go:381.137,383.2 1 0
github.com/IBM/fp-go/v2/context/readerioresult/gen.go:387.139,389.2 1 0
github.com/IBM/fp-go/v2/context/readerioresult/gen.go:397.48,408.2 1 0
github.com/IBM/fp-go/v2/context/readerioresult/gen.go:416.48,427.2 1 0
github.com/IBM/fp-go/v2/context/readerioresult/gen.go:435.48,446.2 1 0
github.com/IBM/fp-go/v2/context/readerioresult/gen.go:449.182,457.2 1 0
github.com/IBM/fp-go/v2/context/readerioresult/gen.go:460.185,468.2 1 0
github.com/IBM/fp-go/v2/context/readerioresult/gen.go:471.185,479.2 1 0
github.com/IBM/fp-go/v2/context/readerioresult/gen.go:482.297,483.92 1 0
github.com/IBM/fp-go/v2/context/readerioresult/gen.go:483.92,495.4 1 0
github.com/IBM/fp-go/v2/context/readerioresult/gen.go:499.300,500.92 1 0
github.com/IBM/fp-go/v2/context/readerioresult/gen.go:500.92,512.4 1 0
github.com/IBM/fp-go/v2/context/readerioresult/gen.go:516.300,517.92 1 0
github.com/IBM/fp-go/v2/context/readerioresult/gen.go:517.92,529.4 1 0
github.com/IBM/fp-go/v2/context/readerioresult/gen.go:534.149,536.2 1 0
github.com/IBM/fp-go/v2/context/readerioresult/gen.go:540.151,542.2 1 0
github.com/IBM/fp-go/v2/context/readerioresult/gen.go:551.52,564.2 1 0
github.com/IBM/fp-go/v2/context/readerioresult/gen.go:573.52,586.2 1 0
github.com/IBM/fp-go/v2/context/readerioresult/gen.go:595.52,608.2 1 0
github.com/IBM/fp-go/v2/context/readerioresult/gen.go:611.210,620.2 1 0
github.com/IBM/fp-go/v2/context/readerioresult/gen.go:623.213,632.2 1 0
github.com/IBM/fp-go/v2/context/readerioresult/gen.go:635.213,644.2 1 0
github.com/IBM/fp-go/v2/context/readerioresult/gen.go:647.353,648.100 1 0
github.com/IBM/fp-go/v2/context/readerioresult/gen.go:648.100,662.4 1 0
github.com/IBM/fp-go/v2/context/readerioresult/gen.go:666.356,667.100 1 0
github.com/IBM/fp-go/v2/context/readerioresult/gen.go:667.100,681.4 1 0
github.com/IBM/fp-go/v2/context/readerioresult/gen.go:685.356,686.100 1 0
github.com/IBM/fp-go/v2/context/readerioresult/gen.go:686.100,700.4 1 0
github.com/IBM/fp-go/v2/context/readerioresult/gen.go:705.161,707.2 1 0
github.com/IBM/fp-go/v2/context/readerioresult/gen.go:711.163,713.2 1 0
github.com/IBM/fp-go/v2/context/readerioresult/gen.go:723.56,738.2 1 0
github.com/IBM/fp-go/v2/context/readerioresult/gen.go:748.56,763.2 1 0
github.com/IBM/fp-go/v2/context/readerioresult/gen.go:773.56,788.2 1 0
github.com/IBM/fp-go/v2/context/readerioresult/gen.go:791.238,801.2 1 0
github.com/IBM/fp-go/v2/context/readerioresult/gen.go:804.241,814.2 1 0
github.com/IBM/fp-go/v2/context/readerioresult/gen.go:817.241,827.2 1 0
github.com/IBM/fp-go/v2/context/readerioresult/gen.go:830.409,831.108 1 0
github.com/IBM/fp-go/v2/context/readerioresult/gen.go:831.108,847.4 1 0
github.com/IBM/fp-go/v2/context/readerioresult/gen.go:851.412,852.108 1 0
github.com/IBM/fp-go/v2/context/readerioresult/gen.go:852.108,868.4 1 0
github.com/IBM/fp-go/v2/context/readerioresult/gen.go:872.412,873.108 1 0
github.com/IBM/fp-go/v2/context/readerioresult/gen.go:873.108,889.4 1 0
github.com/IBM/fp-go/v2/context/readerioresult/gen.go:894.173,896.2 1 0
github.com/IBM/fp-go/v2/context/readerioresult/gen.go:900.175,902.2 1 0
github.com/IBM/fp-go/v2/context/readerioresult/gen.go:913.60,930.2 1 0
github.com/IBM/fp-go/v2/context/readerioresult/gen.go:941.60,958.2 1 0
github.com/IBM/fp-go/v2/context/readerioresult/gen.go:969.60,986.2 1 0
github.com/IBM/fp-go/v2/context/readerioresult/gen.go:989.266,1000.2 1 0
github.com/IBM/fp-go/v2/context/readerioresult/gen.go:1003.269,1014.2 1 0
github.com/IBM/fp-go/v2/context/readerioresult/gen.go:1017.269,1028.2 1 0
github.com/IBM/fp-go/v2/context/readerioresult/gen.go:1031.465,1032.116 1 0
github.com/IBM/fp-go/v2/context/readerioresult/gen.go:1032.116,1050.4 1 0
github.com/IBM/fp-go/v2/context/readerioresult/gen.go:1054.468,1055.116 1 0
github.com/IBM/fp-go/v2/context/readerioresult/gen.go:1055.116,1073.4 1 0
github.com/IBM/fp-go/v2/context/readerioresult/gen.go:1077.468,1078.116 1 0
github.com/IBM/fp-go/v2/context/readerioresult/gen.go:1078.116,1096.4 1 0
github.com/IBM/fp-go/v2/context/readerioresult/gen.go:1101.185,1103.2 1 0
github.com/IBM/fp-go/v2/context/readerioresult/gen.go:1107.187,1109.2 1 0
github.com/IBM/fp-go/v2/context/readerioresult/gen.go:1121.64,1140.2 1 0
github.com/IBM/fp-go/v2/context/readerioresult/gen.go:1152.64,1171.2 1 0
github.com/IBM/fp-go/v2/context/readerioresult/gen.go:1183.64,1202.2 1 0
github.com/IBM/fp-go/v2/context/readerioresult/gen.go:1205.294,1217.2 1 0
github.com/IBM/fp-go/v2/context/readerioresult/gen.go:1220.297,1232.2 1 0
github.com/IBM/fp-go/v2/context/readerioresult/gen.go:1235.297,1247.2 1 0
github.com/IBM/fp-go/v2/context/readerioresult/gen.go:1250.521,1251.124 1 0
github.com/IBM/fp-go/v2/context/readerioresult/gen.go:1251.124,1271.4 1 0
github.com/IBM/fp-go/v2/context/readerioresult/gen.go:1275.524,1276.124 1 0
github.com/IBM/fp-go/v2/context/readerioresult/gen.go:1276.124,1296.4 1 0
github.com/IBM/fp-go/v2/context/readerioresult/gen.go:1300.524,1301.124 1 0
github.com/IBM/fp-go/v2/context/readerioresult/gen.go:1301.124,1321.4 1 0
github.com/IBM/fp-go/v2/context/readerioresult/gen.go:1326.197,1328.2 1 0
github.com/IBM/fp-go/v2/context/readerioresult/gen.go:1332.199,1334.2 1 0
github.com/IBM/fp-go/v2/context/readerioresult/gen.go:1347.68,1368.2 1 0
github.com/IBM/fp-go/v2/context/readerioresult/gen.go:1381.68,1402.2 1 0
github.com/IBM/fp-go/v2/context/readerioresult/gen.go:1415.68,1436.2 1 0
github.com/IBM/fp-go/v2/context/readerioresult/gen.go:1439.322,1452.2 1 0
github.com/IBM/fp-go/v2/context/readerioresult/gen.go:1455.325,1468.2 1 0
github.com/IBM/fp-go/v2/context/readerioresult/gen.go:1471.325,1484.2 1 0
github.com/IBM/fp-go/v2/context/readerioresult/gen.go:1487.577,1488.132 1 0
github.com/IBM/fp-go/v2/context/readerioresult/gen.go:1488.132,1510.4 1 0
github.com/IBM/fp-go/v2/context/readerioresult/gen.go:1514.580,1515.132 1 0
github.com/IBM/fp-go/v2/context/readerioresult/gen.go:1515.132,1537.4 1 0
github.com/IBM/fp-go/v2/context/readerioresult/gen.go:1541.580,1542.132 1 0
github.com/IBM/fp-go/v2/context/readerioresult/gen.go:1542.132,1564.4 1 0
github.com/IBM/fp-go/v2/context/readerioresult/gen.go:1569.210,1571.2 1 0
github.com/IBM/fp-go/v2/context/readerioresult/gen.go:1575.212,1577.2 1 0
github.com/IBM/fp-go/v2/context/readerioresult/gen.go:1591.74,1614.2 1 0
github.com/IBM/fp-go/v2/context/readerioresult/gen.go:1628.74,1651.2 1 0
github.com/IBM/fp-go/v2/context/readerioresult/gen.go:1665.74,1688.2 1 0
github.com/IBM/fp-go/v2/context/readerioresult/gen.go:1691.356,1705.2 1 0
github.com/IBM/fp-go/v2/context/readerioresult/gen.go:1708.359,1722.2 1 0
github.com/IBM/fp-go/v2/context/readerioresult/gen.go:1725.359,1739.2 1 0
github.com/IBM/fp-go/v2/context/readerioresult/gen.go:1742.645,1743.144 1 0
github.com/IBM/fp-go/v2/context/readerioresult/gen.go:1743.144,1767.4 1 0
github.com/IBM/fp-go/v2/context/readerioresult/gen.go:1771.648,1772.144 1 0
github.com/IBM/fp-go/v2/context/readerioresult/gen.go:1772.144,1796.4 1 0
github.com/IBM/fp-go/v2/context/readerioresult/gen.go:1800.648,1801.144 1 0
github.com/IBM/fp-go/v2/context/readerioresult/gen.go:1801.144,1825.4 1 0
github.com/IBM/fp-go/v2/context/readerioresult/monoid.go:36.61,43.2 1 0
github.com/IBM/fp-go/v2/context/readerioresult/monoid.go:52.64,59.2 1 0
github.com/IBM/fp-go/v2/context/readerioresult/monoid.go:68.64,75.2 1 0
github.com/IBM/fp-go/v2/context/readerioresult/monoid.go:85.61,93.2 1 0
github.com/IBM/fp-go/v2/context/readerioresult/monoid.go:103.63,108.2 1 0
github.com/IBM/fp-go/v2/context/readerioresult/reader.go:42.55,44.2 1 1
github.com/IBM/fp-go/v2/context/readerioresult/reader.go:52.45,54.2 1 1
github.com/IBM/fp-go/v2/context/readerioresult/reader.go:62.42,64.2 1 1
github.com/IBM/fp-go/v2/context/readerioresult/reader.go:74.78,76.2 1 1
github.com/IBM/fp-go/v2/context/readerioresult/reader.go:85.75,87.2 1 1
github.com/IBM/fp-go/v2/context/readerioresult/reader.go:97.72,99.2 1 1
github.com/IBM/fp-go/v2/context/readerioresult/reader.go:108.69,110.2 1 0
github.com/IBM/fp-go/v2/context/readerioresult/reader.go:120.96,122.2 1 1
github.com/IBM/fp-go/v2/context/readerioresult/reader.go:131.93,133.2 1 1
github.com/IBM/fp-go/v2/context/readerioresult/reader.go:143.101,145.2 1 1
github.com/IBM/fp-go/v2/context/readerioresult/reader.go:154.71,156.2 1 0
github.com/IBM/fp-go/v2/context/readerioresult/reader.go:165.39,167.2 1 1
github.com/IBM/fp-go/v2/context/readerioresult/reader.go:169.93,173.56 1 1
github.com/IBM/fp-go/v2/context/readerioresult/reader.go:173.56,174.32 1 1
github.com/IBM/fp-go/v2/context/readerioresult/reader.go:174.32,174.47 1 1
github.com/IBM/fp-go/v2/context/readerioresult/reader.go:189.98,194.47 3 1
github.com/IBM/fp-go/v2/context/readerioresult/reader.go:194.47,196.44 1 1
github.com/IBM/fp-go/v2/context/readerioresult/reader.go:196.44,198.4 1 0
github.com/IBM/fp-go/v2/context/readerioresult/reader.go:200.3,200.27 1 1
github.com/IBM/fp-go/v2/context/readerioresult/reader.go:200.27,202.45 1 1
github.com/IBM/fp-go/v2/context/readerioresult/reader.go:202.45,204.5 1 0
github.com/IBM/fp-go/v2/context/readerioresult/reader.go:207.4,213.47 5 1
github.com/IBM/fp-go/v2/context/readerioresult/reader.go:227.95,229.17 1 1
github.com/IBM/fp-go/v2/context/readerioresult/reader.go:229.17,231.3 1 1
github.com/IBM/fp-go/v2/context/readerioresult/reader.go:232.2,232.28 1 0
github.com/IBM/fp-go/v2/context/readerioresult/reader.go:243.98,245.2 1 1
github.com/IBM/fp-go/v2/context/readerioresult/reader.go:254.91,256.2 1 1
github.com/IBM/fp-go/v2/context/readerioresult/reader.go:265.94,267.2 1 0
github.com/IBM/fp-go/v2/context/readerioresult/reader.go:276.94,278.2 1 0
github.com/IBM/fp-go/v2/context/readerioresult/reader.go:288.95,290.2 1 1
github.com/IBM/fp-go/v2/context/readerioresult/reader.go:299.73,301.2 1 0
github.com/IBM/fp-go/v2/context/readerioresult/reader.go:307.44,309.2 1 1
github.com/IBM/fp-go/v2/context/readerioresult/reader.go:319.95,321.2 1 1
github.com/IBM/fp-go/v2/context/readerioresult/reader.go:330.95,332.2 1 0
github.com/IBM/fp-go/v2/context/readerioresult/reader.go:342.100,344.2 1 1
github.com/IBM/fp-go/v2/context/readerioresult/reader.go:353.100,355.2 1 0
github.com/IBM/fp-go/v2/context/readerioresult/reader.go:364.116,366.2 1 1
github.com/IBM/fp-go/v2/context/readerioresult/reader.go:375.75,377.2 1 1
github.com/IBM/fp-go/v2/context/readerioresult/reader.go:386.47,388.2 1 1
github.com/IBM/fp-go/v2/context/readerioresult/reader.go:398.51,400.2 1 1
github.com/IBM/fp-go/v2/context/readerioresult/reader.go:406.39,407.47 1 1
github.com/IBM/fp-go/v2/context/readerioresult/reader.go:407.47,408.27 1 1
github.com/IBM/fp-go/v2/context/readerioresult/reader.go:408.27,411.4 2 1
github.com/IBM/fp-go/v2/context/readerioresult/reader.go:423.87,425.2 1 1
github.com/IBM/fp-go/v2/context/readerioresult/reader.go:434.87,436.2 1 0
github.com/IBM/fp-go/v2/context/readerioresult/reader.go:446.92,448.2 1 1
github.com/IBM/fp-go/v2/context/readerioresult/reader.go:457.92,459.2 1 1
github.com/IBM/fp-go/v2/context/readerioresult/reader.go:468.115,470.2 1 0
github.com/IBM/fp-go/v2/context/readerioresult/reader.go:479.85,480.54 1 1
github.com/IBM/fp-go/v2/context/readerioresult/reader.go:480.54,481.48 1 1
github.com/IBM/fp-go/v2/context/readerioresult/reader.go:481.48,482.28 1 1
github.com/IBM/fp-go/v2/context/readerioresult/reader.go:482.28,487.12 3 1
github.com/IBM/fp-go/v2/context/readerioresult/reader.go:488.30,489.22 1 1
github.com/IBM/fp-go/v2/context/readerioresult/reader.go:490.23,491.47 1 0
github.com/IBM/fp-go/v2/context/readerioresult/reader.go:505.59,511.2 1 1
github.com/IBM/fp-go/v2/context/readerioresult/reader.go:520.66,522.2 1 1
github.com/IBM/fp-go/v2/context/readerioresult/reader.go:531.83,533.2 1 1
github.com/IBM/fp-go/v2/context/readerioresult/reader.go:543.97,545.2 1 1
github.com/IBM/fp-go/v2/context/readerioresult/reader.go:554.64,556.2 1 0
github.com/IBM/fp-go/v2/context/readerioresult/reader.go:566.62,568.2 1 1
github.com/IBM/fp-go/v2/context/readerioresult/reader.go:577.78,579.2 1 1
github.com/IBM/fp-go/v2/context/readerioresult/reader.go:589.80,591.2 1 1
github.com/IBM/fp-go/v2/context/readerioresult/reader.go:600.76,602.2 1 0
github.com/IBM/fp-go/v2/context/readerioresult/reader.go:612.136,614.2 1 0
github.com/IBM/fp-go/v2/context/readerioresult/reader.go:623.91,625.2 1 0
github.com/IBM/fp-go/v2/context/readerioresult/reader.go:634.71,636.2 1 0
github.com/IBM/fp-go/v2/context/readerioresult/resource.go:58.151,63.2 1 1
github.com/IBM/fp-go/v2/context/readerioresult/semigroup.go:39.41,43.2 1 1
github.com/IBM/fp-go/v2/context/readerioresult/sync.go:46.78,54.2 1 0
github.com/IBM/fp-go/v2/context/readerioresult/traverse.go:31.89,39.2 1 1
github.com/IBM/fp-go/v2/context/readerioresult/traverse.go:48.103,56.2 1 0
github.com/IBM/fp-go/v2/context/readerioresult/traverse.go:65.71,67.2 1 1
github.com/IBM/fp-go/v2/context/readerioresult/traverse.go:75.112,83.2 1 1
github.com/IBM/fp-go/v2/context/readerioresult/traverse.go:92.124,100.2 1 0
github.com/IBM/fp-go/v2/context/readerioresult/traverse.go:108.94,110.2 1 1
github.com/IBM/fp-go/v2/context/readerioresult/traverse.go:120.95,128.2 1 0
github.com/IBM/fp-go/v2/context/readerioresult/traverse.go:137.92,145.2 1 0
github.com/IBM/fp-go/v2/context/readerioresult/traverse.go:148.106,156.2 1 0
github.com/IBM/fp-go/v2/context/readerioresult/traverse.go:165.74,167.2 1 0
github.com/IBM/fp-go/v2/context/readerioresult/traverse.go:170.118,178.2 1 0
github.com/IBM/fp-go/v2/context/readerioresult/traverse.go:181.115,189.2 1 0
github.com/IBM/fp-go/v2/context/readerioresult/traverse.go:192.127,200.2 1 0
github.com/IBM/fp-go/v2/context/readerioresult/traverse.go:203.97,205.2 1 0
github.com/IBM/fp-go/v2/context/readerioresult/traverse.go:215.95,223.2 1 0
github.com/IBM/fp-go/v2/context/readerioresult/traverse.go:232.92,240.2 1 0
github.com/IBM/fp-go/v2/context/readerioresult/traverse.go:243.106,251.2 1 0
github.com/IBM/fp-go/v2/context/readerioresult/traverse.go:260.74,262.2 1 0
github.com/IBM/fp-go/v2/context/readerioresult/traverse.go:265.115,273.2 1 0
github.com/IBM/fp-go/v2/context/readerioresult/traverse.go:276.127,284.2 1 0
github.com/IBM/fp-go/v2/context/readerioresult/traverse.go:287.118,295.2 1 0
github.com/IBM/fp-go/v2/context/readerioresult/traverse.go:304.97,306.2 1 0
