mode: set
github.com/IBM/fp-go/v2/function/bind.go:45.65,46.23 1 1
github.com/IBM/fp-go/v2/function/bind.go:46.23,48.3 1 1
github.com/IBM/fp-go/v2/function/bind.go:78.65,79.23 1 1
github.com/IBM/fp-go/v2/function/bind.go:79.23,81.3 1 1
github.com/IBM/fp-go/v2/function/bind.go:107.37,109.2 1 1
github.com/IBM/fp-go/v2/function/binds.go:10.64,11.31 1 0
github.com/IBM/fp-go/v2/function/binds.go:11.31,12.21 1 0
github.com/IBM/fp-go/v2/function/binds.go:12.21,14.6 1 0
github.com/IBM/fp-go/v2/function/binds.go:19.61,20.24 1 0
github.com/IBM/fp-go/v2/function/binds.go:20.24,22.4 1 0
github.com/IBM/fp-go/v2/function/binds.go:28.74,29.33 1 0
github.com/IBM/fp-go/v2/function/binds.go:29.33,30.26 1 0
github.com/IBM/fp-go/v2/function/binds.go:30.26,32.6 1 0
github.com/IBM/fp-go/v2/function/binds.go:37.71,38.31 1 0
github.com/IBM/fp-go/v2/function/binds.go:38.31,40.4 1 0
github.com/IBM/fp-go/v2/function/binds.go:45.74,46.33 1 0
github.com/IBM/fp-go/v2/function/binds.go:46.33,47.26 1 0
github.com/IBM/fp-go/v2/function/binds.go:47.26,49.6 1 0
github.com/IBM/fp-go/v2/function/binds.go:54.71,55.31 1 0
github.com/IBM/fp-go/v2/function/binds.go:55.31,57.4 1 0
github.com/IBM/fp-go/v2/function/binds.go:62.77,63.38 1 0
github.com/IBM/fp-go/v2/function/binds.go:63.38,64.21 1 0
github.com/IBM/fp-go/v2/function/binds.go:64.21,66.6 1 0
github.com/IBM/fp-go/v2/function/binds.go:71.70,72.31 1 0
github.com/IBM/fp-go/v2/function/binds.go:72.31,74.4 1 0
github.com/IBM/fp-go/v2/function/binds.go:80.86,81.37 1 0
github.com/IBM/fp-go/v2/function/binds.go:81.37,82.33 1 0
github.com/IBM/fp-go/v2/function/binds.go:82.33,84.6 1 0
github.com/IBM/fp-go/v2/function/binds.go:89.83,90.38 1 0
github.com/IBM/fp-go/v2/function/binds.go:90.38,92.4 1 0
github.com/IBM/fp-go/v2/function/binds.go:97.86,98.37 1 0
github.com/IBM/fp-go/v2/function/binds.go:98.37,99.33 1 0
github.com/IBM/fp-go/v2/function/binds.go:99.33,101.6 1 0
github.com/IBM/fp-go/v2/function/binds.go:106.83,107.38 1 0
github.com/IBM/fp-go/v2/function/binds.go:107.38,109.4 1 0
github.com/IBM/fp-go/v2/function/binds.go:114.86,115.37 1 0
github.com/IBM/fp-go/v2/function/binds.go:115.37,116.33 1 0
github.com/IBM/fp-go/v2/function/binds.go:116.33,118.6 1 0
github.com/IBM/fp-go/v2/function/binds.go:123.83,124.38 1 0
github.com/IBM/fp-go/v2/function/binds.go:124.38,126.4 1 0
github.com/IBM/fp-go/v2/function/binds.go:131.87,132.40 1 0
github.com/IBM/fp-go/v2/function/binds.go:132.40,133.26 1 0
github.com/IBM/fp-go/v2/function/binds.go:133.26,135.6 1 0
github.com/IBM/fp-go/v2/function/binds.go:140.80,141.38 1 0
github.com/IBM/fp-go/v2/function/binds.go:141.38,143.4 1 0
github.com/IBM/fp-go/v2/function/binds.go:148.87,149.40 1 0
github.com/IBM/fp-go/v2/function/binds.go:149.40,150.26 1 0
github.com/IBM/fp-go/v2/function/binds.go:150.26,152.6 1 0
github.com/IBM/fp-go/v2/function/binds.go:157.80,158.38 1 0
github.com/IBM/fp-go/v2/function/binds.go:158.38,160.4 1 0
github.com/IBM/fp-go/v2/function/binds.go:165.87,166.40 1 0
github.com/IBM/fp-go/v2/function/binds.go:166.40,167.26 1 0
github.com/IBM/fp-go/v2/function/binds.go:167.26,169.6 1 0
github.com/IBM/fp-go/v2/function/binds.go:174.80,175.38 1 0
github.com/IBM/fp-go/v2/function/binds.go:175.38,177.4 1 0
github.com/IBM/fp-go/v2/function/binds.go:182.90,183.45 1 0
github.com/IBM/fp-go/v2/function/binds.go:183.45,184.21 1 0
github.com/IBM/fp-go/v2/function/binds.go:184.21,186.6 1 0
github.com/IBM/fp-go/v2/function/binds.go:191.79,192.38 1 0
github.com/IBM/fp-go/v2/function/binds.go:192.38,194.4 1 0
github.com/IBM/fp-go/v2/function/binds.go:200.98,201.41 1 0
github.com/IBM/fp-go/v2/function/binds.go:201.41,202.40 1 0
github.com/IBM/fp-go/v2/function/binds.go:202.40,204.6 1 0
github.com/IBM/fp-go/v2/function/binds.go:209.95,210.45 1 0
github.com/IBM/fp-go/v2/function/binds.go:210.45,212.4 1 0
github.com/IBM/fp-go/v2/function/binds.go:217.98,218.41 1 0
github.com/IBM/fp-go/v2/function/binds.go:218.41,219.40 1 0
github.com/IBM/fp-go/v2/function/binds.go:219.40,221.6 1 0
github.com/IBM/fp-go/v2/function/binds.go:226.95,227.45 1 0
github.com/IBM/fp-go/v2/function/binds.go:227.45,229.4 1 0
github.com/IBM/fp-go/v2/function/binds.go:234.98,235.41 1 0
github.com/IBM/fp-go/v2/function/binds.go:235.41,236.40 1 0
github.com/IBM/fp-go/v2/function/binds.go:236.40,238.6 1 0
github.com/IBM/fp-go/v2/function/binds.go:243.95,244.45 1 0
github.com/IBM/fp-go/v2/function/binds.go:244.45,246.4 1 0
github.com/IBM/fp-go/v2/function/binds.go:251.98,252.41 1 0
github.com/IBM/fp-go/v2/function/binds.go:252.41,253.40 1 0
github.com/IBM/fp-go/v2/function/binds.go:253.40,255.6 1 0
github.com/IBM/fp-go/v2/function/binds.go:260.95,261.45 1 0
github.com/IBM/fp-go/v2/function/binds.go:261.45,263.4 1 0
github.com/IBM/fp-go/v2/function/binds.go:268.99,269.44 1 0
github.com/IBM/fp-go/v2/function/binds.go:269.44,270.33 1 0
github.com/IBM/fp-go/v2/function/binds.go:270.33,272.6 1 0
github.com/IBM/fp-go/v2/function/binds.go:277.92,278.45 1 0
github.com/IBM/fp-go/v2/function/binds.go:278.45,280.4 1 0
github.com/IBM/fp-go/v2/function/binds.go:285.99,286.44 1 0
github.com/IBM/fp-go/v2/function/binds.go:286.44,287.33 1 0
github.com/IBM/fp-go/v2/function/binds.go:287.33,289.6 1 0
github.com/IBM/fp-go/v2/function/binds.go:294.92,295.45 1 0
github.com/IBM/fp-go/v2/function/binds.go:295.45,297.4 1 0
github.com/IBM/fp-go/v2/function/binds.go:302.99,303.44 1 0
github.com/IBM/fp-go/v2/function/binds.go:303.44,304.33 1 0
github.com/IBM/fp-go/v2/function/binds.go:304.33,306.6 1 0
github.com/IBM/fp-go/v2/function/binds.go:311.92,312.45 1 0
github.com/IBM/fp-go/v2/function/binds.go:312.45,314.4 1 0
github.com/IBM/fp-go/v2/function/binds.go:319.99,320.44 1 0
github.com/IBM/fp-go/v2/function/binds.go:320.44,321.33 1 0
github.com/IBM/fp-go/v2/function/binds.go:321.33,323.6 1 0
github.com/IBM/fp-go/v2/function/binds.go:328.92,329.45 1 0
github.com/IBM/fp-go/v2/function/binds.go:329.45,331.4 1 0
github.com/IBM/fp-go/v2/function/binds.go:336.99,337.44 1 0
github.com/IBM/fp-go/v2/function/binds.go:337.44,338.33 1 0
github.com/IBM/fp-go/v2/function/binds.go:338.33,340.6 1 0
github.com/IBM/fp-go/v2/function/binds.go:345.92,346.45 1 0
github.com/IBM/fp-go/v2/function/binds.go:346.45,348.4 1 0
github.com/IBM/fp-go/v2/function/binds.go:353.99,354.44 1 0
github.com/IBM/fp-go/v2/function/binds.go:354.44,355.33 1 0
github.com/IBM/fp-go/v2/function/binds.go:355.33,357.6 1 0
github.com/IBM/fp-go/v2/function/binds.go:362.92,363.45 1 0
github.com/IBM/fp-go/v2/function/binds.go:363.45,365.4 1 0
github.com/IBM/fp-go/v2/function/binds.go:370.100,371.47 1 0
github.com/IBM/fp-go/v2/function/binds.go:371.47,372.26 1 0
github.com/IBM/fp-go/v2/function/binds.go:372.26,374.6 1 0
github.com/IBM/fp-go/v2/function/binds.go:379.89,380.45 1 0
github.com/IBM/fp-go/v2/function/binds.go:380.45,382.4 1 0
github.com/IBM/fp-go/v2/function/binds.go:387.100,388.47 1 0
github.com/IBM/fp-go/v2/function/binds.go:388.47,389.26 1 0
github.com/IBM/fp-go/v2/function/binds.go:389.26,391.6 1 0
github.com/IBM/fp-go/v2/function/binds.go:396.89,397.45 1 0
github.com/IBM/fp-go/v2/function/binds.go:397.45,399.4 1 0
github.com/IBM/fp-go/v2/function/binds.go:404.100,405.47 1 0
github.com/IBM/fp-go/v2/function/binds.go:405.47,406.26 1 0
github.com/IBM/fp-go/v2/function/binds.go:406.26,408.6 1 0
github.com/IBM/fp-go/v2/function/binds.go:413.89,414.45 1 0
github.com/IBM/fp-go/v2/function/binds.go:414.45,416.4 1 0
github.com/IBM/fp-go/v2/function/binds.go:421.100,422.47 1 0
github.com/IBM/fp-go/v2/function/binds.go:422.47,423.26 1 0
github.com/IBM/fp-go/v2/function/binds.go:423.26,425.6 1 0
github.com/IBM/fp-go/v2/function/binds.go:430.89,431.45 1 0
github.com/IBM/fp-go/v2/function/binds.go:431.45,433.4 1 0
github.com/IBM/fp-go/v2/function/binds.go:438.103,439.52 1 0
github.com/IBM/fp-go/v2/function/binds.go:439.52,440.21 1 0
github.com/IBM/fp-go/v2/function/binds.go:440.21,442.6 1 0
github.com/IBM/fp-go/v2/function/binds.go:447.88,448.45 1 0
github.com/IBM/fp-go/v2/function/binds.go:448.45,450.4 1 0
github.com/IBM/fp-go/v2/function/cache.go:23.58,25.2 1 1
github.com/IBM/fp-go/v2/function/cache.go:28.87,30.2 1 0
github.com/IBM/fp-go/v2/function/cache.go:34.113,36.2 1 1
github.com/IBM/fp-go/v2/function/cache.go:39.82,41.2 1 1
github.com/IBM/fp-go/v2/function/constants.go:83.27,85.2 1 1
github.com/IBM/fp-go/v2/function/flip.go:117.69,118.32 1 1
github.com/IBM/fp-go/v2/function/flip.go:118.32,119.24 1 1
github.com/IBM/fp-go/v2/function/flip.go:119.24,121.4 1 1
github.com/IBM/fp-go/v2/function/function.go:34.29,36.2 1 1
github.com/IBM/fp-go/v2/function/function.go:56.36,57.18 1 1
github.com/IBM/fp-go/v2/function/function.go:57.18,59.3 1 1
github.com/IBM/fp-go/v2/function/function.go:84.41,85.21 1 1
github.com/IBM/fp-go/v2/function/function.go:85.21,87.3 1 1
github.com/IBM/fp-go/v2/function/function.go:110.47,111.26 1 1
github.com/IBM/fp-go/v2/function/function.go:111.26,113.3 1 1
github.com/IBM/fp-go/v2/function/function.go:131.30,133.2 1 1
github.com/IBM/fp-go/v2/function/function.go:152.33,154.2 1 1
github.com/IBM/fp-go/v2/function/function.go:184.59,185.30 1 1
github.com/IBM/fp-go/v2/function/function.go:185.30,187.3 1 1
github.com/IBM/fp-go/v2/function/function.go:210.40,212.2 1 1
github.com/IBM/fp-go/v2/function/function.go:234.41,236.2 1 1
github.com/IBM/fp-go/v2/function/gen.go:10.30,12.2 1 0
github.com/IBM/fp-go/v2/function/gen.go:15.54,16.24 1 0
github.com/IBM/fp-go/v2/function/gen.go:16.24,18.3 1 0
github.com/IBM/fp-go/v2/function/gen.go:22.56,23.23 1 1
github.com/IBM/fp-go/v2/function/gen.go:23.23,25.3 1 1
github.com/IBM/fp-go/v2/function/gen.go:29.56,30.18 1 0
github.com/IBM/fp-go/v2/function/gen.go:30.18,32.3 1 0
github.com/IBM/fp-go/v2/function/gen.go:38.58,40.2 1 1
github.com/IBM/fp-go/v2/function/gen.go:45.60,46.24 1 0
github.com/IBM/fp-go/v2/function/gen.go:46.24,48.3 1 0
github.com/IBM/fp-go/v2/function/gen.go:52.55,53.19 1 0
github.com/IBM/fp-go/v2/function/gen.go:53.19,55.3 1 0
github.com/IBM/fp-go/v2/function/gen.go:60.62,61.24 1 0
github.com/IBM/fp-go/v2/function/gen.go:61.24,63.3 1 0
github.com/IBM/fp-go/v2/function/gen.go:68.64,69.24 1 0
github.com/IBM/fp-go/v2/function/gen.go:69.24,71.3 1 0
github.com/IBM/fp-go/v2/function/gen.go:75.66,76.31 1 0
github.com/IBM/fp-go/v2/function/gen.go:76.31,78.3 1 0
github.com/IBM/fp-go/v2/function/gen.go:82.68,83.30 1 0
github.com/IBM/fp-go/v2/function/gen.go:83.30,85.3 1 0
github.com/IBM/fp-go/v2/function/gen.go:89.57,90.22 1 0
github.com/IBM/fp-go/v2/function/gen.go:90.22,92.3 1 0
github.com/IBM/fp-go/v2/function/gen.go:98.86,100.2 1 0
github.com/IBM/fp-go/v2/function/gen.go:105.88,106.24 1 0
github.com/IBM/fp-go/v2/function/gen.go:106.24,108.3 1 0
github.com/IBM/fp-go/v2/function/gen.go:112.83,113.19 1 0
github.com/IBM/fp-go/v2/function/gen.go:113.19,115.3 1 0
github.com/IBM/fp-go/v2/function/gen.go:120.79,121.36 1 1
github.com/IBM/fp-go/v2/function/gen.go:121.36,122.25 1 1
github.com/IBM/fp-go/v2/function/gen.go:122.25,124.4 1 1
github.com/IBM/fp-go/v2/function/gen.go:130.81,131.31 1 0
github.com/IBM/fp-go/v2/function/gen.go:131.31,133.3 1 0
github.com/IBM/fp-go/v2/function/gen.go:137.78,138.38 1 0
github.com/IBM/fp-go/v2/function/gen.go:138.38,140.3 1 0
github.com/IBM/fp-go/v2/function/gen.go:144.80,145.37 1 0
github.com/IBM/fp-go/v2/function/gen.go:145.37,147.3 1 0
github.com/IBM/fp-go/v2/function/gen.go:151.60,152.26 1 1
github.com/IBM/fp-go/v2/function/gen.go:152.26,154.3 1 1
github.com/IBM/fp-go/v2/function/gen.go:160.114,162.2 1 1
github.com/IBM/fp-go/v2/function/gen.go:167.116,168.24 1 1
github.com/IBM/fp-go/v2/function/gen.go:168.24,170.3 1 1
github.com/IBM/fp-go/v2/function/gen.go:174.111,175.19 1 0
github.com/IBM/fp-go/v2/function/gen.go:175.19,177.3 1 0
github.com/IBM/fp-go/v2/function/gen.go:182.96,183.48 1 0
github.com/IBM/fp-go/v2/function/gen.go:183.48,184.37 1 0
github.com/IBM/fp-go/v2/function/gen.go:184.37,185.26 1 0
github.com/IBM/fp-go/v2/function/gen.go:185.26,187.5 1 0
github.com/IBM/fp-go/v2/function/gen.go:194.98,195.38 1 0
github.com/IBM/fp-go/v2/function/gen.go:195.38,197.3 1 0
github.com/IBM/fp-go/v2/function/gen.go:201.90,202.45 1 0
github.com/IBM/fp-go/v2/function/gen.go:202.45,204.3 1 0
github.com/IBM/fp-go/v2/function/gen.go:208.92,209.44 1 0
github.com/IBM/fp-go/v2/function/gen.go:209.44,211.3 1 0
github.com/IBM/fp-go/v2/function/gen.go:215.63,216.30 1 0
github.com/IBM/fp-go/v2/function/gen.go:216.30,218.3 1 0
github.com/IBM/fp-go/v2/function/gen.go:224.142,226.2 1 0
github.com/IBM/fp-go/v2/function/gen.go:231.144,232.24 1 0
github.com/IBM/fp-go/v2/function/gen.go:232.24,234.3 1 0
github.com/IBM/fp-go/v2/function/gen.go:238.139,239.19 1 0
github.com/IBM/fp-go/v2/function/gen.go:239.19,241.3 1 0
github.com/IBM/fp-go/v2/function/gen.go:246.113,247.60 1 0
github.com/IBM/fp-go/v2/function/gen.go:247.60,248.49 1 0
github.com/IBM/fp-go/v2/function/gen.go:248.49,249.38 1 0
github.com/IBM/fp-go/v2/function/gen.go:249.38,250.27 1 0
github.com/IBM/fp-go/v2/function/gen.go:250.27,252.6 1 0
github.com/IBM/fp-go/v2/function/gen.go:260.115,261.45 1 0
github.com/IBM/fp-go/v2/function/gen.go:261.45,263.3 1 0
github.com/IBM/fp-go/v2/function/gen.go:267.102,268.52 1 0
github.com/IBM/fp-go/v2/function/gen.go:268.52,270.3 1 0
github.com/IBM/fp-go/v2/function/gen.go:274.104,275.51 1 0
github.com/IBM/fp-go/v2/function/gen.go:275.51,277.3 1 0
github.com/IBM/fp-go/v2/function/gen.go:281.66,282.34 1 0
github.com/IBM/fp-go/v2/function/gen.go:282.34,284.3 1 0
github.com/IBM/fp-go/v2/function/gen.go:290.170,292.2 1 0
github.com/IBM/fp-go/v2/function/gen.go:297.172,298.24 1 0
github.com/IBM/fp-go/v2/function/gen.go:298.24,300.3 1 0
github.com/IBM/fp-go/v2/function/gen.go:304.167,305.19 1 0
github.com/IBM/fp-go/v2/function/gen.go:305.19,307.3 1 0
github.com/IBM/fp-go/v2/function/gen.go:312.130,313.72 1 0
github.com/IBM/fp-go/v2/function/gen.go:313.72,314.61 1 0
github.com/IBM/fp-go/v2/function/gen.go:314.61,315.50 1 0
github.com/IBM/fp-go/v2/function/gen.go:315.50,316.39 1 0
github.com/IBM/fp-go/v2/function/gen.go:316.39,317.28 1 0
github.com/IBM/fp-go/v2/function/gen.go:317.28,319.7 1 0
github.com/IBM/fp-go/v2/function/gen.go:328.132,329.52 1 0
github.com/IBM/fp-go/v2/function/gen.go:329.52,331.3 1 0
github.com/IBM/fp-go/v2/function/gen.go:335.114,336.59 1 0
github.com/IBM/fp-go/v2/function/gen.go:336.59,338.3 1 0
github.com/IBM/fp-go/v2/function/gen.go:342.116,343.58 1 0
github.com/IBM/fp-go/v2/function/gen.go:343.58,345.3 1 0
github.com/IBM/fp-go/v2/function/gen.go:349.69,350.38 1 0
github.com/IBM/fp-go/v2/function/gen.go:350.38,352.3 1 0
github.com/IBM/fp-go/v2/function/gen.go:358.198,360.2 1 0
github.com/IBM/fp-go/v2/function/gen.go:365.200,366.24 1 0
github.com/IBM/fp-go/v2/function/gen.go:366.24,368.3 1 0
github.com/IBM/fp-go/v2/function/gen.go:372.195,373.19 1 0
github.com/IBM/fp-go/v2/function/gen.go:373.19,375.3 1 0
github.com/IBM/fp-go/v2/function/gen.go:380.147,381.84 1 0
github.com/IBM/fp-go/v2/function/gen.go:381.84,382.73 1 0
github.com/IBM/fp-go/v2/function/gen.go:382.73,383.62 1 0
github.com/IBM/fp-go/v2/function/gen.go:383.62,384.51 1 0
github.com/IBM/fp-go/v2/function/gen.go:384.51,385.40 1 0
github.com/IBM/fp-go/v2/function/gen.go:385.40,386.29 1 0
github.com/IBM/fp-go/v2/function/gen.go:386.29,388.8 1 0
github.com/IBM/fp-go/v2/function/gen.go:398.149,399.59 1 0
github.com/IBM/fp-go/v2/function/gen.go:399.59,401.3 1 0
github.com/IBM/fp-go/v2/function/gen.go:405.126,406.66 1 0
github.com/IBM/fp-go/v2/function/gen.go:406.66,408.3 1 0
github.com/IBM/fp-go/v2/function/gen.go:412.128,413.65 1 0
github.com/IBM/fp-go/v2/function/gen.go:413.65,415.3 1 0
github.com/IBM/fp-go/v2/function/gen.go:419.72,420.42 1 0
github.com/IBM/fp-go/v2/function/gen.go:420.42,422.3 1 0
github.com/IBM/fp-go/v2/function/gen.go:428.226,430.2 1 0
github.com/IBM/fp-go/v2/function/gen.go:435.228,436.24 1 0
github.com/IBM/fp-go/v2/function/gen.go:436.24,438.3 1 0
github.com/IBM/fp-go/v2/function/gen.go:442.223,443.19 1 0
github.com/IBM/fp-go/v2/function/gen.go:443.19,445.3 1 0
github.com/IBM/fp-go/v2/function/gen.go:450.164,451.96 1 0
github.com/IBM/fp-go/v2/function/gen.go:451.96,452.85 1 0
github.com/IBM/fp-go/v2/function/gen.go:452.85,453.74 1 0
github.com/IBM/fp-go/v2/function/gen.go:453.74,454.63 1 0
github.com/IBM/fp-go/v2/function/gen.go:454.63,455.52 1 0
github.com/IBM/fp-go/v2/function/gen.go:455.52,456.41 1 0
github.com/IBM/fp-go/v2/function/gen.go:456.41,457.30 1 0
github.com/IBM/fp-go/v2/function/gen.go:457.30,459.9 1 0
github.com/IBM/fp-go/v2/function/gen.go:470.166,471.66 1 0
github.com/IBM/fp-go/v2/function/gen.go:471.66,473.3 1 0
github.com/IBM/fp-go/v2/function/gen.go:477.138,478.73 1 0
github.com/IBM/fp-go/v2/function/gen.go:478.73,480.3 1 0
github.com/IBM/fp-go/v2/function/gen.go:484.140,485.72 1 0
github.com/IBM/fp-go/v2/function/gen.go:485.72,487.3 1 0
github.com/IBM/fp-go/v2/function/gen.go:491.75,492.46 1 0
github.com/IBM/fp-go/v2/function/gen.go:492.46,494.3 1 0
github.com/IBM/fp-go/v2/function/gen.go:500.254,502.2 1 0
github.com/IBM/fp-go/v2/function/gen.go:507.256,508.24 1 0
github.com/IBM/fp-go/v2/function/gen.go:508.24,510.3 1 0
github.com/IBM/fp-go/v2/function/gen.go:514.251,515.19 1 0
github.com/IBM/fp-go/v2/function/gen.go:515.19,517.3 1 0
github.com/IBM/fp-go/v2/function/gen.go:522.181,523.108 1 0
github.com/IBM/fp-go/v2/function/gen.go:523.108,524.97 1 0
github.com/IBM/fp-go/v2/function/gen.go:524.97,525.86 1 0
github.com/IBM/fp-go/v2/function/gen.go:525.86,526.75 1 0
github.com/IBM/fp-go/v2/function/gen.go:526.75,527.64 1 0
github.com/IBM/fp-go/v2/function/gen.go:527.64,528.53 1 0
github.com/IBM/fp-go/v2/function/gen.go:528.53,529.42 1 0
github.com/IBM/fp-go/v2/function/gen.go:529.42,530.31 1 0
github.com/IBM/fp-go/v2/function/gen.go:530.31,532.10 1 0
github.com/IBM/fp-go/v2/function/gen.go:544.183,545.73 1 0
github.com/IBM/fp-go/v2/function/gen.go:545.73,547.3 1 0
github.com/IBM/fp-go/v2/function/gen.go:551.150,552.80 1 0
github.com/IBM/fp-go/v2/function/gen.go:552.80,554.3 1 0
github.com/IBM/fp-go/v2/function/gen.go:558.152,559.79 1 0
github.com/IBM/fp-go/v2/function/gen.go:559.79,561.3 1 0
github.com/IBM/fp-go/v2/function/gen.go:565.78,566.50 1 0
github.com/IBM/fp-go/v2/function/gen.go:566.50,568.3 1 0
github.com/IBM/fp-go/v2/function/gen.go:574.282,576.2 1 0
github.com/IBM/fp-go/v2/function/gen.go:581.284,582.24 1 0
github.com/IBM/fp-go/v2/function/gen.go:582.24,584.3 1 0
github.com/IBM/fp-go/v2/function/gen.go:588.279,589.19 1 0
github.com/IBM/fp-go/v2/function/gen.go:589.19,591.3 1 0
github.com/IBM/fp-go/v2/function/gen.go:596.198,597.120 1 0
github.com/IBM/fp-go/v2/function/gen.go:597.120,598.109 1 0
github.com/IBM/fp-go/v2/function/gen.go:598.109,599.98 1 0
github.com/IBM/fp-go/v2/function/gen.go:599.98,600.87 1 0
github.com/IBM/fp-go/v2/function/gen.go:600.87,601.76 1 0
github.com/IBM/fp-go/v2/function/gen.go:601.76,602.65 1 0
github.com/IBM/fp-go/v2/function/gen.go:602.65,603.54 1 0
github.com/IBM/fp-go/v2/function/gen.go:603.54,604.43 1 0
github.com/IBM/fp-go/v2/function/gen.go:604.43,605.32 1 0
github.com/IBM/fp-go/v2/function/gen.go:605.32,607.11 1 0
github.com/IBM/fp-go/v2/function/gen.go:620.200,621.80 1 0
github.com/IBM/fp-go/v2/function/gen.go:621.80,623.3 1 0
github.com/IBM/fp-go/v2/function/gen.go:627.162,628.87 1 0
github.com/IBM/fp-go/v2/function/gen.go:628.87,630.3 1 0
github.com/IBM/fp-go/v2/function/gen.go:634.164,635.86 1 0
github.com/IBM/fp-go/v2/function/gen.go:635.86,637.3 1 0
github.com/IBM/fp-go/v2/function/gen.go:641.81,642.54 1 0
github.com/IBM/fp-go/v2/function/gen.go:642.54,644.3 1 0
github.com/IBM/fp-go/v2/function/gen.go:650.317,652.2 1 0
github.com/IBM/fp-go/v2/function/gen.go:657.319,658.25 1 0
github.com/IBM/fp-go/v2/function/gen.go:658.25,660.3 1 0
github.com/IBM/fp-go/v2/function/gen.go:664.314,665.20 1 0
github.com/IBM/fp-go/v2/function/gen.go:665.20,667.3 1 0
github.com/IBM/fp-go/v2/function/gen.go:672.219,673.133 1 0
github.com/IBM/fp-go/v2/function/gen.go:673.133,674.122 1 0
github.com/IBM/fp-go/v2/function/gen.go:674.122,675.111 1 0
github.com/IBM/fp-go/v2/function/gen.go:675.111,676.100 1 0
github.com/IBM/fp-go/v2/function/gen.go:676.100,677.89 1 0
github.com/IBM/fp-go/v2/function/gen.go:677.89,678.78 1 0
github.com/IBM/fp-go/v2/function/gen.go:678.78,679.67 1 0
github.com/IBM/fp-go/v2/function/gen.go:679.67,680.56 1 0
github.com/IBM/fp-go/v2/function/gen.go:680.56,681.45 1 0
github.com/IBM/fp-go/v2/function/gen.go:681.45,682.34 1 0
github.com/IBM/fp-go/v2/function/gen.go:682.34,684.12 1 0
github.com/IBM/fp-go/v2/function/gen.go:698.221,699.88 1 0
github.com/IBM/fp-go/v2/function/gen.go:699.88,701.3 1 0
github.com/IBM/fp-go/v2/function/gen.go:705.178,706.96 1 0
github.com/IBM/fp-go/v2/function/gen.go:706.96,708.3 1 0
github.com/IBM/fp-go/v2/function/gen.go:712.180,713.95 1 0
github.com/IBM/fp-go/v2/function/gen.go:713.95,715.3 1 0
github.com/IBM/fp-go/v2/function/gen.go:719.85,720.59 1 0
github.com/IBM/fp-go/v2/function/gen.go:720.59,722.3 1 0
github.com/IBM/fp-go/v2/function/gen.go:728.351,730.2 1 0
github.com/IBM/fp-go/v2/function/gen.go:735.353,736.25 1 0
github.com/IBM/fp-go/v2/function/gen.go:736.25,738.3 1 0
github.com/IBM/fp-go/v2/function/gen.go:742.348,743.20 1 0
github.com/IBM/fp-go/v2/function/gen.go:743.20,745.3 1 0
github.com/IBM/fp-go/v2/function/gen.go:750.239,751.147 1 0
github.com/IBM/fp-go/v2/function/gen.go:751.147,752.136 1 0
github.com/IBM/fp-go/v2/function/gen.go:752.136,753.125 1 0
github.com/IBM/fp-go/v2/function/gen.go:753.125,754.114 1 0
github.com/IBM/fp-go/v2/function/gen.go:754.114,755.103 1 0
github.com/IBM/fp-go/v2/function/gen.go:755.103,756.92 1 0
github.com/IBM/fp-go/v2/function/gen.go:756.92,757.81 1 0
github.com/IBM/fp-go/v2/function/gen.go:757.81,758.70 1 0
github.com/IBM/fp-go/v2/function/gen.go:758.70,759.59 1 0
github.com/IBM/fp-go/v2/function/gen.go:759.59,760.48 1 0
github.com/IBM/fp-go/v2/function/gen.go:760.48,761.37 1 0
github.com/IBM/fp-go/v2/function/gen.go:761.37,763.13 1 0
github.com/IBM/fp-go/v2/function/gen.go:778.241,779.97 1 0
github.com/IBM/fp-go/v2/function/gen.go:779.97,781.3 1 0
github.com/IBM/fp-go/v2/function/gen.go:785.193,786.105 1 0
github.com/IBM/fp-go/v2/function/gen.go:786.105,788.3 1 0
github.com/IBM/fp-go/v2/function/gen.go:792.195,793.104 1 0
github.com/IBM/fp-go/v2/function/gen.go:793.104,795.3 1 0
github.com/IBM/fp-go/v2/function/gen.go:799.88,800.64 1 0
github.com/IBM/fp-go/v2/function/gen.go:800.64,802.3 1 0
github.com/IBM/fp-go/v2/function/gen.go:808.385,810.2 1 0
github.com/IBM/fp-go/v2/function/gen.go:815.387,816.25 1 0
github.com/IBM/fp-go/v2/function/gen.go:816.25,818.3 1 0
github.com/IBM/fp-go/v2/function/gen.go:822.382,823.20 1 0
github.com/IBM/fp-go/v2/function/gen.go:823.20,825.3 1 0
github.com/IBM/fp-go/v2/function/gen.go:830.259,831.161 1 0
github.com/IBM/fp-go/v2/function/gen.go:831.161,832.150 1 0
github.com/IBM/fp-go/v2/function/gen.go:832.150,833.139 1 0
github.com/IBM/fp-go/v2/function/gen.go:833.139,834.128 1 0
github.com/IBM/fp-go/v2/function/gen.go:834.128,835.117 1 0
github.com/IBM/fp-go/v2/function/gen.go:835.117,836.106 1 0
github.com/IBM/fp-go/v2/function/gen.go:836.106,837.95 1 0
github.com/IBM/fp-go/v2/function/gen.go:837.95,838.84 1 0
github.com/IBM/fp-go/v2/function/gen.go:838.84,839.73 1 0
github.com/IBM/fp-go/v2/function/gen.go:839.73,840.62 1 0
github.com/IBM/fp-go/v2/function/gen.go:840.62,841.51 1 0
github.com/IBM/fp-go/v2/function/gen.go:841.51,842.38 1 0
github.com/IBM/fp-go/v2/function/gen.go:842.38,844.14 1 0
github.com/IBM/fp-go/v2/function/gen.go:860.261,861.106 1 0
github.com/IBM/fp-go/v2/function/gen.go:861.106,863.3 1 0
github.com/IBM/fp-go/v2/function/gen.go:867.208,868.114 1 0
github.com/IBM/fp-go/v2/function/gen.go:868.114,870.3 1 0
github.com/IBM/fp-go/v2/function/gen.go:874.210,875.113 1 0
github.com/IBM/fp-go/v2/function/gen.go:875.113,877.3 1 0
github.com/IBM/fp-go/v2/function/gen.go:881.91,882.69 1 0
github.com/IBM/fp-go/v2/function/gen.go:882.69,884.3 1 0
github.com/IBM/fp-go/v2/function/gen.go:890.419,892.2 1 0
github.com/IBM/fp-go/v2/function/gen.go:897.421,898.25 1 0
github.com/IBM/fp-go/v2/function/gen.go:898.25,900.3 1 0
github.com/IBM/fp-go/v2/function/gen.go:904.416,905.20 1 0
github.com/IBM/fp-go/v2/function/gen.go:905.20,907.3 1 0
github.com/IBM/fp-go/v2/function/gen.go:912.279,913.175 1 0
github.com/IBM/fp-go/v2/function/gen.go:913.175,914.164 1 0
github.com/IBM/fp-go/v2/function/gen.go:914.164,915.153 1 0
github.com/IBM/fp-go/v2/function/gen.go:915.153,916.142 1 0
github.com/IBM/fp-go/v2/function/gen.go:916.142,917.131 1 0
github.com/IBM/fp-go/v2/function/gen.go:917.131,918.120 1 0
github.com/IBM/fp-go/v2/function/gen.go:918.120,919.109 1 0
github.com/IBM/fp-go/v2/function/gen.go:919.109,920.98 1 0
github.com/IBM/fp-go/v2/function/gen.go:920.98,921.87 1 0
github.com/IBM/fp-go/v2/function/gen.go:921.87,922.76 1 0
github.com/IBM/fp-go/v2/function/gen.go:922.76,923.65 1 0
github.com/IBM/fp-go/v2/function/gen.go:923.65,924.52 1 0
github.com/IBM/fp-go/v2/function/gen.go:924.52,925.39 1 0
github.com/IBM/fp-go/v2/function/gen.go:925.39,927.15 1 0
github.com/IBM/fp-go/v2/function/gen.go:944.281,945.115 1 0
github.com/IBM/fp-go/v2/function/gen.go:945.115,947.3 1 0
github.com/IBM/fp-go/v2/function/gen.go:951.223,952.123 1 0
github.com/IBM/fp-go/v2/function/gen.go:952.123,954.3 1 0
github.com/IBM/fp-go/v2/function/gen.go:958.225,959.122 1 0
github.com/IBM/fp-go/v2/function/gen.go:959.122,961.3 1 0
github.com/IBM/fp-go/v2/function/gen.go:965.94,966.74 1 0
github.com/IBM/fp-go/v2/function/gen.go:966.74,968.3 1 0
github.com/IBM/fp-go/v2/function/gen.go:974.453,976.2 1 0
github.com/IBM/fp-go/v2/function/gen.go:981.455,982.25 1 0
github.com/IBM/fp-go/v2/function/gen.go:982.25,984.3 1 0
github.com/IBM/fp-go/v2/function/gen.go:988.450,989.20 1 0
github.com/IBM/fp-go/v2/function/gen.go:989.20,991.3 1 0
github.com/IBM/fp-go/v2/function/gen.go:996.299,997.189 1 0
github.com/IBM/fp-go/v2/function/gen.go:997.189,998.178 1 0
github.com/IBM/fp-go/v2/function/gen.go:998.178,999.167 1 0
github.com/IBM/fp-go/v2/function/gen.go:999.167,1000.156 1 0
github.com/IBM/fp-go/v2/function/gen.go:1000.156,1001.145 1 0
github.com/IBM/fp-go/v2/function/gen.go:1001.145,1002.134 1 0
github.com/IBM/fp-go/v2/function/gen.go:1002.134,1003.123 1 0
github.com/IBM/fp-go/v2/function/gen.go:1003.123,1004.112 1 0
github.com/IBM/fp-go/v2/function/gen.go:1004.112,1005.101 1 0
github.com/IBM/fp-go/v2/function/gen.go:1005.101,1006.90 1 0
github.com/IBM/fp-go/v2/function/gen.go:1006.90,1007.79 1 0
github.com/IBM/fp-go/v2/function/gen.go:1007.79,1008.66 1 0
github.com/IBM/fp-go/v2/function/gen.go:1008.66,1009.53 1 0
github.com/IBM/fp-go/v2/function/gen.go:1009.53,1010.40 1 0
github.com/IBM/fp-go/v2/function/gen.go:1010.40,1012.16 1 0
github.com/IBM/fp-go/v2/function/gen.go:1030.301,1031.124 1 0
github.com/IBM/fp-go/v2/function/gen.go:1031.124,1033.3 1 0
github.com/IBM/fp-go/v2/function/gen.go:1037.238,1038.132 1 0
github.com/IBM/fp-go/v2/function/gen.go:1038.132,1040.3 1 0
github.com/IBM/fp-go/v2/function/gen.go:1044.240,1045.131 1 0
github.com/IBM/fp-go/v2/function/gen.go:1045.131,1047.3 1 0
github.com/IBM/fp-go/v2/function/gen.go:1051.97,1052.79 1 0
github.com/IBM/fp-go/v2/function/gen.go:1052.79,1054.3 1 0
github.com/IBM/fp-go/v2/function/gen.go:1060.487,1062.2 1 0
github.com/IBM/fp-go/v2/function/gen.go:1067.489,1068.25 1 0
github.com/IBM/fp-go/v2/function/gen.go:1068.25,1070.3 1 0
github.com/IBM/fp-go/v2/function/gen.go:1074.484,1075.20 1 0
github.com/IBM/fp-go/v2/function/gen.go:1075.20,1077.3 1 0
github.com/IBM/fp-go/v2/function/gen.go:1082.319,1083.203 1 0
github.com/IBM/fp-go/v2/function/gen.go:1083.203,1084.192 1 0
github.com/IBM/fp-go/v2/function/gen.go:1084.192,1085.181 1 0
github.com/IBM/fp-go/v2/function/gen.go:1085.181,1086.170 1 0
github.com/IBM/fp-go/v2/function/gen.go:1086.170,1087.159 1 0
github.com/IBM/fp-go/v2/function/gen.go:1087.159,1088.148 1 0
github.com/IBM/fp-go/v2/function/gen.go:1088.148,1089.137 1 0
github.com/IBM/fp-go/v2/function/gen.go:1089.137,1090.126 1 0
github.com/IBM/fp-go/v2/function/gen.go:1090.126,1091.115 1 0
github.com/IBM/fp-go/v2/function/gen.go:1091.115,1092.104 1 0
github.com/IBM/fp-go/v2/function/gen.go:1092.104,1093.93 1 0
github.com/IBM/fp-go/v2/function/gen.go:1093.93,1094.80 1 0
github.com/IBM/fp-go/v2/function/gen.go:1094.80,1095.67 1 0
github.com/IBM/fp-go/v2/function/gen.go:1095.67,1096.54 1 0
github.com/IBM/fp-go/v2/function/gen.go:1096.54,1097.41 1 0
github.com/IBM/fp-go/v2/function/gen.go:1097.41,1099.17 1 0
github.com/IBM/fp-go/v2/function/gen.go:1118.321,1119.133 1 0
github.com/IBM/fp-go/v2/function/gen.go:1119.133,1121.3 1 0
github.com/IBM/fp-go/v2/function/gen.go:1125.253,1126.141 1 0
github.com/IBM/fp-go/v2/function/gen.go:1126.141,1128.3 1 0
github.com/IBM/fp-go/v2/function/gen.go:1132.255,1133.140 1 0
github.com/IBM/fp-go/v2/function/gen.go:1133.140,1135.3 1 0
github.com/IBM/fp-go/v2/function/gen.go:1139.100,1140.84 1 0
github.com/IBM/fp-go/v2/function/gen.go:1140.84,1142.3 1 0
github.com/IBM/fp-go/v2/function/gen.go:1148.521,1150.2 1 0
github.com/IBM/fp-go/v2/function/gen.go:1155.523,1156.25 1 0
github.com/IBM/fp-go/v2/function/gen.go:1156.25,1158.3 1 0
github.com/IBM/fp-go/v2/function/gen.go:1162.518,1163.20 1 0
github.com/IBM/fp-go/v2/function/gen.go:1163.20,1165.3 1 0
github.com/IBM/fp-go/v2/function/gen.go:1170.339,1171.217 1 0
github.com/IBM/fp-go/v2/function/gen.go:1171.217,1172.206 1 0
github.com/IBM/fp-go/v2/function/gen.go:1172.206,1173.195 1 0
github.com/IBM/fp-go/v2/function/gen.go:1173.195,1174.184 1 0
github.com/IBM/fp-go/v2/function/gen.go:1174.184,1175.173 1 0
github.com/IBM/fp-go/v2/function/gen.go:1175.173,1176.162 1 0
github.com/IBM/fp-go/v2/function/gen.go:1176.162,1177.151 1 0
github.com/IBM/fp-go/v2/function/gen.go:1177.151,1178.140 1 0
github.com/IBM/fp-go/v2/function/gen.go:1178.140,1179.129 1 0
github.com/IBM/fp-go/v2/function/gen.go:1179.129,1180.118 1 0
github.com/IBM/fp-go/v2/function/gen.go:1180.118,1181.107 1 0
github.com/IBM/fp-go/v2/function/gen.go:1181.107,1182.94 1 0
github.com/IBM/fp-go/v2/function/gen.go:1182.94,1183.81 1 0
github.com/IBM/fp-go/v2/function/gen.go:1183.81,1184.68 1 0
github.com/IBM/fp-go/v2/function/gen.go:1184.68,1185.55 1 0
github.com/IBM/fp-go/v2/function/gen.go:1185.55,1186.42 1 0
github.com/IBM/fp-go/v2/function/gen.go:1186.42,1188.18 1 0
github.com/IBM/fp-go/v2/function/gen.go:1208.341,1209.142 1 0
github.com/IBM/fp-go/v2/function/gen.go:1209.142,1211.3 1 0
github.com/IBM/fp-go/v2/function/gen.go:1215.268,1216.150 1 0
github.com/IBM/fp-go/v2/function/gen.go:1216.150,1218.3 1 0
github.com/IBM/fp-go/v2/function/gen.go:1222.270,1223.149 1 0
github.com/IBM/fp-go/v2/function/gen.go:1223.149,1225.3 1 0
github.com/IBM/fp-go/v2/function/gen.go:1229.103,1230.89 1 0
github.com/IBM/fp-go/v2/function/gen.go:1230.89,1232.3 1 0
github.com/IBM/fp-go/v2/function/gen.go:1238.555,1240.2 1 0
github.com/IBM/fp-go/v2/function/gen.go:1245.557,1246.25 1 0
github.com/IBM/fp-go/v2/function/gen.go:1246.25,1248.3 1 0
github.com/IBM/fp-go/v2/function/gen.go:1252.552,1253.20 1 0
github.com/IBM/fp-go/v2/function/gen.go:1253.20,1255.3 1 0
github.com/IBM/fp-go/v2/function/gen.go:1260.359,1261.231 1 0
github.com/IBM/fp-go/v2/function/gen.go:1261.231,1262.220 1 0
github.com/IBM/fp-go/v2/function/gen.go:1262.220,1263.209 1 0
github.com/IBM/fp-go/v2/function/gen.go:1263.209,1264.198 1 0
github.com/IBM/fp-go/v2/function/gen.go:1264.198,1265.187 1 0
github.com/IBM/fp-go/v2/function/gen.go:1265.187,1266.176 1 0
github.com/IBM/fp-go/v2/function/gen.go:1266.176,1267.165 1 0
github.com/IBM/fp-go/v2/function/gen.go:1267.165,1268.154 1 0
github.com/IBM/fp-go/v2/function/gen.go:1268.154,1269.143 1 0
github.com/IBM/fp-go/v2/function/gen.go:1269.143,1270.132 1 0
github.com/IBM/fp-go/v2/function/gen.go:1270.132,1271.121 1 0
github.com/IBM/fp-go/v2/function/gen.go:1271.121,1272.108 1 0
github.com/IBM/fp-go/v2/function/gen.go:1272.108,1273.95 1 0
github.com/IBM/fp-go/v2/function/gen.go:1273.95,1274.82 1 0
github.com/IBM/fp-go/v2/function/gen.go:1274.82,1275.69 1 0
github.com/IBM/fp-go/v2/function/gen.go:1275.69,1276.56 1 0
github.com/IBM/fp-go/v2/function/gen.go:1276.56,1277.43 1 0
github.com/IBM/fp-go/v2/function/gen.go:1277.43,1279.19 1 0
github.com/IBM/fp-go/v2/function/gen.go:1300.361,1301.151 1 0
github.com/IBM/fp-go/v2/function/gen.go:1301.151,1303.3 1 0
github.com/IBM/fp-go/v2/function/gen.go:1307.283,1308.159 1 0
github.com/IBM/fp-go/v2/function/gen.go:1308.159,1310.3 1 0
github.com/IBM/fp-go/v2/function/gen.go:1314.285,1315.158 1 0
github.com/IBM/fp-go/v2/function/gen.go:1315.158,1317.3 1 0
github.com/IBM/fp-go/v2/function/gen.go:1321.106,1322.94 1 0
github.com/IBM/fp-go/v2/function/gen.go:1322.94,1324.3 1 0
github.com/IBM/fp-go/v2/function/gen.go:1330.589,1332.2 1 0
github.com/IBM/fp-go/v2/function/gen.go:1337.591,1338.25 1 0
github.com/IBM/fp-go/v2/function/gen.go:1338.25,1340.3 1 0
github.com/IBM/fp-go/v2/function/gen.go:1344.586,1345.20 1 0
github.com/IBM/fp-go/v2/function/gen.go:1345.20,1347.3 1 0
github.com/IBM/fp-go/v2/function/gen.go:1352.379,1353.245 1 0
github.com/IBM/fp-go/v2/function/gen.go:1353.245,1354.234 1 0
github.com/IBM/fp-go/v2/function/gen.go:1354.234,1355.223 1 0
github.com/IBM/fp-go/v2/function/gen.go:1355.223,1356.212 1 0
github.com/IBM/fp-go/v2/function/gen.go:1356.212,1357.201 1 0
github.com/IBM/fp-go/v2/function/gen.go:1357.201,1358.190 1 0
github.com/IBM/fp-go/v2/function/gen.go:1358.190,1359.179 1 0
github.com/IBM/fp-go/v2/function/gen.go:1359.179,1360.168 1 0
github.com/IBM/fp-go/v2/function/gen.go:1360.168,1361.157 1 0
github.com/IBM/fp-go/v2/function/gen.go:1361.157,1362.146 1 0
github.com/IBM/fp-go/v2/function/gen.go:1362.146,1363.135 1 0
github.com/IBM/fp-go/v2/function/gen.go:1363.135,1364.122 1 0
github.com/IBM/fp-go/v2/function/gen.go:1364.122,1365.109 1 0
github.com/IBM/fp-go/v2/function/gen.go:1365.109,1366.96 1 0
github.com/IBM/fp-go/v2/function/gen.go:1366.96,1367.83 1 0
github.com/IBM/fp-go/v2/function/gen.go:1367.83,1368.70 1 0
github.com/IBM/fp-go/v2/function/gen.go:1368.70,1369.57 1 0
github.com/IBM/fp-go/v2/function/gen.go:1369.57,1370.44 1 0
github.com/IBM/fp-go/v2/function/gen.go:1370.44,1372.20 1 0
github.com/IBM/fp-go/v2/function/gen.go:1394.381,1395.160 1 0
github.com/IBM/fp-go/v2/function/gen.go:1395.160,1397.3 1 0
github.com/IBM/fp-go/v2/function/gen.go:1401.298,1402.168 1 0
github.com/IBM/fp-go/v2/function/gen.go:1402.168,1404.3 1 0
github.com/IBM/fp-go/v2/function/gen.go:1408.300,1409.167 1 0
github.com/IBM/fp-go/v2/function/gen.go:1409.167,1411.3 1 0
github.com/IBM/fp-go/v2/function/gen.go:1415.109,1416.99 1 0
github.com/IBM/fp-go/v2/function/gen.go:1416.99,1418.3 1 0
github.com/IBM/fp-go/v2/function/gen.go:1424.623,1426.2 1 0
github.com/IBM/fp-go/v2/function/gen.go:1431.625,1432.25 1 0
github.com/IBM/fp-go/v2/function/gen.go:1432.25,1434.3 1 0
github.com/IBM/fp-go/v2/function/gen.go:1438.620,1439.20 1 0
github.com/IBM/fp-go/v2/function/gen.go:1439.20,1441.3 1 0
github.com/IBM/fp-go/v2/function/gen.go:1446.399,1447.259 1 0
github.com/IBM/fp-go/v2/function/gen.go:1447.259,1448.248 1 0
github.com/IBM/fp-go/v2/function/gen.go:1448.248,1449.237 1 0
github.com/IBM/fp-go/v2/function/gen.go:1449.237,1450.226 1 0
github.com/IBM/fp-go/v2/function/gen.go:1450.226,1451.215 1 0
github.com/IBM/fp-go/v2/function/gen.go:1451.215,1452.204 1 0
github.com/IBM/fp-go/v2/function/gen.go:1452.204,1453.193 1 0
github.com/IBM/fp-go/v2/function/gen.go:1453.193,1454.182 1 0
github.com/IBM/fp-go/v2/function/gen.go:1454.182,1455.171 1 0
github.com/IBM/fp-go/v2/function/gen.go:1455.171,1456.160 1 0
github.com/IBM/fp-go/v2/function/gen.go:1456.160,1457.149 1 0
github.com/IBM/fp-go/v2/function/gen.go:1457.149,1458.136 1 0
github.com/IBM/fp-go/v2/function/gen.go:1458.136,1459.123 1 0
github.com/IBM/fp-go/v2/function/gen.go:1459.123,1460.110 1 0
github.com/IBM/fp-go/v2/function/gen.go:1460.110,1461.97 1 0
github.com/IBM/fp-go/v2/function/gen.go:1461.97,1462.84 1 0
github.com/IBM/fp-go/v2/function/gen.go:1462.84,1463.71 1 0
github.com/IBM/fp-go/v2/function/gen.go:1463.71,1464.58 1 0
github.com/IBM/fp-go/v2/function/gen.go:1464.58,1465.45 1 0
github.com/IBM/fp-go/v2/function/gen.go:1465.45,1467.21 1 0
github.com/IBM/fp-go/v2/function/gen.go:1490.401,1491.169 1 0
github.com/IBM/fp-go/v2/function/gen.go:1491.169,1493.3 1 0
github.com/IBM/fp-go/v2/function/gen.go:1497.313,1498.177 1 0
github.com/IBM/fp-go/v2/function/gen.go:1498.177,1500.3 1 0
github.com/IBM/fp-go/v2/function/gen.go:1504.315,1505.176 1 0
github.com/IBM/fp-go/v2/function/gen.go:1505.176,1507.3 1 0
github.com/IBM/fp-go/v2/function/gen.go:1511.112,1512.104 1 0
github.com/IBM/fp-go/v2/function/gen.go:1512.104,1514.3 1 0
github.com/IBM/fp-go/v2/function/gen.go:1520.657,1522.2 1 0
github.com/IBM/fp-go/v2/function/gen.go:1527.659,1528.25 1 0
github.com/IBM/fp-go/v2/function/gen.go:1528.25,1530.3 1 0
github.com/IBM/fp-go/v2/function/gen.go:1534.654,1535.20 1 0
github.com/IBM/fp-go/v2/function/gen.go:1535.20,1537.3 1 0
github.com/IBM/fp-go/v2/function/gen.go:1542.419,1543.273 1 0
github.com/IBM/fp-go/v2/function/gen.go:1543.273,1544.262 1 0
github.com/IBM/fp-go/v2/function/gen.go:1544.262,1545.251 1 0
github.com/IBM/fp-go/v2/function/gen.go:1545.251,1546.240 1 0
github.com/IBM/fp-go/v2/function/gen.go:1546.240,1547.229 1 0
github.com/IBM/fp-go/v2/function/gen.go:1547.229,1548.218 1 0
github.com/IBM/fp-go/v2/function/gen.go:1548.218,1549.207 1 0
github.com/IBM/fp-go/v2/function/gen.go:1549.207,1550.196 1 0
github.com/IBM/fp-go/v2/function/gen.go:1550.196,1551.185 1 0
github.com/IBM/fp-go/v2/function/gen.go:1551.185,1552.174 1 0
github.com/IBM/fp-go/v2/function/gen.go:1552.174,1553.163 1 0
github.com/IBM/fp-go/v2/function/gen.go:1553.163,1554.150 1 0
github.com/IBM/fp-go/v2/function/gen.go:1554.150,1555.137 1 0
github.com/IBM/fp-go/v2/function/gen.go:1555.137,1556.124 1 0
github.com/IBM/fp-go/v2/function/gen.go:1556.124,1557.111 1 0
github.com/IBM/fp-go/v2/function/gen.go:1557.111,1558.98 1 0
github.com/IBM/fp-go/v2/function/gen.go:1558.98,1559.85 1 0
github.com/IBM/fp-go/v2/function/gen.go:1559.85,1560.72 1 0
github.com/IBM/fp-go/v2/function/gen.go:1560.72,1561.59 1 0
github.com/IBM/fp-go/v2/function/gen.go:1561.59,1562.46 1 0
github.com/IBM/fp-go/v2/function/gen.go:1562.46,1564.22 1 0
github.com/IBM/fp-go/v2/function/gen.go:1588.421,1589.178 1 0
github.com/IBM/fp-go/v2/function/gen.go:1589.178,1591.3 1 0
github.com/IBM/fp-go/v2/function/gen.go:1595.328,1596.186 1 0
github.com/IBM/fp-go/v2/function/gen.go:1596.186,1598.3 1 0
github.com/IBM/fp-go/v2/function/gen.go:1602.330,1603.185 1 0
github.com/IBM/fp-go/v2/function/gen.go:1603.185,1605.3 1 0
github.com/IBM/fp-go/v2/function/gen.go:1609.115,1610.109 1 0
github.com/IBM/fp-go/v2/function/gen.go:1610.109,1612.3 1 0
github.com/IBM/fp-go/v2/function/ref.go:48.25,50.2 1 1
github.com/IBM/fp-go/v2/function/ref.go:83.27,85.2 1 1
github.com/IBM/fp-go/v2/function/switch.go:94.93,96.2 1 1
github.com/IBM/fp-go/v2/function/ternary.go:54.90,55.21 1 1
github.com/IBM/fp-go/v2/function/ternary.go:55.21,56.14 1 1
github.com/IBM/fp-go/v2/function/ternary.go:56.14,58.4 1 1
github.com/IBM/fp-go/v2/function/ternary.go:59.3,59.20 1 1
github.com/IBM/fp-go/v2/function/type.go:47.28,49.2 1 1
