mode: set
github.com/IBM/fp-go/v2/array/any.go:32.65,34.2 1 1
github.com/IBM/fp-go/v2/array/any.go:44.51,46.2 1 1
github.com/IBM/fp-go/v2/array/array.go:29.33,31.2 1 1
github.com/IBM/fp-go/v2/array/array.go:34.52,36.2 1 1
github.com/IBM/fp-go/v2/array/array.go:39.39,41.2 1 1
github.com/IBM/fp-go/v2/array/array.go:45.52,47.2 1 1
github.com/IBM/fp-go/v2/array/array.go:51.56,54.34 3 1
github.com/IBM/fp-go/v2/array/array.go:54.34,56.3 1 1
github.com/IBM/fp-go/v2/array/array.go:57.2,57.11 1 1
github.com/IBM/fp-go/v2/array/array.go:61.61,63.2 1 1
github.com/IBM/fp-go/v2/array/array.go:72.49,74.2 1 1
github.com/IBM/fp-go/v2/array/array.go:78.53,80.2 1 1
github.com/IBM/fp-go/v2/array/array.go:82.57,85.29 3 1
github.com/IBM/fp-go/v2/array/array.go:85.29,87.15 2 1
github.com/IBM/fp-go/v2/array/array.go:87.15,89.4 1 1
github.com/IBM/fp-go/v2/array/array.go:91.2,91.15 1 1
github.com/IBM/fp-go/v2/array/array.go:94.79,97.29 3 1
github.com/IBM/fp-go/v2/array/array.go:97.29,99.15 2 1
github.com/IBM/fp-go/v2/array/array.go:99.15,101.4 1 1
github.com/IBM/fp-go/v2/array/array.go:103.2,103.15 1 1
github.com/IBM/fp-go/v2/array/array.go:107.60,109.2 1 1
github.com/IBM/fp-go/v2/array/array.go:112.74,114.2 1 1
github.com/IBM/fp-go/v2/array/array.go:117.64,119.2 1 1
github.com/IBM/fp-go/v2/array/array.go:123.66,125.2 1 1
github.com/IBM/fp-go/v2/array/array.go:129.80,131.2 1 1
github.com/IBM/fp-go/v2/array/array.go:134.63,136.2 1 1
github.com/IBM/fp-go/v2/array/array.go:139.77,141.2 1 1
github.com/IBM/fp-go/v2/array/array.go:144.67,146.2 1 1
github.com/IBM/fp-go/v2/array/array.go:149.81,150.26 1 1
github.com/IBM/fp-go/v2/array/array.go:150.26,152.3 1 1
github.com/IBM/fp-go/v2/array/array.go:155.64,158.29 3 1
github.com/IBM/fp-go/v2/array/array.go:158.29,160.3 1 1
github.com/IBM/fp-go/v2/array/array.go:161.2,161.16 1 1
github.com/IBM/fp-go/v2/array/array.go:170.62,172.2 1 1
github.com/IBM/fp-go/v2/array/array.go:176.76,178.2 1 1
github.com/IBM/fp-go/v2/array/array.go:181.67,183.2 1 1
github.com/IBM/fp-go/v2/array/array.go:187.81,189.2 1 1
github.com/IBM/fp-go/v2/array/array.go:193.66,194.24 1 1
github.com/IBM/fp-go/v2/array/array.go:194.24,196.3 1 1
github.com/IBM/fp-go/v2/array/array.go:200.37,202.2 1 1
github.com/IBM/fp-go/v2/array/array.go:205.34,207.2 1 1
github.com/IBM/fp-go/v2/array/array.go:210.37,212.2 1 1
github.com/IBM/fp-go/v2/array/array.go:215.25,217.2 1 1
github.com/IBM/fp-go/v2/array/array.go:220.24,222.2 1 1
github.com/IBM/fp-go/v2/array/array.go:225.25,227.2 1 1
github.com/IBM/fp-go/v2/array/array.go:231.56,233.2 1 1
github.com/IBM/fp-go/v2/array/array.go:242.51,244.2 1 1
github.com/IBM/fp-go/v2/array/array.go:248.53,250.2 1 1
github.com/IBM/fp-go/v2/array/array.go:254.49,256.2 1 1
github.com/IBM/fp-go/v2/array/array.go:259.76,261.2 1 1
github.com/IBM/fp-go/v2/array/array.go:264.83,266.2 1 1
github.com/IBM/fp-go/v2/array/array.go:270.40,272.2 1 1
github.com/IBM/fp-go/v2/array/array.go:276.38,278.2 1 1
github.com/IBM/fp-go/v2/array/array.go:282.39,284.2 1 1
github.com/IBM/fp-go/v2/array/array.go:288.38,290.2 1 1
github.com/IBM/fp-go/v2/array/array.go:293.55,294.26 1 1
github.com/IBM/fp-go/v2/array/array.go:294.26,298.35 4 1
github.com/IBM/fp-go/v2/array/array.go:298.35,303.4 4 1
github.com/IBM/fp-go/v2/array/array.go:304.3,304.16 1 1
github.com/IBM/fp-go/v2/array/array.go:313.56,315.26 2 1
github.com/IBM/fp-go/v2/array/array.go:315.26,316.18 1 1
github.com/IBM/fp-go/v2/array/array.go:316.18,318.4 1 0
github.com/IBM/fp-go/v2/array/array.go:319.3,319.25 1 1
github.com/IBM/fp-go/v2/array/array.go:324.60,326.36 2 1
github.com/IBM/fp-go/v2/array/array.go:326.36,328.3 1 1
github.com/IBM/fp-go/v2/array/array.go:336.36,338.2 1 1
github.com/IBM/fp-go/v2/array/array.go:341.51,343.2 1 1
github.com/IBM/fp-go/v2/array/array.go:347.51,349.2 1 1
github.com/IBM/fp-go/v2/array/array.go:353.48,355.2 1 1
github.com/IBM/fp-go/v2/array/array.go:358.30,360.2 1 1
github.com/IBM/fp-go/v2/array/array.go:365.78,367.2 1 1
github.com/IBM/fp-go/v2/array/array.go:371.75,373.2 1 1
github.com/IBM/fp-go/v2/array/array.go:376.32,378.2 1 1
github.com/IBM/fp-go/v2/array/array.go:381.35,383.2 1 1
github.com/IBM/fp-go/v2/array/array.go:386.28,388.2 1 1
github.com/IBM/fp-go/v2/array/array.go:391.56,393.2 1 1
github.com/IBM/fp-go/v2/array/array.go:396.29,398.2 1 1
github.com/IBM/fp-go/v2/array/array.go:401.49,403.2 1 1
github.com/IBM/fp-go/v2/array/array.go:406.67,408.2 1 1
github.com/IBM/fp-go/v2/array/array.go:411.81,413.2 1 1
github.com/IBM/fp-go/v2/array/array.go:416.45,418.2 1 1
github.com/IBM/fp-go/v2/array/array.go:421.44,423.2 1 1
github.com/IBM/fp-go/v2/array/array.go:427.52,429.2 1 1
github.com/IBM/fp-go/v2/array/array.go:433.48,435.2 1 1
github.com/IBM/fp-go/v2/array/array.go:438.50,440.2 1 1
github.com/IBM/fp-go/v2/array/bind.go:34.7,36.2 1 1
github.com/IBM/fp-go/v2/array/bind.go:56.19,58.2 1 1
github.com/IBM/fp-go/v2/array/bind.go:76.19,78.2 1 1
github.com/IBM/fp-go/v2/array/bind.go:96.19,98.2 1 1
github.com/IBM/fp-go/v2/array/bind.go:113.18,115.2 1 1
github.com/IBM/fp-go/v2/array/bind.go:134.19,136.2 1 1
github.com/IBM/fp-go/v2/array/eq.go:22.66,23.29 1 1
github.com/IBM/fp-go/v2/array/eq.go:23.29,25.3 1 1
github.com/IBM/fp-go/v2/array/eq.go:26.2,26.26 1 1
github.com/IBM/fp-go/v2/array/eq.go:26.26,28.18 2 1
github.com/IBM/fp-go/v2/array/eq.go:28.18,30.4 1 1
github.com/IBM/fp-go/v2/array/eq.go:32.2,32.13 1 1
github.com/IBM/fp-go/v2/array/eq.go:46.37,48.49 2 1
github.com/IBM/fp-go/v2/array/eq.go:48.49,50.3 1 1
github.com/IBM/fp-go/v2/array/find.go:31.64,33.2 1 1
github.com/IBM/fp-go/v2/array/find.go:44.78,46.2 1 1
github.com/IBM/fp-go/v2/array/find.go:62.76,64.2 1 1
github.com/IBM/fp-go/v2/array/find.go:68.90,70.2 1 1
github.com/IBM/fp-go/v2/array/find.go:79.63,81.2 1 1
github.com/IBM/fp-go/v2/array/find.go:85.77,87.2 1 1
github.com/IBM/fp-go/v2/array/find.go:91.75,93.2 1 1
github.com/IBM/fp-go/v2/array/find.go:97.89,99.2 1 1
github.com/IBM/fp-go/v2/array/magma.go:36.50,38.2 1 1
github.com/IBM/fp-go/v2/array/monad.go:37.65,39.2 1 1
github.com/IBM/fp-go/v2/array/monoid.go:24.41,27.13 2 1
github.com/IBM/fp-go/v2/array/monoid.go:27.13,29.3 1 1
github.com/IBM/fp-go/v2/array/monoid.go:30.2,31.13 2 1
github.com/IBM/fp-go/v2/array/monoid.go:31.13,33.3 1 1
github.com/IBM/fp-go/v2/array/monoid.go:35.2,37.12 3 1
github.com/IBM/fp-go/v2/array/monoid.go:48.36,50.2 1 1
github.com/IBM/fp-go/v2/array/monoid.go:59.42,61.2 1 1
github.com/IBM/fp-go/v2/array/monoid.go:63.45,65.2 1 1
github.com/IBM/fp-go/v2/array/monoid.go:79.45,84.48 3 1
github.com/IBM/fp-go/v2/array/monoid.go:84.48,86.3 1 1
github.com/IBM/fp-go/v2/array/monoid.go:88.2,88.12 1 1
github.com/IBM/fp-go/v2/array/sequence.go:62.22,64.47 2 1
github.com/IBM/fp-go/v2/array/sequence.go:64.47,69.3 1 1
github.com/IBM/fp-go/v2/array/sequence.go:91.61,97.2 1 1
github.com/IBM/fp-go/v2/array/sort.go:33.49,35.2 1 1
github.com/IBM/fp-go/v2/array/sort.go:61.70,63.2 1 1
github.com/IBM/fp-go/v2/array/sort.go:90.53,92.2 1 1
github.com/IBM/fp-go/v2/array/traverse.go:60.34,62.2 1 1
github.com/IBM/fp-go/v2/array/traverse.go:75.24,78.2 1 1
github.com/IBM/fp-go/v2/array/uniq.go:18.43,20.2 1 1
github.com/IBM/fp-go/v2/array/uniq.go:45.62,47.2 1 1
github.com/IBM/fp-go/v2/array/zip.go:36.73,38.2 1 1
github.com/IBM/fp-go/v2/array/zip.go:54.55,56.2 1 1
github.com/IBM/fp-go/v2/array/zip.go:75.62,77.2 1 1
