mode: set
github.com/IBM/fp-go/v2/http/builder/builder.go:208.51,211.2 2 1
github.com/IBM/fp-go/v2/http/builder/builder.go:213.37,215.2 1 1
github.com/IBM/fp-go/v2/http/builder/builder.go:217.42,221.2 3 1
github.com/IBM/fp-go/v2/http/builder/builder.go:226.64,228.2 1 1
github.com/IBM/fp-go/v2/http/builder/builder.go:231.64,257.2 1 1
github.com/IBM/fp-go/v2/http/builder/builder.go:260.41,262.2 1 1
github.com/IBM/fp-go/v2/http/builder/builder.go:264.41,266.2 1 1
github.com/IBM/fp-go/v2/http/builder/builder.go:268.44,273.2 1 1
github.com/IBM/fp-go/v2/http/builder/builder.go:275.50,277.2 1 1
github.com/IBM/fp-go/v2/http/builder/builder.go:279.47,281.2 1 1
github.com/IBM/fp-go/v2/http/builder/builder.go:283.61,286.2 2 1
github.com/IBM/fp-go/v2/http/builder/builder.go:288.69,290.2 1 1
github.com/IBM/fp-go/v2/http/builder/builder.go:292.59,295.2 2 1
github.com/IBM/fp-go/v2/http/builder/builder.go:298.53,301.2 2 1
github.com/IBM/fp-go/v2/http/builder/builder.go:303.53,306.2 2 1
github.com/IBM/fp-go/v2/http/builder/builder.go:308.66,311.2 2 1
github.com/IBM/fp-go/v2/http/builder/builder.go:313.82,316.2 2 1
github.com/IBM/fp-go/v2/http/builder/builder.go:318.64,321.2 2 1
github.com/IBM/fp-go/v2/http/builder/builder.go:323.57,326.2 2 1
github.com/IBM/fp-go/v2/http/builder/builder.go:328.65,334.2 1 1
github.com/IBM/fp-go/v2/http/builder/builder.go:336.63,338.2 1 1
github.com/IBM/fp-go/v2/http/builder/builder.go:341.42,343.2 1 1
github.com/IBM/fp-go/v2/http/builder/builder.go:346.61,354.75 4 1
github.com/IBM/fp-go/v2/http/builder/builder.go:354.75,360.3 2 1
github.com/IBM/fp-go/v2/http/builder/builder.go:364.62,369.2 1 1
github.com/IBM/fp-go/v2/http/builder/builder.go:372.46,374.2 1 1
github.com/IBM/fp-go/v2/http/builder/builder.go:379.43,381.2 1 1
github.com/IBM/fp-go/v2/http/builder/builder.go:384.43,393.2 1 1
github.com/IBM/fp-go/v2/http/builder/builder.go:396.63,401.2 1 1
github.com/IBM/fp-go/v2/http/builder/builder.go:404.64,409.2 1 1
github.com/IBM/fp-go/v2/http/builder/builder.go:412.48,414.2 1 1
github.com/IBM/fp-go/v2/http/builder/builder.go:416.68,419.2 2 1
github.com/IBM/fp-go/v2/http/builder/builder.go:421.84,424.2 2 1
github.com/IBM/fp-go/v2/http/builder/builder.go:426.35,438.2 7 1
github.com/IBM/fp-go/v2/http/builder/builder.go:441.34,443.2 1 1
