mode: set
github.com/IBM/fp-go/v2/idiomatic/ioresult/ap.go:23.80,31.2 1 0
github.com/IBM/fp-go/v2/idiomatic/ioresult/ap.go:34.59,41.2 1 1
github.com/IBM/fp-go/v2/idiomatic/ioresult/ap.go:44.81,52.2 1 0
github.com/IBM/fp-go/v2/idiomatic/ioresult/ap.go:55.60,62.2 1 1
github.com/IBM/fp-go/v2/idiomatic/ioresult/bind.go:30.15,32.2 1 1
github.com/IBM/fp-go/v2/idiomatic/ioresult/bind.go:39.20,46.2 1 1
github.com/IBM/fp-go/v2/idiomatic/ioresult/bind.go:53.20,59.2 1 0
github.com/IBM/fp-go/v2/idiomatic/ioresult/bind.go:65.20,71.2 1 0
github.com/IBM/fp-go/v2/idiomatic/ioresult/bind.go:77.19,82.2 1 1
github.com/IBM/fp-go/v2/idiomatic/ioresult/bind.go:89.20,96.2 1 1
github.com/IBM/fp-go/v2/idiomatic/ioresult/bind.go:102.18,104.2 1 0
github.com/IBM/fp-go/v2/idiomatic/ioresult/bind.go:110.18,112.2 1 0
github.com/IBM/fp-go/v2/idiomatic/ioresult/bind.go:118.18,120.2 1 0
github.com/IBM/fp-go/v2/idiomatic/ioresult/bind.go:126.18,128.2 1 0
github.com/IBM/fp-go/v2/idiomatic/ioresult/bracket.go:26.15,27.27 1 0
github.com/IBM/fp-go/v2/idiomatic/ioresult/bracket.go:27.27,29.18 2 0
github.com/IBM/fp-go/v2/idiomatic/ioresult/bracket.go:29.18,31.4 1 0
github.com/IBM/fp-go/v2/idiomatic/ioresult/bracket.go:32.3,34.18 3 0
github.com/IBM/fp-go/v2/idiomatic/ioresult/bracket.go:34.18,36.4 1 0
github.com/IBM/fp-go/v2/idiomatic/ioresult/bracket.go:37.3,37.18 1 0
github.com/IBM/fp-go/v2/idiomatic/ioresult/bracket.go:37.18,39.4 1 0
github.com/IBM/fp-go/v2/idiomatic/ioresult/bracket.go:40.3,40.22 1 0
github.com/IBM/fp-go/v2/idiomatic/ioresult/eq.go:26.74,27.51 1 1
github.com/IBM/fp-go/v2/idiomatic/ioresult/eq.go:27.51,29.3 1 1
github.com/IBM/fp-go/v2/idiomatic/ioresult/eq.go:35.58,37.2 1 1
github.com/IBM/fp-go/v2/idiomatic/ioresult/gen.go:12.70,13.28 1 0
github.com/IBM/fp-go/v2/idiomatic/ioresult/gen.go:13.28,15.3 1 0
github.com/IBM/fp-go/v2/idiomatic/ioresult/gen.go:18.78,19.33 1 1
github.com/IBM/fp-go/v2/idiomatic/ioresult/gen.go:19.33,20.28 1 1
github.com/IBM/fp-go/v2/idiomatic/ioresult/gen.go:20.28,22.4 1 1
github.com/IBM/fp-go/v2/idiomatic/ioresult/gen.go:26.90,27.40 1 0
github.com/IBM/fp-go/v2/idiomatic/ioresult/gen.go:27.40,28.28 1 0
github.com/IBM/fp-go/v2/idiomatic/ioresult/gen.go:28.28,30.4 1 0
github.com/IBM/fp-go/v2/idiomatic/ioresult/gen.go:34.102,35.47 1 0
github.com/IBM/fp-go/v2/idiomatic/ioresult/gen.go:35.47,36.28 1 0
github.com/IBM/fp-go/v2/idiomatic/ioresult/gen.go:36.28,38.4 1 0
github.com/IBM/fp-go/v2/idiomatic/ioresult/gen.go:45.30,50.2 1 0
github.com/IBM/fp-go/v2/idiomatic/ioresult/gen.go:55.30,60.2 1 0
github.com/IBM/fp-go/v2/idiomatic/ioresult/gen.go:65.30,70.2 1 0
github.com/IBM/fp-go/v2/idiomatic/ioresult/gen.go:73.86,78.2 1 0
github.com/IBM/fp-go/v2/idiomatic/ioresult/gen.go:81.89,86.2 1 0
github.com/IBM/fp-go/v2/idiomatic/ioresult/gen.go:89.89,94.2 1 0
github.com/IBM/fp-go/v2/idiomatic/ioresult/gen.go:97.126,98.61 1 0
github.com/IBM/fp-go/v2/idiomatic/ioresult/gen.go:98.61,104.3 1 0
github.com/IBM/fp-go/v2/idiomatic/ioresult/gen.go:108.129,109.61 1 0
github.com/IBM/fp-go/v2/idiomatic/ioresult/gen.go:109.61,115.3 1 0
github.com/IBM/fp-go/v2/idiomatic/ioresult/gen.go:119.129,120.61 1 0
github.com/IBM/fp-go/v2/idiomatic/ioresult/gen.go:120.61,126.3 1 0
github.com/IBM/fp-go/v2/idiomatic/ioresult/gen.go:133.34,140.2 1 0
github.com/IBM/fp-go/v2/idiomatic/ioresult/gen.go:146.34,153.2 1 0
github.com/IBM/fp-go/v2/idiomatic/ioresult/gen.go:159.34,166.2 1 0
github.com/IBM/fp-go/v2/idiomatic/ioresult/gen.go:169.108,175.2 1 0
github.com/IBM/fp-go/v2/idiomatic/ioresult/gen.go:178.111,184.2 1 0
github.com/IBM/fp-go/v2/idiomatic/ioresult/gen.go:187.111,193.2 1 0
github.com/IBM/fp-go/v2/idiomatic/ioresult/gen.go:196.176,197.69 1 0
github.com/IBM/fp-go/v2/idiomatic/ioresult/gen.go:197.69,205.3 1 0
github.com/IBM/fp-go/v2/idiomatic/ioresult/gen.go:209.179,210.69 1 0
github.com/IBM/fp-go/v2/idiomatic/ioresult/gen.go:210.69,218.3 1 0
github.com/IBM/fp-go/v2/idiomatic/ioresult/gen.go:222.179,223.69 1 0
github.com/IBM/fp-go/v2/idiomatic/ioresult/gen.go:223.69,231.3 1 0
github.com/IBM/fp-go/v2/idiomatic/ioresult/gen.go:239.38,248.2 1 0
github.com/IBM/fp-go/v2/idiomatic/ioresult/gen.go:255.38,264.2 1 0
github.com/IBM/fp-go/v2/idiomatic/ioresult/gen.go:271.38,280.2 1 0
github.com/IBM/fp-go/v2/idiomatic/ioresult/gen.go:283.130,290.2 1 0
github.com/IBM/fp-go/v2/idiomatic/ioresult/gen.go:293.133,300.2 1 0
github.com/IBM/fp-go/v2/idiomatic/ioresult/gen.go:303.133,310.2 1 0
github.com/IBM/fp-go/v2/idiomatic/ioresult/gen.go:313.226,314.77 1 0
github.com/IBM/fp-go/v2/idiomatic/ioresult/gen.go:314.77,324.3 1 0
github.com/IBM/fp-go/v2/idiomatic/ioresult/gen.go:328.229,329.77 1 0
github.com/IBM/fp-go/v2/idiomatic/ioresult/gen.go:329.77,339.3 1 0
github.com/IBM/fp-go/v2/idiomatic/ioresult/gen.go:343.229,344.77 1 0
github.com/IBM/fp-go/v2/idiomatic/ioresult/gen.go:344.77,354.3 1 0
github.com/IBM/fp-go/v2/idiomatic/ioresult/gen.go:363.42,374.2 1 0
github.com/IBM/fp-go/v2/idiomatic/ioresult/gen.go:382.42,393.2 1 0
github.com/IBM/fp-go/v2/idiomatic/ioresult/gen.go:401.42,412.2 1 0
github.com/IBM/fp-go/v2/idiomatic/ioresult/gen.go:415.152,423.2 1 0
github.com/IBM/fp-go/v2/idiomatic/ioresult/gen.go:426.155,434.2 1 0
github.com/IBM/fp-go/v2/idiomatic/ioresult/gen.go:437.155,445.2 1 0
github.com/IBM/fp-go/v2/idiomatic/ioresult/gen.go:448.276,449.85 1 0
github.com/IBM/fp-go/v2/idiomatic/ioresult/gen.go:449.85,461.3 1 0
github.com/IBM/fp-go/v2/idiomatic/ioresult/gen.go:465.279,466.85 1 0
github.com/IBM/fp-go/v2/idiomatic/ioresult/gen.go:466.85,478.3 1 0
github.com/IBM/fp-go/v2/idiomatic/ioresult/gen.go:482.279,483.85 1 0
github.com/IBM/fp-go/v2/idiomatic/ioresult/gen.go:483.85,495.3 1 0
github.com/IBM/fp-go/v2/idiomatic/ioresult/gen.go:505.46,518.2 1 0
github.com/IBM/fp-go/v2/idiomatic/ioresult/gen.go:527.46,540.2 1 0
github.com/IBM/fp-go/v2/idiomatic/ioresult/gen.go:549.46,562.2 1 0
github.com/IBM/fp-go/v2/idiomatic/ioresult/gen.go:565.174,574.2 1 0
github.com/IBM/fp-go/v2/idiomatic/ioresult/gen.go:577.177,586.2 1 0
github.com/IBM/fp-go/v2/idiomatic/ioresult/gen.go:589.177,598.2 1 0
github.com/IBM/fp-go/v2/idiomatic/ioresult/gen.go:601.326,602.93 1 0
github.com/IBM/fp-go/v2/idiomatic/ioresult/gen.go:602.93,616.3 1 0
github.com/IBM/fp-go/v2/idiomatic/ioresult/gen.go:620.329,621.93 1 0
github.com/IBM/fp-go/v2/idiomatic/ioresult/gen.go:621.93,635.3 1 0
github.com/IBM/fp-go/v2/idiomatic/ioresult/gen.go:639.329,640.93 1 0
github.com/IBM/fp-go/v2/idiomatic/ioresult/gen.go:640.93,654.3 1 0
github.com/IBM/fp-go/v2/idiomatic/ioresult/gen.go:665.50,680.2 1 0
github.com/IBM/fp-go/v2/idiomatic/ioresult/gen.go:690.50,705.2 1 0
github.com/IBM/fp-go/v2/idiomatic/ioresult/gen.go:715.50,730.2 1 0
github.com/IBM/fp-go/v2/idiomatic/ioresult/gen.go:733.196,743.2 1 0
github.com/IBM/fp-go/v2/idiomatic/ioresult/gen.go:746.199,756.2 1 0
github.com/IBM/fp-go/v2/idiomatic/ioresult/gen.go:759.199,769.2 1 0
github.com/IBM/fp-go/v2/idiomatic/ioresult/gen.go:772.376,773.101 1 0
github.com/IBM/fp-go/v2/idiomatic/ioresult/gen.go:773.101,789.3 1 0
github.com/IBM/fp-go/v2/idiomatic/ioresult/gen.go:793.379,794.101 1 0
github.com/IBM/fp-go/v2/idiomatic/ioresult/gen.go:794.101,810.3 1 0
github.com/IBM/fp-go/v2/idiomatic/ioresult/gen.go:814.379,815.101 1 0
github.com/IBM/fp-go/v2/idiomatic/ioresult/gen.go:815.101,831.3 1 0
github.com/IBM/fp-go/v2/idiomatic/ioresult/gen.go:843.54,860.2 1 0
github.com/IBM/fp-go/v2/idiomatic/ioresult/gen.go:871.54,888.2 1 0
github.com/IBM/fp-go/v2/idiomatic/ioresult/gen.go:899.54,916.2 1 0
github.com/IBM/fp-go/v2/idiomatic/ioresult/gen.go:919.218,930.2 1 0
github.com/IBM/fp-go/v2/idiomatic/ioresult/gen.go:933.221,944.2 1 0
github.com/IBM/fp-go/v2/idiomatic/ioresult/gen.go:947.221,958.2 1 0
github.com/IBM/fp-go/v2/idiomatic/ioresult/gen.go:961.426,962.109 1 0
github.com/IBM/fp-go/v2/idiomatic/ioresult/gen.go:962.109,980.3 1 0
github.com/IBM/fp-go/v2/idiomatic/ioresult/gen.go:984.429,985.109 1 0
github.com/IBM/fp-go/v2/idiomatic/ioresult/gen.go:985.109,1003.3 1 0
github.com/IBM/fp-go/v2/idiomatic/ioresult/gen.go:1007.429,1008.109 1 0
github.com/IBM/fp-go/v2/idiomatic/ioresult/gen.go:1008.109,1026.3 1 0
github.com/IBM/fp-go/v2/idiomatic/ioresult/gen.go:1039.58,1058.2 1 0
github.com/IBM/fp-go/v2/idiomatic/ioresult/gen.go:1070.58,1089.2 1 0
github.com/IBM/fp-go/v2/idiomatic/ioresult/gen.go:1101.58,1120.2 1 0
github.com/IBM/fp-go/v2/idiomatic/ioresult/gen.go:1123.240,1135.2 1 0
github.com/IBM/fp-go/v2/idiomatic/ioresult/gen.go:1138.243,1150.2 1 0
github.com/IBM/fp-go/v2/idiomatic/ioresult/gen.go:1153.243,1165.2 1 0
github.com/IBM/fp-go/v2/idiomatic/ioresult/gen.go:1168.476,1169.117 1 0
github.com/IBM/fp-go/v2/idiomatic/ioresult/gen.go:1169.117,1189.3 1 0
github.com/IBM/fp-go/v2/idiomatic/ioresult/gen.go:1193.479,1194.117 1 0
github.com/IBM/fp-go/v2/idiomatic/ioresult/gen.go:1194.117,1214.3 1 0
github.com/IBM/fp-go/v2/idiomatic/ioresult/gen.go:1218.479,1219.117 1 0
github.com/IBM/fp-go/v2/idiomatic/ioresult/gen.go:1219.117,1239.3 1 0
github.com/IBM/fp-go/v2/idiomatic/ioresult/gen.go:1253.62,1274.2 1 0
github.com/IBM/fp-go/v2/idiomatic/ioresult/gen.go:1287.62,1308.2 1 0
github.com/IBM/fp-go/v2/idiomatic/ioresult/gen.go:1321.62,1342.2 1 0
github.com/IBM/fp-go/v2/idiomatic/ioresult/gen.go:1345.262,1358.2 1 0
github.com/IBM/fp-go/v2/idiomatic/ioresult/gen.go:1361.265,1374.2 1 0
github.com/IBM/fp-go/v2/idiomatic/ioresult/gen.go:1377.265,1390.2 1 0
github.com/IBM/fp-go/v2/idiomatic/ioresult/gen.go:1393.526,1394.125 1 0
github.com/IBM/fp-go/v2/idiomatic/ioresult/gen.go:1394.125,1416.3 1 0
github.com/IBM/fp-go/v2/idiomatic/ioresult/gen.go:1420.529,1421.125 1 0
github.com/IBM/fp-go/v2/idiomatic/ioresult/gen.go:1421.125,1443.3 1 0
github.com/IBM/fp-go/v2/idiomatic/ioresult/gen.go:1447.529,1448.125 1 0
github.com/IBM/fp-go/v2/idiomatic/ioresult/gen.go:1448.125,1470.3 1 0
github.com/IBM/fp-go/v2/idiomatic/ioresult/gen.go:1485.68,1508.2 1 0
github.com/IBM/fp-go/v2/idiomatic/ioresult/gen.go:1522.68,1545.2 1 0
github.com/IBM/fp-go/v2/idiomatic/ioresult/gen.go:1559.68,1582.2 1 0
github.com/IBM/fp-go/v2/idiomatic/ioresult/gen.go:1585.290,1599.2 1 0
github.com/IBM/fp-go/v2/idiomatic/ioresult/gen.go:1602.293,1616.2 1 0
github.com/IBM/fp-go/v2/idiomatic/ioresult/gen.go:1619.293,1633.2 1 0
github.com/IBM/fp-go/v2/idiomatic/ioresult/gen.go:1636.588,1637.137 1 0
github.com/IBM/fp-go/v2/idiomatic/ioresult/gen.go:1637.137,1661.3 1 0
github.com/IBM/fp-go/v2/idiomatic/ioresult/gen.go:1665.591,1666.137 1 0
github.com/IBM/fp-go/v2/idiomatic/ioresult/gen.go:1666.137,1690.3 1 0
github.com/IBM/fp-go/v2/idiomatic/ioresult/gen.go:1694.591,1695.137 1 0
github.com/IBM/fp-go/v2/idiomatic/ioresult/gen.go:1695.137,1719.3 1 0
github.com/IBM/fp-go/v2/idiomatic/ioresult/ioeither.go:32.39,33.27 1 1
github.com/IBM/fp-go/v2/idiomatic/ioresult/ioeither.go:33.27,35.3 1 1
github.com/IBM/fp-go/v2/idiomatic/ioresult/ioeither.go:40.36,41.27 1 1
github.com/IBM/fp-go/v2/idiomatic/ioresult/ioeither.go:41.27,43.3 1 1
github.com/IBM/fp-go/v2/idiomatic/ioresult/ioeither.go:47.33,49.2 1 1
github.com/IBM/fp-go/v2/idiomatic/ioresult/ioeither.go:52.38,54.2 1 1
github.com/IBM/fp-go/v2/idiomatic/ioresult/ioeither.go:58.46,59.31 1 0
github.com/IBM/fp-go/v2/idiomatic/ioresult/ioeither.go:59.31,62.3 2 0
github.com/IBM/fp-go/v2/idiomatic/ioresult/ioeither.go:67.43,68.27 1 1
github.com/IBM/fp-go/v2/idiomatic/ioresult/ioeither.go:68.27,70.3 1 1
github.com/IBM/fp-go/v2/idiomatic/ioresult/ioeither.go:75.49,76.27 1 1
github.com/IBM/fp-go/v2/idiomatic/ioresult/ioeither.go:76.27,78.3 1 1
github.com/IBM/fp-go/v2/idiomatic/ioresult/ioeither.go:83.52,84.27 1 0
github.com/IBM/fp-go/v2/idiomatic/ioresult/ioeither.go:84.27,86.3 1 0
github.com/IBM/fp-go/v2/idiomatic/ioresult/ioeither.go:92.70,93.40 1 1
github.com/IBM/fp-go/v2/idiomatic/ioresult/ioeither.go:93.40,94.28 1 1
github.com/IBM/fp-go/v2/idiomatic/ioresult/ioeither.go:94.28,95.10 1 1
github.com/IBM/fp-go/v2/idiomatic/ioresult/ioeither.go:95.10,97.5 1 1
github.com/IBM/fp-go/v2/idiomatic/ioresult/ioeither.go:98.4,98.35 1 1
github.com/IBM/fp-go/v2/idiomatic/ioresult/ioeither.go:105.88,106.50 1 1
github.com/IBM/fp-go/v2/idiomatic/ioresult/ioeither.go:106.50,107.42 1 1
github.com/IBM/fp-go/v2/idiomatic/ioresult/ioeither.go:107.42,108.29 1 1
github.com/IBM/fp-go/v2/idiomatic/ioresult/ioeither.go:108.29,110.19 2 1
github.com/IBM/fp-go/v2/idiomatic/ioresult/ioeither.go:110.19,112.6 1 1
github.com/IBM/fp-go/v2/idiomatic/ioresult/ioeither.go:113.5,114.11 2 1
github.com/IBM/fp-go/v2/idiomatic/ioresult/ioeither.go:114.11,116.6 1 1
github.com/IBM/fp-go/v2/idiomatic/ioresult/ioeither.go:117.5,117.36 1 1
github.com/IBM/fp-go/v2/idiomatic/ioresult/ioeither.go:125.78,126.27 1 1
github.com/IBM/fp-go/v2/idiomatic/ioresult/ioeither.go:126.27,128.17 2 1
github.com/IBM/fp-go/v2/idiomatic/ioresult/ioeither.go:128.17,130.4 1 1
github.com/IBM/fp-go/v2/idiomatic/ioresult/ioeither.go:131.3,131.27 1 1
github.com/IBM/fp-go/v2/idiomatic/ioresult/ioeither.go:136.60,138.2 1 1
github.com/IBM/fp-go/v2/idiomatic/ioresult/ioeither.go:141.61,143.2 1 0
github.com/IBM/fp-go/v2/idiomatic/ioresult/ioeither.go:146.42,148.2 1 1
github.com/IBM/fp-go/v2/idiomatic/ioresult/ioeither.go:151.46,153.2 1 0
github.com/IBM/fp-go/v2/idiomatic/ioresult/ioeither.go:157.66,158.27 1 1
github.com/IBM/fp-go/v2/idiomatic/ioresult/ioeither.go:158.27,160.17 2 1
github.com/IBM/fp-go/v2/idiomatic/ioresult/ioeither.go:160.17,162.4 1 1
github.com/IBM/fp-go/v2/idiomatic/ioresult/ioeither.go:163.3,163.25 1 1
github.com/IBM/fp-go/v2/idiomatic/ioresult/ioeither.go:169.48,171.2 1 1
github.com/IBM/fp-go/v2/idiomatic/ioresult/ioeither.go:174.60,176.2 1 0
github.com/IBM/fp-go/v2/idiomatic/ioresult/ioeither.go:179.42,181.2 1 0
github.com/IBM/fp-go/v2/idiomatic/ioresult/ioeither.go:185.72,186.27 1 1
github.com/IBM/fp-go/v2/idiomatic/ioresult/ioeither.go:186.27,188.17 2 1
github.com/IBM/fp-go/v2/idiomatic/ioresult/ioeither.go:188.17,190.4 1 0
github.com/IBM/fp-go/v2/idiomatic/ioresult/ioeither.go:191.3,191.16 1 1
github.com/IBM/fp-go/v2/idiomatic/ioresult/ioeither.go:198.54,200.2 1 1
github.com/IBM/fp-go/v2/idiomatic/ioresult/ioeither.go:204.93,205.27 1 0
github.com/IBM/fp-go/v2/idiomatic/ioresult/ioeither.go:205.27,207.17 2 0
github.com/IBM/fp-go/v2/idiomatic/ioresult/ioeither.go:207.17,209.4 1 0
github.com/IBM/fp-go/v2/idiomatic/ioresult/ioeither.go:210.3,210.29 1 0
github.com/IBM/fp-go/v2/idiomatic/ioresult/ioeither.go:215.75,217.2 1 0
github.com/IBM/fp-go/v2/idiomatic/ioresult/ioeither.go:221.86,222.27 1 1
github.com/IBM/fp-go/v2/idiomatic/ioresult/ioeither.go:222.27,224.17 2 1
github.com/IBM/fp-go/v2/idiomatic/ioresult/ioeither.go:224.17,226.4 1 1
github.com/IBM/fp-go/v2/idiomatic/ioresult/ioeither.go:227.3,227.14 1 1
github.com/IBM/fp-go/v2/idiomatic/ioresult/ioeither.go:232.68,234.2 1 1
github.com/IBM/fp-go/v2/idiomatic/ioresult/ioeither.go:237.77,239.2 1 1
github.com/IBM/fp-go/v2/idiomatic/ioresult/ioeither.go:242.58,244.2 1 1
github.com/IBM/fp-go/v2/idiomatic/ioresult/ioeither.go:248.80,249.27 1 1
github.com/IBM/fp-go/v2/idiomatic/ioresult/ioeither.go:249.27,256.13 5 1
github.com/IBM/fp-go/v2/idiomatic/ioresult/ioeither.go:256.13,259.4 2 1
github.com/IBM/fp-go/v2/idiomatic/ioresult/ioeither.go:261.3,264.20 3 1
github.com/IBM/fp-go/v2/idiomatic/ioresult/ioeither.go:264.20,266.4 1 1
github.com/IBM/fp-go/v2/idiomatic/ioresult/ioeither.go:267.3,267.19 1 1
github.com/IBM/fp-go/v2/idiomatic/ioresult/ioeither.go:267.19,269.4 1 1
github.com/IBM/fp-go/v2/idiomatic/ioresult/ioeither.go:271.3,271.28 1 1
github.com/IBM/fp-go/v2/idiomatic/ioresult/ioeither.go:276.61,278.2 1 1
github.com/IBM/fp-go/v2/idiomatic/ioresult/ioeither.go:282.80,283.27 1 1
github.com/IBM/fp-go/v2/idiomatic/ioresult/ioeither.go:283.27,285.17 2 1
github.com/IBM/fp-go/v2/idiomatic/ioresult/ioeither.go:285.17,287.4 1 0
github.com/IBM/fp-go/v2/idiomatic/ioresult/ioeither.go:289.3,290.17 2 1
github.com/IBM/fp-go/v2/idiomatic/ioresult/ioeither.go:290.17,292.4 1 0
github.com/IBM/fp-go/v2/idiomatic/ioresult/ioeither.go:294.3,294.28 1 1
github.com/IBM/fp-go/v2/idiomatic/ioresult/ioeither.go:299.76,301.2 1 1
github.com/IBM/fp-go/v2/idiomatic/ioresult/ioeither.go:304.60,306.2 1 0
github.com/IBM/fp-go/v2/idiomatic/ioresult/ioeither.go:310.49,316.16 4 0
github.com/IBM/fp-go/v2/idiomatic/ioresult/ioeither.go:316.16,318.3 1 0
github.com/IBM/fp-go/v2/idiomatic/ioresult/ioeither.go:320.2,320.27 1 0
github.com/IBM/fp-go/v2/idiomatic/ioresult/ioeither.go:320.27,323.3 2 0
github.com/IBM/fp-go/v2/idiomatic/ioresult/ioeither.go:328.77,329.27 1 0
github.com/IBM/fp-go/v2/idiomatic/ioresult/ioeither.go:329.27,331.17 2 0
github.com/IBM/fp-go/v2/idiomatic/ioresult/ioeither.go:331.17,333.4 1 0
github.com/IBM/fp-go/v2/idiomatic/ioresult/ioeither.go:334.3,334.22 1 0
github.com/IBM/fp-go/v2/idiomatic/ioresult/ioeither.go:339.59,341.2 1 0
github.com/IBM/fp-go/v2/idiomatic/ioresult/ioeither.go:344.91,345.27 1 0
github.com/IBM/fp-go/v2/idiomatic/ioresult/ioeither.go:345.27,347.17 2 0
github.com/IBM/fp-go/v2/idiomatic/ioresult/ioeither.go:347.17,349.4 1 0
github.com/IBM/fp-go/v2/idiomatic/ioresult/ioeither.go:350.3,350.25 1 0
github.com/IBM/fp-go/v2/idiomatic/ioresult/ioeither.go:355.73,357.2 1 0
github.com/IBM/fp-go/v2/idiomatic/ioresult/ioeither.go:360.97,362.2 1 0
github.com/IBM/fp-go/v2/idiomatic/ioresult/ioeither.go:366.73,367.36 1 1
github.com/IBM/fp-go/v2/idiomatic/ioresult/ioeither.go:367.36,368.19 1 1
github.com/IBM/fp-go/v2/idiomatic/ioresult/ioeither.go:368.19,370.18 2 1
github.com/IBM/fp-go/v2/idiomatic/ioresult/ioeither.go:370.18,372.5 1 0
github.com/IBM/fp-go/v2/idiomatic/ioresult/ioeither.go:373.4,373.12 1 1
github.com/IBM/fp-go/v2/idiomatic/ioresult/ioeither.go:379.73,381.2 1 0
github.com/IBM/fp-go/v2/idiomatic/ioresult/ioeither.go:384.55,386.2 1 0
github.com/IBM/fp-go/v2/idiomatic/ioresult/ioeither.go:390.77,391.27 1 1
github.com/IBM/fp-go/v2/idiomatic/ioresult/ioeither.go:391.27,393.17 2 1
github.com/IBM/fp-go/v2/idiomatic/ioresult/ioeither.go:393.17,395.4 1 0
github.com/IBM/fp-go/v2/idiomatic/ioresult/ioeither.go:396.3,397.17 2 1
github.com/IBM/fp-go/v2/idiomatic/ioresult/ioeither.go:397.17,399.4 1 1
github.com/IBM/fp-go/v2/idiomatic/ioresult/ioeither.go:400.3,400.22 1 1
github.com/IBM/fp-go/v2/idiomatic/ioresult/ioeither.go:405.70,407.2 1 0
github.com/IBM/fp-go/v2/idiomatic/ioresult/ioeither.go:410.59,412.2 1 1
github.com/IBM/fp-go/v2/idiomatic/ioresult/ioeither.go:415.52,417.2 1 0
github.com/IBM/fp-go/v2/idiomatic/ioresult/ioeither.go:419.98,420.27 1 0
github.com/IBM/fp-go/v2/idiomatic/ioresult/ioeither.go:420.27,422.17 2 0
github.com/IBM/fp-go/v2/idiomatic/ioresult/ioeither.go:422.17,424.4 1 0
github.com/IBM/fp-go/v2/idiomatic/ioresult/ioeither.go:425.3,426.17 2 0
github.com/IBM/fp-go/v2/idiomatic/ioresult/ioeither.go:426.17,428.4 1 0
github.com/IBM/fp-go/v2/idiomatic/ioresult/ioeither.go:429.3,429.22 1 0
github.com/IBM/fp-go/v2/idiomatic/ioresult/ioeither.go:434.80,436.2 1 0
github.com/IBM/fp-go/v2/idiomatic/ioresult/ioeither.go:438.91,439.27 1 0
github.com/IBM/fp-go/v2/idiomatic/ioresult/ioeither.go:439.27,441.17 2 0
github.com/IBM/fp-go/v2/idiomatic/ioresult/ioeither.go:441.17,443.4 1 0
github.com/IBM/fp-go/v2/idiomatic/ioresult/ioeither.go:444.3,445.17 2 0
github.com/IBM/fp-go/v2/idiomatic/ioresult/ioeither.go:445.17,447.4 1 0
github.com/IBM/fp-go/v2/idiomatic/ioresult/ioeither.go:448.3,448.22 1 0
github.com/IBM/fp-go/v2/idiomatic/ioresult/ioeither.go:453.73,455.2 1 0
github.com/IBM/fp-go/v2/idiomatic/ioresult/ioeither.go:458.83,459.27 1 1
github.com/IBM/fp-go/v2/idiomatic/ioresult/ioeither.go:459.27,461.17 2 1
github.com/IBM/fp-go/v2/idiomatic/ioresult/ioeither.go:461.17,463.4 1 0
github.com/IBM/fp-go/v2/idiomatic/ioresult/ioeither.go:464.3,465.22 2 1
github.com/IBM/fp-go/v2/idiomatic/ioresult/ioeither.go:470.65,472.2 1 1
github.com/IBM/fp-go/v2/idiomatic/ioresult/ioeither.go:475.91,477.2 1 0
github.com/IBM/fp-go/v2/idiomatic/ioresult/ioeither.go:480.73,482.2 1 0
github.com/IBM/fp-go/v2/idiomatic/ioresult/ioeither.go:485.84,487.2 1 0
github.com/IBM/fp-go/v2/idiomatic/ioresult/ioeither.go:490.66,492.2 1 0
github.com/IBM/fp-go/v2/idiomatic/ioresult/ioeither.go:495.76,497.2 1 0
github.com/IBM/fp-go/v2/idiomatic/ioresult/ioeither.go:500.58,502.2 1 0
github.com/IBM/fp-go/v2/idiomatic/ioresult/ioeither.go:506.100,507.18 1 0
github.com/IBM/fp-go/v2/idiomatic/ioresult/ioeither.go:507.18,509.17 2 0
github.com/IBM/fp-go/v2/idiomatic/ioresult/ioeither.go:509.17,511.4 1 0
github.com/IBM/fp-go/v2/idiomatic/ioresult/ioeither.go:512.3,512.22 1 0
github.com/IBM/fp-go/v2/idiomatic/ioresult/ioeither.go:523.29,524.43 1 0
github.com/IBM/fp-go/v2/idiomatic/ioresult/ioeither.go:524.43,525.28 1 0
github.com/IBM/fp-go/v2/idiomatic/ioresult/ioeither.go:525.28,527.19 2 0
github.com/IBM/fp-go/v2/idiomatic/ioresult/ioeither.go:527.19,529.5 1 0
github.com/IBM/fp-go/v2/idiomatic/ioresult/ioeither.go:530.4,532.19 3 0
github.com/IBM/fp-go/v2/idiomatic/ioresult/ioeither.go:532.19,534.5 1 0
github.com/IBM/fp-go/v2/idiomatic/ioresult/ioeither.go:535.4,535.19 1 0
github.com/IBM/fp-go/v2/idiomatic/ioresult/ioeither.go:535.19,537.5 1 0
github.com/IBM/fp-go/v2/idiomatic/ioresult/ioeither.go:538.4,538.23 1 0
github.com/IBM/fp-go/v2/idiomatic/ioresult/ioeither.go:545.41,546.29 1 0
github.com/IBM/fp-go/v2/idiomatic/ioresult/ioeither.go:546.29,549.3 2 0
github.com/IBM/fp-go/v2/idiomatic/ioresult/ioeither.go:554.54,555.27 1 0
github.com/IBM/fp-go/v2/idiomatic/ioresult/ioeither.go:555.27,557.3 1 0
github.com/IBM/fp-go/v2/idiomatic/ioresult/ioeither.go:562.79,563.27 1 0
github.com/IBM/fp-go/v2/idiomatic/ioresult/ioeither.go:563.27,565.17 2 0
github.com/IBM/fp-go/v2/idiomatic/ioresult/ioeither.go:565.17,567.4 1 0
github.com/IBM/fp-go/v2/idiomatic/ioresult/ioeither.go:568.3,568.22 1 0
github.com/IBM/fp-go/v2/idiomatic/ioresult/ioeither.go:573.58,575.2 1 0
github.com/IBM/fp-go/v2/idiomatic/ioresult/ioeither.go:578.68,580.2 1 0
github.com/IBM/fp-go/v2/idiomatic/ioresult/ioeither.go:583.49,585.2 1 0
github.com/IBM/fp-go/v2/idiomatic/ioresult/ioeither.go:590.55,591.42 1 0
github.com/IBM/fp-go/v2/idiomatic/ioresult/ioeither.go:591.42,592.28 1 0
github.com/IBM/fp-go/v2/idiomatic/ioresult/ioeither.go:592.28,595.4 2 0
github.com/IBM/fp-go/v2/idiomatic/ioresult/ioeither.go:602.55,603.42 1 0
github.com/IBM/fp-go/v2/idiomatic/ioresult/ioeither.go:603.42,604.28 1 0
github.com/IBM/fp-go/v2/idiomatic/ioresult/ioeither.go:604.28,607.33 2 0
github.com/IBM/fp-go/v2/idiomatic/ioresult/ioeither.go:607.33,609.5 1 0
github.com/IBM/fp-go/v2/idiomatic/ioresult/ioeither.go:610.4,610.15 1 0
github.com/IBM/fp-go/v2/idiomatic/ioresult/ioeither.go:617.77,618.27 1 1
github.com/IBM/fp-go/v2/idiomatic/ioresult/ioeither.go:618.27,620.17 2 1
github.com/IBM/fp-go/v2/idiomatic/ioresult/ioeither.go:620.17,622.4 1 1
github.com/IBM/fp-go/v2/idiomatic/ioresult/ioeither.go:623.3,623.22 1 1
github.com/IBM/fp-go/v2/idiomatic/ioresult/ioeither.go:628.59,630.2 1 1
github.com/IBM/fp-go/v2/idiomatic/ioresult/ioeither.go:634.85,635.27 1 1
github.com/IBM/fp-go/v2/idiomatic/ioresult/ioeither.go:635.27,637.17 2 1
github.com/IBM/fp-go/v2/idiomatic/ioresult/ioeither.go:637.17,640.4 2 1
github.com/IBM/fp-go/v2/idiomatic/ioresult/ioeither.go:641.3,641.22 1 1
github.com/IBM/fp-go/v2/idiomatic/ioresult/ioeither.go:646.78,648.2 1 0
github.com/IBM/fp-go/v2/idiomatic/ioresult/ioeither.go:650.67,652.2 1 1
github.com/IBM/fp-go/v2/idiomatic/ioresult/ioeither.go:655.60,657.2 1 0
github.com/IBM/fp-go/v2/idiomatic/ioresult/logging.go:27.52,28.33 1 1
github.com/IBM/fp-go/v2/idiomatic/ioresult/logging.go:28.33,32.30 2 1
github.com/IBM/fp-go/v2/idiomatic/ioresult/logging.go:32.30,33.22 1 1
github.com/IBM/fp-go/v2/idiomatic/ioresult/logging.go:33.22,35.5 1 0
github.com/IBM/fp-go/v2/idiomatic/ioresult/logging.go:36.4,37.28 2 1
github.com/IBM/fp-go/v2/idiomatic/ioresult/monad.go:33.50,35.2 1 1
github.com/IBM/fp-go/v2/idiomatic/ioresult/monad.go:38.51,40.2 1 0
github.com/IBM/fp-go/v2/idiomatic/ioresult/monad.go:43.63,45.2 1 0
github.com/IBM/fp-go/v2/idiomatic/ioresult/monad.go:48.69,50.2 1 0
github.com/IBM/fp-go/v2/idiomatic/ioresult/monad.go:53.73,55.2 1 0
github.com/IBM/fp-go/v2/idiomatic/ioresult/monad.go:58.65,60.2 1 1
github.com/IBM/fp-go/v2/idiomatic/ioresult/monad.go:65.55,67.2 1 1
github.com/IBM/fp-go/v2/idiomatic/ioresult/monad.go:72.74,74.2 1 1
github.com/IBM/fp-go/v2/idiomatic/ioresult/monad.go:79.89,81.2 1 0
github.com/IBM/fp-go/v2/idiomatic/ioresult/monoid.go:31.13,38.2 1 1
github.com/IBM/fp-go/v2/idiomatic/ioresult/monoid.go:45.13,52.2 1 0
github.com/IBM/fp-go/v2/idiomatic/ioresult/monoid.go:59.13,66.2 1 0
github.com/IBM/fp-go/v2/idiomatic/ioresult/retry.go:31.15,32.73 1 1
github.com/IBM/fp-go/v2/idiomatic/ioresult/retry.go:32.73,33.27 1 1
github.com/IBM/fp-go/v2/idiomatic/ioresult/retry.go:33.27,35.4 1 1
github.com/IBM/fp-go/v2/idiomatic/ioresult/retry.go:37.26,39.4 1 1
github.com/IBM/fp-go/v2/idiomatic/ioresult/retry.go:40.2,40.27 1 1
github.com/IBM/fp-go/v2/idiomatic/ioresult/retry.go:40.27,42.3 1 1
github.com/IBM/fp-go/v2/idiomatic/ioresult/semigroup.go:29.41,33.2 1 0
github.com/IBM/fp-go/v2/idiomatic/ioresult/sync.go:25.66,26.42 1 0
github.com/IBM/fp-go/v2/idiomatic/ioresult/sync.go:26.42,27.28 1 0
github.com/IBM/fp-go/v2/idiomatic/ioresult/sync.go:27.28,30.4 2 0
github.com/IBM/fp-go/v2/idiomatic/ioresult/traverse.go:27.65,35.2 1 1
github.com/IBM/fp-go/v2/idiomatic/ioresult/traverse.go:40.85,48.2 1 1
github.com/IBM/fp-go/v2/idiomatic/ioresult/traverse.go:53.59,55.2 1 1
github.com/IBM/fp-go/v2/idiomatic/ioresult/traverse.go:60.88,68.2 1 0
github.com/IBM/fp-go/v2/idiomatic/ioresult/traverse.go:73.106,81.2 1 0
github.com/IBM/fp-go/v2/idiomatic/ioresult/traverse.go:86.82,88.2 1 0
github.com/IBM/fp-go/v2/idiomatic/ioresult/traverse.go:93.68,101.2 1 1
github.com/IBM/fp-go/v2/idiomatic/ioresult/traverse.go:105.88,113.2 1 0
github.com/IBM/fp-go/v2/idiomatic/ioresult/traverse.go:117.62,119.2 1 0
github.com/IBM/fp-go/v2/idiomatic/ioresult/traverse.go:123.91,131.2 1 0
github.com/IBM/fp-go/v2/idiomatic/ioresult/traverse.go:135.109,143.2 1 0
github.com/IBM/fp-go/v2/idiomatic/ioresult/traverse.go:147.85,149.2 1 0
github.com/IBM/fp-go/v2/idiomatic/ioresult/traverse.go:154.68,162.2 1 0
github.com/IBM/fp-go/v2/idiomatic/ioresult/traverse.go:166.88,174.2 1 0
github.com/IBM/fp-go/v2/idiomatic/ioresult/traverse.go:178.62,180.2 1 0
github.com/IBM/fp-go/v2/idiomatic/ioresult/traverse.go:184.91,192.2 1 0
github.com/IBM/fp-go/v2/idiomatic/ioresult/traverse.go:196.109,204.2 1 0
github.com/IBM/fp-go/v2/idiomatic/ioresult/traverse.go:208.85,210.2 1 0
